ARM GAS  C:\Users\Kristian\AppData\Local\Temp\ccCgjG3r.s 			page 1


   1              		.syntax unified
   2              		.cpu cortex-m3
   3              		.fpu softvfp
   4              		.eabi_attribute 20, 1
   5              		.eabi_attribute 21, 1
   6              		.eabi_attribute 23, 3
   7              		.eabi_attribute 24, 1
   8              		.eabi_attribute 25, 1
   9              		.eabi_attribute 26, 1
  10              		.eabi_attribute 30, 1
  11              		.eabi_attribute 34, 1
  12              		.eabi_attribute 18, 4
  13              		.thumb
  14              		.syntax unified
  15              		.file	"main.c"
  16              		.text
  17              	.Ltext0:
  18              		.cfi_sections	.debug_frame
  19              		.section	.text.main,"ax",%progbits
  20              		.align	2
  21              		.global	main
  22              		.thumb
  23              		.thumb_func
  24              		.type	main, %function
  25              	main:
  26              	.LFB63:
  27              		.file 1 "main.c"
   1:main.c        **** /* ========================================
   2:main.c        ****  *
   3:main.c        ****  * Copyright YOUR COMPANY, THE YEAR
   4:main.c        ****  * All Rights Reserved
   5:main.c        ****  * UNPUBLISHED, LICENSED SOFTWARE.
   6:main.c        ****  *
   7:main.c        ****  * CONFIDENTIAL AND PROPRIETARY INFORMATION
   8:main.c        ****  * WHICH IS THE PROPERTY OF your company.
   9:main.c        ****  *
  10:main.c        ****  * ========================================
  11:main.c        **** */
  12:main.c        **** #include "project.h"
  13:main.c        **** 
  14:main.c        **** int main(void)
  15:main.c        **** {
  28              		.loc 1 15 0
  29              		.cfi_startproc
  30              		@ Volatile: function does not return.
  31              		@ args = 0, pretend = 0, frame = 0
  32              		@ frame_needed = 0, uses_anonymous_args = 0
  33 0000 08B5     		push	{r3, lr}
  34              		.cfi_def_cfa_offset 8
  35              		.cfi_offset 3, -8
  36              		.cfi_offset 14, -4
  16:main.c        ****     CyGlobalIntEnable; /* Enable global interrupts. */
  37              		.loc 1 16 0
  38              		.syntax unified
  39              	@ 16 "main.c" 1
  40 0002 62B6     		CPSIE   i
  41              	@ 0 "" 2
ARM GAS  C:\Users\Kristian\AppData\Local\Temp\ccCgjG3r.s 			page 2


  42              		.thumb
  43              		.syntax unified
  44              	.L2:
  17:main.c        **** 
  18:main.c        ****     /* Place your initialization/startup code here (e.g. MyInst_Start()) */
  19:main.c        **** 
  20:main.c        ****     for(;;)
  21:main.c        ****     {
  22:main.c        ****         Pin_Blue_Write(Pin_SW2_Read());
  45              		.loc 1 22 0 discriminator 1
  46 0004 FFF7FEFF 		bl	Pin_SW2_Read
  47              	.LVL0:
  48 0008 FFF7FEFF 		bl	Pin_Blue_Write
  49              	.LVL1:
  23:main.c        ****         CyDelay(1000);
  50              		.loc 1 23 0 discriminator 1
  51 000c 4FF47A70 		mov	r0, #1000
  52 0010 FFF7FEFF 		bl	CyDelay
  53              	.LVL2:
  54 0014 F6E7     		b	.L2
  55              		.cfi_endproc
  56              	.LFE63:
  57              		.size	main, .-main
  58 0016 00BF     		.text
  59              	.Letext0:
  60              		.file 2 "c:\\program files (x86)\\cypress\\psoc creator\\4.2\\psoc creator\\import\\gnu\\arm\\5.4.
  61              		.file 3 "c:\\program files (x86)\\cypress\\psoc creator\\4.2\\psoc creator\\import\\gnu\\arm\\5.4.
  62              		.file 4 "Generated_Source\\PSoC5/Pin_SW2.h"
  63              		.file 5 "Generated_Source\\PSoC5/Pin_Blue.h"
  64              		.file 6 "Generated_Source\\PSoC5/CyLib.h"
  65              		.file 7 "Generated_Source\\PSoC5/core_cm3.h"
  66              		.section	.debug_info,"",%progbits
  67              	.Ldebug_info0:
  68 0000 10010000 		.4byte	0x110
  69 0004 0400     		.2byte	0x4
  70 0006 00000000 		.4byte	.Ldebug_abbrev0
  71 000a 04       		.byte	0x4
  72 000b 01       		.uleb128 0x1
  73 000c 57000000 		.4byte	.LASF19
  74 0010 0C       		.byte	0xc
  75 0011 3C000000 		.4byte	.LASF20
  76 0015 28010000 		.4byte	.LASF21
  77 0019 00000000 		.4byte	.Ldebug_ranges0+0
  78 001d 00000000 		.4byte	0
  79 0021 00000000 		.4byte	.Ldebug_line0
  80 0025 02       		.uleb128 0x2
  81 0026 01       		.byte	0x1
  82 0027 06       		.byte	0x6
  83 0028 91010000 		.4byte	.LASF0
  84 002c 02       		.uleb128 0x2
  85 002d 01       		.byte	0x1
  86 002e 08       		.byte	0x8
  87 002f 2E000000 		.4byte	.LASF1
  88 0033 02       		.uleb128 0x2
  89 0034 02       		.byte	0x2
  90 0035 05       		.byte	0x5
  91 0036 B9010000 		.4byte	.LASF2
ARM GAS  C:\Users\Kristian\AppData\Local\Temp\ccCgjG3r.s 			page 3


  92 003a 02       		.uleb128 0x2
  93 003b 02       		.byte	0x2
  94 003c 07       		.byte	0x7
  95 003d 0E000000 		.4byte	.LASF3
  96 0041 03       		.uleb128 0x3
  97 0042 A9010000 		.4byte	.LASF9
  98 0046 02       		.byte	0x2
  99 0047 3F       		.byte	0x3f
 100 0048 4C000000 		.4byte	0x4c
 101 004c 02       		.uleb128 0x2
 102 004d 04       		.byte	0x4
 103 004e 05       		.byte	0x5
 104 004f 74010000 		.4byte	.LASF4
 105 0053 02       		.uleb128 0x2
 106 0054 04       		.byte	0x4
 107 0055 07       		.byte	0x7
 108 0056 ED000000 		.4byte	.LASF5
 109 005a 02       		.uleb128 0x2
 110 005b 08       		.byte	0x8
 111 005c 05       		.byte	0x5
 112 005d 00000000 		.4byte	.LASF6
 113 0061 02       		.uleb128 0x2
 114 0062 08       		.byte	0x8
 115 0063 07       		.byte	0x7
 116 0064 FF000000 		.4byte	.LASF7
 117 0068 04       		.uleb128 0x4
 118 0069 04       		.byte	0x4
 119 006a 05       		.byte	0x5
 120 006b 696E7400 		.ascii	"int\000"
 121 006f 02       		.uleb128 0x2
 122 0070 04       		.byte	0x4
 123 0071 07       		.byte	0x7
 124 0072 21000000 		.4byte	.LASF8
 125 0076 03       		.uleb128 0x3
 126 0077 C3010000 		.4byte	.LASF10
 127 007b 03       		.byte	0x3
 128 007c 2C       		.byte	0x2c
 129 007d 41000000 		.4byte	0x41
 130 0081 02       		.uleb128 0x2
 131 0082 04       		.byte	0x4
 132 0083 04       		.byte	0x4
 133 0084 B3010000 		.4byte	.LASF11
 134 0088 02       		.uleb128 0x2
 135 0089 08       		.byte	0x8
 136 008a 04       		.byte	0x4
 137 008b 7D010000 		.4byte	.LASF12
 138 008f 02       		.uleb128 0x2
 139 0090 01       		.byte	0x1
 140 0091 08       		.byte	0x8
 141 0092 23010000 		.4byte	.LASF13
 142 0096 02       		.uleb128 0x2
 143 0097 04       		.byte	0x4
 144 0098 07       		.byte	0x7
 145 0099 CB010000 		.4byte	.LASF14
 146 009d 02       		.uleb128 0x2
 147 009e 08       		.byte	0x8
 148 009f 04       		.byte	0x4
ARM GAS  C:\Users\Kristian\AppData\Local\Temp\ccCgjG3r.s 			page 4


 149 00a0 9D010000 		.4byte	.LASF15
 150 00a4 05       		.uleb128 0x5
 151 00a5 52000000 		.4byte	.LASF22
 152 00a9 01       		.byte	0x1
 153 00aa 0E       		.byte	0xe
 154 00ab 68000000 		.4byte	0x68
 155 00af 00000000 		.4byte	.LFB63
 156 00b3 16000000 		.4byte	.LFE63-.LFB63
 157 00b7 01       		.uleb128 0x1
 158 00b8 9C       		.byte	0x9c
 159 00b9 E1000000 		.4byte	0xe1
 160 00bd 06       		.uleb128 0x6
 161 00be 08000000 		.4byte	.LVL0
 162 00c2 F2000000 		.4byte	0xf2
 163 00c6 06       		.uleb128 0x6
 164 00c7 0C000000 		.4byte	.LVL1
 165 00cb FD000000 		.4byte	0xfd
 166 00cf 07       		.uleb128 0x7
 167 00d0 14000000 		.4byte	.LVL2
 168 00d4 08010000 		.4byte	0x108
 169 00d8 08       		.uleb128 0x8
 170 00d9 01       		.uleb128 0x1
 171 00da 50       		.byte	0x50
 172 00db 03       		.uleb128 0x3
 173 00dc 0A       		.byte	0xa
 174 00dd E803     		.2byte	0x3e8
 175 00df 00       		.byte	0
 176 00e0 00       		.byte	0
 177 00e1 09       		.uleb128 0x9
 178 00e2 84010000 		.4byte	.LASF23
 179 00e6 07       		.byte	0x7
 180 00e7 1207     		.2byte	0x712
 181 00e9 ED000000 		.4byte	0xed
 182 00ed 0A       		.uleb128 0xa
 183 00ee 76000000 		.4byte	0x76
 184 00f2 0B       		.uleb128 0xb
 185 00f3 16010000 		.4byte	.LASF16
 186 00f7 16010000 		.4byte	.LASF16
 187 00fb 04       		.byte	0x4
 188 00fc 29       		.byte	0x29
 189 00fd 0B       		.uleb128 0xb
 190 00fe 43000000 		.4byte	.LASF17
 191 0102 43000000 		.4byte	.LASF17
 192 0106 05       		.byte	0x5
 193 0107 26       		.byte	0x26
 194 0108 0B       		.uleb128 0xb
 195 0109 E5000000 		.4byte	.LASF18
 196 010d E5000000 		.4byte	.LASF18
 197 0111 06       		.byte	0x6
 198 0112 76       		.byte	0x76
 199 0113 00       		.byte	0
 200              		.section	.debug_abbrev,"",%progbits
 201              	.Ldebug_abbrev0:
 202 0000 01       		.uleb128 0x1
 203 0001 11       		.uleb128 0x11
 204 0002 01       		.byte	0x1
 205 0003 25       		.uleb128 0x25
ARM GAS  C:\Users\Kristian\AppData\Local\Temp\ccCgjG3r.s 			page 5


 206 0004 0E       		.uleb128 0xe
 207 0005 13       		.uleb128 0x13
 208 0006 0B       		.uleb128 0xb
 209 0007 03       		.uleb128 0x3
 210 0008 0E       		.uleb128 0xe
 211 0009 1B       		.uleb128 0x1b
 212 000a 0E       		.uleb128 0xe
 213 000b 55       		.uleb128 0x55
 214 000c 17       		.uleb128 0x17
 215 000d 11       		.uleb128 0x11
 216 000e 01       		.uleb128 0x1
 217 000f 10       		.uleb128 0x10
 218 0010 17       		.uleb128 0x17
 219 0011 00       		.byte	0
 220 0012 00       		.byte	0
 221 0013 02       		.uleb128 0x2
 222 0014 24       		.uleb128 0x24
 223 0015 00       		.byte	0
 224 0016 0B       		.uleb128 0xb
 225 0017 0B       		.uleb128 0xb
 226 0018 3E       		.uleb128 0x3e
 227 0019 0B       		.uleb128 0xb
 228 001a 03       		.uleb128 0x3
 229 001b 0E       		.uleb128 0xe
 230 001c 00       		.byte	0
 231 001d 00       		.byte	0
 232 001e 03       		.uleb128 0x3
 233 001f 16       		.uleb128 0x16
 234 0020 00       		.byte	0
 235 0021 03       		.uleb128 0x3
 236 0022 0E       		.uleb128 0xe
 237 0023 3A       		.uleb128 0x3a
 238 0024 0B       		.uleb128 0xb
 239 0025 3B       		.uleb128 0x3b
 240 0026 0B       		.uleb128 0xb
 241 0027 49       		.uleb128 0x49
 242 0028 13       		.uleb128 0x13
 243 0029 00       		.byte	0
 244 002a 00       		.byte	0
 245 002b 04       		.uleb128 0x4
 246 002c 24       		.uleb128 0x24
 247 002d 00       		.byte	0
 248 002e 0B       		.uleb128 0xb
 249 002f 0B       		.uleb128 0xb
 250 0030 3E       		.uleb128 0x3e
 251 0031 0B       		.uleb128 0xb
 252 0032 03       		.uleb128 0x3
 253 0033 08       		.uleb128 0x8
 254 0034 00       		.byte	0
 255 0035 00       		.byte	0
 256 0036 05       		.uleb128 0x5
 257 0037 2E       		.uleb128 0x2e
 258 0038 01       		.byte	0x1
 259 0039 3F       		.uleb128 0x3f
 260 003a 19       		.uleb128 0x19
 261 003b 03       		.uleb128 0x3
 262 003c 0E       		.uleb128 0xe
ARM GAS  C:\Users\Kristian\AppData\Local\Temp\ccCgjG3r.s 			page 6


 263 003d 3A       		.uleb128 0x3a
 264 003e 0B       		.uleb128 0xb
 265 003f 3B       		.uleb128 0x3b
 266 0040 0B       		.uleb128 0xb
 267 0041 27       		.uleb128 0x27
 268 0042 19       		.uleb128 0x19
 269 0043 49       		.uleb128 0x49
 270 0044 13       		.uleb128 0x13
 271 0045 8701     		.uleb128 0x87
 272 0047 19       		.uleb128 0x19
 273 0048 11       		.uleb128 0x11
 274 0049 01       		.uleb128 0x1
 275 004a 12       		.uleb128 0x12
 276 004b 06       		.uleb128 0x6
 277 004c 40       		.uleb128 0x40
 278 004d 18       		.uleb128 0x18
 279 004e 9742     		.uleb128 0x2117
 280 0050 19       		.uleb128 0x19
 281 0051 01       		.uleb128 0x1
 282 0052 13       		.uleb128 0x13
 283 0053 00       		.byte	0
 284 0054 00       		.byte	0
 285 0055 06       		.uleb128 0x6
 286 0056 898201   		.uleb128 0x4109
 287 0059 00       		.byte	0
 288 005a 11       		.uleb128 0x11
 289 005b 01       		.uleb128 0x1
 290 005c 31       		.uleb128 0x31
 291 005d 13       		.uleb128 0x13
 292 005e 00       		.byte	0
 293 005f 00       		.byte	0
 294 0060 07       		.uleb128 0x7
 295 0061 898201   		.uleb128 0x4109
 296 0064 01       		.byte	0x1
 297 0065 11       		.uleb128 0x11
 298 0066 01       		.uleb128 0x1
 299 0067 31       		.uleb128 0x31
 300 0068 13       		.uleb128 0x13
 301 0069 00       		.byte	0
 302 006a 00       		.byte	0
 303 006b 08       		.uleb128 0x8
 304 006c 8A8201   		.uleb128 0x410a
 305 006f 00       		.byte	0
 306 0070 02       		.uleb128 0x2
 307 0071 18       		.uleb128 0x18
 308 0072 9142     		.uleb128 0x2111
 309 0074 18       		.uleb128 0x18
 310 0075 00       		.byte	0
 311 0076 00       		.byte	0
 312 0077 09       		.uleb128 0x9
 313 0078 34       		.uleb128 0x34
 314 0079 00       		.byte	0
 315 007a 03       		.uleb128 0x3
 316 007b 0E       		.uleb128 0xe
 317 007c 3A       		.uleb128 0x3a
 318 007d 0B       		.uleb128 0xb
 319 007e 3B       		.uleb128 0x3b
ARM GAS  C:\Users\Kristian\AppData\Local\Temp\ccCgjG3r.s 			page 7


 320 007f 05       		.uleb128 0x5
 321 0080 49       		.uleb128 0x49
 322 0081 13       		.uleb128 0x13
 323 0082 3F       		.uleb128 0x3f
 324 0083 19       		.uleb128 0x19
 325 0084 3C       		.uleb128 0x3c
 326 0085 19       		.uleb128 0x19
 327 0086 00       		.byte	0
 328 0087 00       		.byte	0
 329 0088 0A       		.uleb128 0xa
 330 0089 35       		.uleb128 0x35
 331 008a 00       		.byte	0
 332 008b 49       		.uleb128 0x49
 333 008c 13       		.uleb128 0x13
 334 008d 00       		.byte	0
 335 008e 00       		.byte	0
 336 008f 0B       		.uleb128 0xb
 337 0090 2E       		.uleb128 0x2e
 338 0091 00       		.byte	0
 339 0092 3F       		.uleb128 0x3f
 340 0093 19       		.uleb128 0x19
 341 0094 3C       		.uleb128 0x3c
 342 0095 19       		.uleb128 0x19
 343 0096 6E       		.uleb128 0x6e
 344 0097 0E       		.uleb128 0xe
 345 0098 03       		.uleb128 0x3
 346 0099 0E       		.uleb128 0xe
 347 009a 3A       		.uleb128 0x3a
 348 009b 0B       		.uleb128 0xb
 349 009c 3B       		.uleb128 0x3b
 350 009d 0B       		.uleb128 0xb
 351 009e 00       		.byte	0
 352 009f 00       		.byte	0
 353 00a0 00       		.byte	0
 354              		.section	.debug_aranges,"",%progbits
 355 0000 1C000000 		.4byte	0x1c
 356 0004 0200     		.2byte	0x2
 357 0006 00000000 		.4byte	.Ldebug_info0
 358 000a 04       		.byte	0x4
 359 000b 00       		.byte	0
 360 000c 0000     		.2byte	0
 361 000e 0000     		.2byte	0
 362 0010 00000000 		.4byte	.LFB63
 363 0014 16000000 		.4byte	.LFE63-.LFB63
 364 0018 00000000 		.4byte	0
 365 001c 00000000 		.4byte	0
 366              		.section	.debug_ranges,"",%progbits
 367              	.Ldebug_ranges0:
 368 0000 00000000 		.4byte	.LFB63
 369 0004 16000000 		.4byte	.LFE63
 370 0008 00000000 		.4byte	0
 371 000c 00000000 		.4byte	0
 372              		.section	.debug_line,"",%progbits
 373              	.Ldebug_line0:
 374 0000 85010000 		.section	.debug_str,"MS",%progbits,1
 374      02006501 
 374      00000201 
ARM GAS  C:\Users\Kristian\AppData\Local\Temp\ccCgjG3r.s 			page 8


 374      FB0E0D00 
 374      01010101 
 375              	.LASF6:
 376 0000 6C6F6E67 		.ascii	"long long int\000"
 376      206C6F6E 
 376      6720696E 
 376      7400
 377              	.LASF3:
 378 000e 73686F72 		.ascii	"short unsigned int\000"
 378      7420756E 
 378      7369676E 
 378      65642069 
 378      6E7400
 379              	.LASF8:
 380 0021 756E7369 		.ascii	"unsigned int\000"
 380      676E6564 
 380      20696E74 
 380      00
 381              	.LASF1:
 382 002e 756E7369 		.ascii	"unsigned char\000"
 382      676E6564 
 382      20636861 
 382      7200
 383              	.LASF20:
 384 003c 6D61696E 		.ascii	"main.c\000"
 384      2E6300
 385              	.LASF17:
 386 0043 50696E5F 		.ascii	"Pin_Blue_Write\000"
 386      426C7565 
 386      5F577269 
 386      746500
 387              	.LASF22:
 388 0052 6D61696E 		.ascii	"main\000"
 388      00
 389              	.LASF19:
 390 0057 474E5520 		.ascii	"GNU C11 5.4.1 20160609 (release) [ARM/embedded-5-br"
 390      43313120 
 390      352E342E 
 390      31203230 
 390      31363036 
 391 008a 616E6368 		.ascii	"anch revision 237715] -mcpu=cortex-m3 -mthumb -g -O"
 391      20726576 
 391      6973696F 
 391      6E203233 
 391      37373135 
 392 00bd 67202D66 		.ascii	"g -ffunction-sections -ffat-lto-objects\000"
 392      66756E63 
 392      74696F6E 
 392      2D736563 
 392      74696F6E 
 393              	.LASF18:
 394 00e5 43794465 		.ascii	"CyDelay\000"
 394      6C617900 
 395              	.LASF5:
 396 00ed 6C6F6E67 		.ascii	"long unsigned int\000"
 396      20756E73 
 396      69676E65 
ARM GAS  C:\Users\Kristian\AppData\Local\Temp\ccCgjG3r.s 			page 9


 396      6420696E 
 396      7400
 397              	.LASF7:
 398 00ff 6C6F6E67 		.ascii	"long long unsigned int\000"
 398      206C6F6E 
 398      6720756E 
 398      7369676E 
 398      65642069 
 399              	.LASF16:
 400 0116 50696E5F 		.ascii	"Pin_SW2_Read\000"
 400      5357325F 
 400      52656164 
 400      00
 401              	.LASF13:
 402 0123 63686172 		.ascii	"char\000"
 402      00
 403              	.LASF21:
 404 0128 433A5C55 		.ascii	"C:\\Users\\Kristian\\Documents\\PSoC Creator\\Outpu"
 404      73657273 
 404      5C4B7269 
 404      73746961 
 404      6E5C446F 
 405 0156 7470696E 		.ascii	"tpinseks\\lesson2_inputs.cydsn\000"
 405      73656B73 
 405      5C6C6573 
 405      736F6E32 
 405      5F696E70 
 406              	.LASF4:
 407 0174 6C6F6E67 		.ascii	"long int\000"
 407      20696E74 
 407      00
 408              	.LASF12:
 409 017d 646F7562 		.ascii	"double\000"
 409      6C6500
 410              	.LASF23:
 411 0184 49544D5F 		.ascii	"ITM_RxBuffer\000"
 411      52784275 
 411      66666572 
 411      00
 412              	.LASF0:
 413 0191 7369676E 		.ascii	"signed char\000"
 413      65642063 
 413      68617200 
 414              	.LASF15:
 415 019d 6C6F6E67 		.ascii	"long double\000"
 415      20646F75 
 415      626C6500 
 416              	.LASF9:
 417 01a9 5F5F696E 		.ascii	"__int32_t\000"
 417      7433325F 
 417      7400
 418              	.LASF11:
 419 01b3 666C6F61 		.ascii	"float\000"
 419      7400
 420              	.LASF2:
 421 01b9 73686F72 		.ascii	"short int\000"
 421      7420696E 
ARM GAS  C:\Users\Kristian\AppData\Local\Temp\ccCgjG3r.s 			page 10


 421      7400
 422              	.LASF10:
 423 01c3 696E7433 		.ascii	"int32_t\000"
 423      325F7400 
 424              	.LASF14:
 425 01cb 73697A65 		.ascii	"sizetype\000"
 425      74797065 
 425      00
 426              		.ident	"GCC: (GNU Tools for ARM Embedded Processors) 5.4.1 20160609 (release) [ARM/embedded-5-bran
