Flow report for fir
Tue Apr 23 13:53:34 2019
Quartus II 64-Bit Version 13.1.0 Build 162 10/23/2013 SJ Web Edition


---------------------
; Table of Contents ;
---------------------
  1. Legal Notice
  2. Flow Summary
  3. Flow Settings
  4. Flow Non-Default Global Settings
  5. Flow Elapsed Time
  6. Flow OS Summary
  7. Flow Log
  8. Flow Messages
  9. Flow Suppressed Messages



----------------
; Legal Notice ;
----------------
Copyright (C) 1991-2013 Altera Corporation
Your use of Altera Corporation's design tools, logic functions 
and other software and tools, and its AMPP partner logic 
functions, and any output files from any of the foregoing 
(including device programming or simulation files), and any 
associated documentation or information are expressly subject 
to the terms and conditions of the Altera Program License 
Subscription Agreement, Altera MegaCore Function License 
Agreement, or other applicable license agreement, including, 
without limitation, that your use is for the sole purpose of 
programming logic devices manufactured by Altera and sold by 
Altera or its authorized distributors.  Please refer to the 
applicable agreement for further details.



+---------------------------------------------------------------------------------+
; Flow Summary                                                                    ;
+------------------------------------+--------------------------------------------+
; Flow Status                        ; Successful - Tue Apr 23 13:53:34 2019      ;
; Quartus II 64-Bit Version          ; 13.1.0 Build 162 10/23/2013 SJ Web Edition ;
; Revision Name                      ; fir                                        ;
; Top-level Entity Name              ; fir                                        ;
; Family                             ; Cyclone III                                ;
; Device                             ; EP3C16F484C6                               ;
; Timing Models                      ; Final                                      ;
; Total logic elements               ; 262 / 15,408 ( 2 % )                       ;
;     Total combinational functions  ; 107 / 15,408 ( < 1 % )                     ;
;     Dedicated logic registers      ; 239 / 15,408 ( 2 % )                       ;
; Total registers                    ; 239                                        ;
; Total pins                         ; 56 / 347 ( 16 % )                          ;
; Total virtual pins                 ; 0                                          ;
; Total memory bits                  ; 384 / 516,096 ( < 1 % )                    ;
; Embedded Multiplier 9-bit elements ; 3 / 112 ( 3 % )                            ;
; Total PLLs                         ; 0 / 4 ( 0 % )                              ;
+------------------------------------+--------------------------------------------+


+-----------------------------------------+
; Flow Settings                           ;
+-------------------+---------------------+
; Option            ; Setting             ;
+-------------------+---------------------+
; Start date & time ; 04/23/2019 13:53:12 ;
; Main task         ; Compilation         ;
; Revision Name     ; fir                 ;
+-------------------+---------------------+


+----------------------------------------------------------------------------------------------------------------------------------------------+
; Flow Non-Default Global Settings                                                                                                             ;
+-------------------------------------+---------------------------------------------------------+---------------+-------------+----------------+
; Assignment Name                     ; Value                                                   ; Default Value ; Entity Name ; Section Id     ;
+-------------------------------------+---------------------------------------------------------+---------------+-------------+----------------+
; COMPILER_SIGNATURE_ID               ; 193744350771153.155602039212992                         ; --            ; --          ; --             ;
; EDA_OUTPUT_DATA_FORMAT              ; Vhdl                                                    ; --            ; --          ; eda_simulation ;
; EDA_SIMULATION_TOOL                 ; ModelSim-Altera (VHDL)                                  ; <None>        ; --          ; --             ;
; IP_TOOL_ENV                         ; mwpim                                                   ; --            ; --          ; --             ;
; IP_TOOL_ENV                         ; mwpim                                                   ; --            ; --          ; --             ;
; IP_TOOL_ENV                         ; mwpim                                                   ; --            ; fir_0002    ; --             ;
; IP_TOOL_NAME                        ; altera_fir_compiler_ii                                  ; --            ; --          ; --             ;
; IP_TOOL_NAME                        ; altera_fir_compiler_ii                                  ; --            ; --          ; --             ;
; IP_TOOL_NAME                        ; altera_fir_compiler_ii                                  ; --            ; fir_0002    ; --             ;
; IP_TOOL_VERSION                     ; 13.1                                                    ; --            ; --          ; --             ;
; IP_TOOL_VERSION                     ; 13.1                                                    ; --            ; --          ; --             ;
; IP_TOOL_VERSION                     ; 13.1                                                    ; --            ; fir_0002    ; --             ;
; MAX_CORE_JUNCTION_TEMP              ; 85                                                      ; --            ; --          ; --             ;
; MIN_CORE_JUNCTION_TEMP              ; 0                                                       ; --            ; --          ; --             ;
; MISC_FILE                           ; fir.cmp                                                 ; --            ; --          ; --             ;
; MISC_FILE                           ; fir_sim/altera_avalon_sc_fifo.v                         ; --            ; --          ; --             ;
; MISC_FILE                           ; fir_sim/auk_dspip_math_pkg_hpfir.vhd                    ; --            ; --          ; --             ;
; MISC_FILE                           ; fir_sim/auk_dspip_lib_pkg_hpfir.vhd                     ; --            ; --          ; --             ;
; MISC_FILE                           ; fir_sim/auk_dspip_avalon_streaming_controller_hpfir.vhd ; --            ; --          ; --             ;
; MISC_FILE                           ; fir_sim/auk_dspip_avalon_streaming_sink_hpfir.vhd       ; --            ; --          ; --             ;
; MISC_FILE                           ; fir_sim/auk_dspip_avalon_streaming_source_hpfir.vhd     ; --            ; --          ; --             ;
; MISC_FILE                           ; fir_sim/auk_dspip_roundsat_hpfir.vhd                    ; --            ; --          ; --             ;
; MISC_FILE                           ; fir_sim/dspba_library_package.vhd                       ; --            ; --          ; --             ;
; MISC_FILE                           ; fir_sim/dspba_library.vhd                               ; --            ; --          ; --             ;
; MISC_FILE                           ; fir_sim/fir_rtl.vhd                                     ; --            ; --          ; --             ;
; MISC_FILE                           ; fir_sim/fir_ast.vhd                                     ; --            ; --          ; --             ;
; MISC_FILE                           ; fir_sim/fir.vhd                                         ; --            ; --          ; --             ;
; MISC_FILE                           ; fir_sim/fir_nativelink.tcl                              ; --            ; --          ; --             ;
; MISC_FILE                           ; fir_sim/fir_msim.tcl                                    ; --            ; --          ; --             ;
; MISC_FILE                           ; fir_sim/fir_tb.vhd                                      ; --            ; --          ; --             ;
; MISC_FILE                           ; fir_sim/fir_mlab.m                                      ; --            ; --          ; --             ;
; MISC_FILE                           ; fir_sim/fir_model.m                                     ; --            ; --          ; --             ;
; MISC_FILE                           ; fir_sim/fir_coef_int.txt                                ; --            ; --          ; --             ;
; MISC_FILE                           ; fir_sim/fir_input.txt                                   ; --            ; --          ; --             ;
; MISC_FILE                           ; fir_sim/fir_param.txt                                   ; --            ; --          ; --             ;
; PARTITION_COLOR                     ; 16764057                                                ; --            ; --          ; Top            ;
; PARTITION_FITTER_PRESERVATION_LEVEL ; PLACEMENT_AND_ROUTING                                   ; --            ; --          ; Top            ;
; PARTITION_NETLIST_TYPE              ; SOURCE                                                  ; --            ; --          ; Top            ;
; PROJECT_OUTPUT_DIRECTORY            ; output_files                                            ; --            ; --          ; --             ;
; SPD_FILE                            ; fir.spd                                                 ; --            ; --          ; --             ;
; SYNTHESIS_ONLY_QIP                  ; On                                                      ; --            ; --          ; --             ;
+-------------------------------------+---------------------------------------------------------+---------------+-------------+----------------+


+-------------------------------------------------------------------------------------------------------------------------------+
; Flow Elapsed Time                                                                                                             ;
+---------------------------+--------------+-------------------------+---------------------+------------------------------------+
; Module Name               ; Elapsed Time ; Average Processors Used ; Peak Virtual Memory ; Total CPU Time (on all processors) ;
+---------------------------+--------------+-------------------------+---------------------+------------------------------------+
; Analysis & Synthesis      ; 00:00:02     ; 1.0                     ; 4674 MB             ; 00:00:02                           ;
; Fitter                    ; 00:00:08     ; 1.0                     ; 4869 MB             ; 00:00:07                           ;
; Assembler                 ; 00:00:01     ; 1.0                     ; 4580 MB             ; 00:00:01                           ;
; TimeQuest Timing Analyzer ; 00:00:02     ; 1.0                     ; 4612 MB             ; 00:00:02                           ;
; EDA Netlist Writer        ; 00:00:01     ; 1.0                     ; 4552 MB             ; 00:00:01                           ;
; Total                     ; 00:00:14     ; --                      ; --                  ; 00:00:13                           ;
+---------------------------+--------------+-------------------------+---------------------+------------------------------------+


+----------------------------------------------------------------------------------------+
; Flow OS Summary                                                                        ;
+---------------------------+------------------+-----------+------------+----------------+
; Module Name               ; Machine Hostname ; OS Name   ; OS Version ; Processor type ;
+---------------------------+------------------+-----------+------------+----------------+
; Analysis & Synthesis      ; DESKTOP-NSCA5SH  ; Windows 7 ; 6.2        ; x86_64         ;
; Fitter                    ; DESKTOP-NSCA5SH  ; Windows 7 ; 6.2        ; x86_64         ;
; Assembler                 ; DESKTOP-NSCA5SH  ; Windows 7 ; 6.2        ; x86_64         ;
; TimeQuest Timing Analyzer ; DESKTOP-NSCA5SH  ; Windows 7 ; 6.2        ; x86_64         ;
; EDA Netlist Writer        ; DESKTOP-NSCA5SH  ; Windows 7 ; 6.2        ; x86_64         ;
+---------------------------+------------------+-----------+------------+----------------+


------------
; Flow Log ;
------------
quartus_map --read_settings_files=on --write_settings_files=off fir -c fir
quartus_fit --read_settings_files=off --write_settings_files=off fir -c fir
quartus_asm --read_settings_files=off --write_settings_files=off fir -c fir
quartus_sta fir -c fir
quartus_eda --read_settings_files=off --write_settings_files=off fir -c fir



