ARM GAS  C:\Users\ALBERT~1\AppData\Local\Temp\ccyTyKqf.s 			page 1


   1              		.syntax unified
   2              		.cpu cortex-m3
   3              		.fpu softvfp
   4              		.eabi_attribute 20, 1
   5              		.eabi_attribute 21, 1
   6              		.eabi_attribute 23, 3
   7              		.eabi_attribute 24, 1
   8              		.eabi_attribute 25, 1
   9              		.eabi_attribute 26, 1
  10              		.eabi_attribute 30, 1
  11              		.eabi_attribute 34, 1
  12              		.eabi_attribute 18, 4
  13              		.thumb
  14              		.syntax unified
  15              		.file	"cymetadata.c"
  16              		.text
  17              	.Ltext0:
  18              		.cfi_sections	.debug_frame
  19              		.global	cy_metadata
  20              		.global	cy_meta_flashprotect
  21              		.global	cy_meta_wonvl
  22              		.global	cy_meta_custnvl
  23              		.global	cy_meta_configecc
  24              		.section	.cyconfigecc,"a",%progbits
  25              		.align	2
  26              		.type	cy_meta_configecc, %object
  27              		.size	cy_meta_configecc, 740
  28              	cy_meta_configecc:
  29 0000 02       		.byte	2
  30 0001 52       		.byte	82
  31 0002 00       		.byte	0
  32 0003 40       		.byte	64
  33 0004 03       		.byte	3
  34 0005 65       		.byte	101
  35 0006 00       		.byte	0
  36 0007 40       		.byte	64
  37 0008 14       		.byte	20
  38 0009 18       		.byte	24
  39 000a 01       		.byte	1
  40 000b 40       		.byte	64
  41 000c 3E       		.byte	62
  42 000d 19       		.byte	25
  43 000e 01       		.byte	1
  44 000f 40       		.byte	64
  45 0010 69       		.byte	105
  46 0011 1A       		.byte	26
  47 0012 01       		.byte	1
  48 0013 40       		.byte	64
  49 0014 4C       		.byte	76
  50 0015 1B       		.byte	27
  51 0016 01       		.byte	1
  52 0017 40       		.byte	64
  53 0018 01       		.byte	1
  54 0019 4C       		.byte	76
  55 001a 01       		.byte	1
  56 001b 40       		.byte	64
  57 001c 07       		.byte	7
ARM GAS  C:\Users\ALBERT~1\AppData\Local\Temp\ccyTyKqf.s 			page 2


  58 001d 4D       		.byte	77
  59 001e 01       		.byte	1
  60 001f 40       		.byte	64
  61 0020 02       		.byte	2
  62 0021 50       		.byte	80
  63 0022 01       		.byte	1
  64 0023 40       		.byte	64
  65 0024 61       		.byte	97
  66 0025 80       		.byte	-128
  67 0026 64       		.byte	100
  68 0027 40       		.byte	64
  69 0028 88       		.byte	-120
  70 0029 72       		.byte	114
  71 002a 89       		.byte	-119
  72 002b 38       		.byte	56
  73 002c 8B       		.byte	-117
  74 002d 0F       		.byte	15
  75 002e 80       		.byte	-128
  76 002f 08       		.byte	8
  77 0030 86       		.byte	-122
  78 0031 04       		.byte	4
  79 0032 8A       		.byte	-118
  80 0033 02       		.byte	2
  81 0034 96       		.byte	-106
  82 0035 02       		.byte	2
  83 0036 A1       		.byte	-95
  84 0037 01       		.byte	1
  85 0038 A4       		.byte	-92
  86 0039 01       		.byte	1
  87 003a A8       		.byte	-88
  88 003b 01       		.byte	1
  89 003c AC       		.byte	-84
  90 003d 01       		.byte	1
  91 003e B0       		.byte	-80
  92 003f 02       		.byte	2
  93 0040 B2       		.byte	-78
  94 0041 04       		.byte	4
  95 0042 B4       		.byte	-76
  96 0043 01       		.byte	1
  97 0044 B5       		.byte	-75
  98 0045 01       		.byte	1
  99 0046 B6       		.byte	-74
 100 0047 08       		.byte	8
 101 0048 BE       		.byte	-66
 102 0049 41       		.byte	65
 103 004a BF       		.byte	-65
 104 004b 10       		.byte	16
 105 004c D4       		.byte	-44
 106 004d 18       		.byte	24
 107 004e D8       		.byte	-40
 108 004f 04       		.byte	4
 109 0050 D9       		.byte	-39
 110 0051 04       		.byte	4
 111 0052 DB       		.byte	-37
 112 0053 04       		.byte	4
 113 0054 DF       		.byte	-33
 114 0055 01       		.byte	1
ARM GAS  C:\Users\ALBERT~1\AppData\Local\Temp\ccyTyKqf.s 			page 3


 115 0056 00       		.byte	0
 116 0057 10       		.byte	16
 117 0058 01       		.byte	1
 118 0059 0A       		.byte	10
 119 005a 05       		.byte	5
 120 005b 25       		.byte	37
 121 005c 06       		.byte	6
 122 005d 02       		.byte	2
 123 005e 09       		.byte	9
 124 005f 02       		.byte	2
 125 0060 0A       		.byte	10
 126 0061 20       		.byte	32
 127 0062 0B       		.byte	11
 128 0063 80       		.byte	-128
 129 0064 0C       		.byte	12
 130 0065 80       		.byte	-128
 131 0066 0D       		.byte	13
 132 0067 02       		.byte	2
 133 0068 0E       		.byte	14
 134 0069 88       		.byte	-120
 135 006a 0F       		.byte	15
 136 006b 21       		.byte	33
 137 006c 10       		.byte	16
 138 006d 2A       		.byte	42
 139 006e 16       		.byte	22
 140 006f 80       		.byte	-128
 141 0070 17       		.byte	23
 142 0071 24       		.byte	36
 143 0072 1A       		.byte	26
 144 0073 09       		.byte	9
 145 0074 1B       		.byte	27
 146 0075 15       		.byte	21
 147 0076 1D       		.byte	29
 148 0077 2D       		.byte	45
 149 0078 1E       		.byte	30
 150 0079 0A       		.byte	10
 151 007a 1F       		.byte	31
 152 007b 20       		.byte	32
 153 007c 23       		.byte	35
 154 007d 08       		.byte	8
 155 007e 24       		.byte	36
 156 007f 10       		.byte	16
 157 0080 25       		.byte	37
 158 0081 06       		.byte	6
 159 0082 27       		.byte	39
 160 0083 01       		.byte	1
 161 0084 2B       		.byte	43
 162 0085 40       		.byte	64
 163 0086 2C       		.byte	44
 164 0087 01       		.byte	1
 165 0088 2D       		.byte	45
 166 0089 20       		.byte	32
 167 008a 2E       		.byte	46
 168 008b 0A       		.byte	10
 169 008c 35       		.byte	53
 170 008d 01       		.byte	1
 171 008e 36       		.byte	54
ARM GAS  C:\Users\ALBERT~1\AppData\Local\Temp\ccyTyKqf.s 			page 4


 172 008f 44       		.byte	68
 173 0090 37       		.byte	55
 174 0091 20       		.byte	32
 175 0092 3D       		.byte	61
 176 0093 80       		.byte	-128
 177 0094 3E       		.byte	62
 178 0095 80       		.byte	-128
 179 0096 3F       		.byte	63
 180 0097 29       		.byte	41
 181 0098 45       		.byte	69
 182 0099 24       		.byte	36
 183 009a 47       		.byte	71
 184 009b 40       		.byte	64
 185 009c 4E       		.byte	78
 186 009d 16       		.byte	22
 187 009e 55       		.byte	85
 188 009f 01       		.byte	1
 189 00a0 5B       		.byte	91
 190 00a1 01       		.byte	1
 191 00a2 5E       		.byte	94
 192 00a3 02       		.byte	2
 193 00a4 60       		.byte	96
 194 00a5 04       		.byte	4
 195 00a6 63       		.byte	99
 196 00a7 02       		.byte	2
 197 00a8 6C       		.byte	108
 198 00a9 2A       		.byte	42
 199 00aa 6E       		.byte	110
 200 00ab 04       		.byte	4
 201 00ac 6F       		.byte	111
 202 00ad 08       		.byte	8
 203 00ae 74       		.byte	116
 204 00af 80       		.byte	-128
 205 00b0 76       		.byte	118
 206 00b1 08       		.byte	8
 207 00b2 77       		.byte	119
 208 00b3 24       		.byte	36
 209 00b4 86       		.byte	-122
 210 00b5 01       		.byte	1
 211 00b6 88       		.byte	-120
 212 00b7 01       		.byte	1
 213 00b8 89       		.byte	-119
 214 00b9 08       		.byte	8
 215 00ba 8A       		.byte	-118
 216 00bb 02       		.byte	2
 217 00bc C0       		.byte	-64
 218 00bd FE       		.byte	-2
 219 00be C2       		.byte	-62
 220 00bf F4       		.byte	-12
 221 00c0 C4       		.byte	-60
 222 00c1 77       		.byte	119
 223 00c2 CA       		.byte	-54
 224 00c3 F1       		.byte	-15
 225 00c4 CC       		.byte	-52
 226 00c5 F0       		.byte	-16
 227 00c6 CE       		.byte	-50
 228 00c7 F0       		.byte	-16
ARM GAS  C:\Users\ALBERT~1\AppData\Local\Temp\ccyTyKqf.s 			page 5


 229 00c8 D0       		.byte	-48
 230 00c9 70       		.byte	112
 231 00ca D2       		.byte	-46
 232 00cb 30       		.byte	48
 233 00cc D6       		.byte	-42
 234 00cd 81       		.byte	-127
 235 00ce D8       		.byte	-40
 236 00cf 0C       		.byte	12
 237 00d0 E0       		.byte	-32
 238 00d1 08       		.byte	8
 239 00d2 02       		.byte	2
 240 00d3 03       		.byte	3
 241 00d4 04       		.byte	4
 242 00d5 10       		.byte	16
 243 00d6 06       		.byte	6
 244 00d7 0C       		.byte	12
 245 00d8 07       		.byte	7
 246 00d9 08       		.byte	8
 247 00da 08       		.byte	8
 248 00db 10       		.byte	16
 249 00dc 09       		.byte	9
 250 00dd 71       		.byte	113
 251 00de 0B       		.byte	11
 252 00df 0E       		.byte	14
 253 00e0 0C       		.byte	12
 254 00e1 09       		.byte	9
 255 00e2 0D       		.byte	13
 256 00e3 80       		.byte	-128
 257 00e4 0E       		.byte	14
 258 00e5 10       		.byte	16
 259 00e6 0F       		.byte	15
 260 00e7 13       		.byte	19
 261 00e8 12       		.byte	18
 262 00e9 20       		.byte	32
 263 00ea 14       		.byte	20
 264 00eb 1C       		.byte	28
 265 00ec 15       		.byte	21
 266 00ed 2C       		.byte	44
 267 00ee 16       		.byte	22
 268 00ef 02       		.byte	2
 269 00f0 17       		.byte	23
 270 00f1 43       		.byte	67
 271 00f2 18       		.byte	24
 272 00f3 0C       		.byte	12
 273 00f4 19       		.byte	25
 274 00f5 71       		.byte	113
 275 00f6 1A       		.byte	26
 276 00f7 11       		.byte	17
 277 00f8 1B       		.byte	27
 278 00f9 06       		.byte	6
 279 00fa 23       		.byte	35
 280 00fb 0C       		.byte	12
 281 00fc 24       		.byte	36
 282 00fd 14       		.byte	20
 283 00fe 2A       		.byte	42
 284 00ff 20       		.byte	32
 285 0100 30       		.byte	48
ARM GAS  C:\Users\ALBERT~1\AppData\Local\Temp\ccyTyKqf.s 			page 6


 286 0101 1F       		.byte	31
 287 0102 31       		.byte	49
 288 0103 C0       		.byte	-64
 289 0104 33       		.byte	51
 290 0105 0F       		.byte	15
 291 0106 34       		.byte	52
 292 0107 20       		.byte	32
 293 0108 35       		.byte	53
 294 0109 30       		.byte	48
 295 010a 39       		.byte	57
 296 010b 22       		.byte	34
 297 010c 3B       		.byte	59
 298 010d 08       		.byte	8
 299 010e 3E       		.byte	62
 300 010f 10       		.byte	16
 301 0110 3F       		.byte	63
 302 0111 10       		.byte	16
 303 0112 40       		.byte	64
 304 0113 02       		.byte	2
 305 0114 45       		.byte	69
 306 0115 04       		.byte	4
 307 0116 49       		.byte	73
 308 0117 FF       		.byte	-1
 309 0118 4A       		.byte	74
 310 0119 07       		.byte	7
 311 011a 4B       		.byte	75
 312 011b FF       		.byte	-1
 313 011c 4C       		.byte	76
 314 011d 40       		.byte	64
 315 011e 4D       		.byte	77
 316 011f 20       		.byte	32
 317 0120 4E       		.byte	78
 318 0121 F0       		.byte	-16
 319 0122 4F       		.byte	79
 320 0123 05       		.byte	5
 321 0124 50       		.byte	80
 322 0125 08       		.byte	8
 323 0126 58       		.byte	88
 324 0127 04       		.byte	4
 325 0128 59       		.byte	89
 326 0129 04       		.byte	4
 327 012a 5A       		.byte	90
 328 012b 04       		.byte	4
 329 012c 5F       		.byte	95
 330 012d 01       		.byte	1
 331 012e 60       		.byte	96
 332 012f 40       		.byte	64
 333 0130 61       		.byte	97
 334 0131 A8       		.byte	-88
 335 0132 62       		.byte	98
 336 0133 40       		.byte	64
 337 0134 63       		.byte	99
 338 0135 20       		.byte	32
 339 0136 81       		.byte	-127
 340 0137 48       		.byte	72
 341 0138 82       		.byte	-126
 342 0139 35       		.byte	53
ARM GAS  C:\Users\ALBERT~1\AppData\Local\Temp\ccyTyKqf.s 			page 7


 343 013a 83       		.byte	-125
 344 013b 34       		.byte	52
 345 013c 84       		.byte	-124
 346 013d 13       		.byte	19
 347 013e 85       		.byte	-123
 348 013f F8       		.byte	-8
 349 0140 86       		.byte	-122
 350 0141 64       		.byte	100
 351 0142 88       		.byte	-120
 352 0143 13       		.byte	19
 353 0144 8A       		.byte	-118
 354 0145 2C       		.byte	44
 355 0146 8D       		.byte	-115
 356 0147 20       		.byte	32
 357 0148 8E       		.byte	-114
 358 0149 48       		.byte	72
 359 014a 8F       		.byte	-113
 360 014b C2       		.byte	-62
 361 014c 93       		.byte	-109
 362 014d 01       		.byte	1
 363 014e 95       		.byte	-107
 364 014f 01       		.byte	1
 365 0150 96       		.byte	-106
 366 0151 40       		.byte	64
 367 0152 98       		.byte	-104
 368 0153 03       		.byte	3
 369 0154 99       		.byte	-103
 370 0155 90       		.byte	-112
 371 0156 9A       		.byte	-102
 372 0157 14       		.byte	20
 373 0158 9B       		.byte	-101
 374 0159 2C       		.byte	44
 375 015a A3       		.byte	-93
 376 015b 01       		.byte	1
 377 015c A5       		.byte	-91
 378 015d 01       		.byte	1
 379 015e A8       		.byte	-88
 380 015f 4A       		.byte	74
 381 0160 A9       		.byte	-87
 382 0161 F8       		.byte	-8
 383 0162 AA       		.byte	-86
 384 0163 34       		.byte	52
 385 0164 B0       		.byte	-80
 386 0165 10       		.byte	16
 387 0166 B1       		.byte	-79
 388 0167 06       		.byte	6
 389 0168 B2       		.byte	-78
 390 0169 68       		.byte	104
 391 016a B3       		.byte	-77
 392 016b 01       		.byte	1
 393 016c B4       		.byte	-76
 394 016d 0F       		.byte	15
 395 016e B5       		.byte	-75
 396 016f 18       		.byte	24
 397 0170 B7       		.byte	-73
 398 0171 E0       		.byte	-32
 399 0172 B9       		.byte	-71
ARM GAS  C:\Users\ALBERT~1\AppData\Local\Temp\ccyTyKqf.s 			page 8


 400 0173 08       		.byte	8
 401 0174 BA       		.byte	-70
 402 0175 28       		.byte	40
 403 0176 BE       		.byte	-66
 404 0177 01       		.byte	1
 405 0178 BF       		.byte	-65
 406 0179 01       		.byte	1
 407 017a C0       		.byte	-64
 408 017b 24       		.byte	36
 409 017c C1       		.byte	-63
 410 017d 03       		.byte	3
 411 017e C5       		.byte	-59
 412 017f 0C       		.byte	12
 413 0180 C6       		.byte	-58
 414 0181 CE       		.byte	-50
 415 0182 C7       		.byte	-57
 416 0183 0B       		.byte	11
 417 0184 C8       		.byte	-56
 418 0185 1D       		.byte	29
 419 0186 C9       		.byte	-55
 420 0187 FF       		.byte	-1
 421 0188 CA       		.byte	-54
 422 0189 FF       		.byte	-1
 423 018a CB       		.byte	-53
 424 018b FF       		.byte	-1
 425 018c CE       		.byte	-50
 426 018d F0       		.byte	-16
 427 018e CF       		.byte	-49
 428 018f 44       		.byte	68
 429 0190 D0       		.byte	-48
 430 0191 0C       		.byte	12
 431 0192 D4       		.byte	-44
 432 0193 01       		.byte	1
 433 0194 D8       		.byte	-40
 434 0195 04       		.byte	4
 435 0196 D9       		.byte	-39
 436 0197 04       		.byte	4
 437 0198 DA       		.byte	-38
 438 0199 04       		.byte	4
 439 019a DB       		.byte	-37
 440 019b 04       		.byte	4
 441 019c DF       		.byte	-33
 442 019d 01       		.byte	1
 443 019e E6       		.byte	-26
 444 019f C0       		.byte	-64
 445 01a0 EA       		.byte	-22
 446 01a1 40       		.byte	64
 447 01a2 EB       		.byte	-21
 448 01a3 02       		.byte	2
 449 01a4 00       		.byte	0
 450 01a5 60       		.byte	96
 451 01a6 01       		.byte	1
 452 01a7 02       		.byte	2
 453 01a8 02       		.byte	2
 454 01a9 01       		.byte	1
 455 01aa 03       		.byte	3
 456 01ab 10       		.byte	16
ARM GAS  C:\Users\ALBERT~1\AppData\Local\Temp\ccyTyKqf.s 			page 9


 457 01ac 04       		.byte	4
 458 01ad 40       		.byte	64
 459 01ae 05       		.byte	5
 460 01af 10       		.byte	16
 461 01b0 06       		.byte	6
 462 01b1 50       		.byte	80
 463 01b2 09       		.byte	9
 464 01b3 09       		.byte	9
 465 01b4 0B       		.byte	11
 466 01b5 08       		.byte	8
 467 01b6 0D       		.byte	13
 468 01b7 04       		.byte	4
 469 01b8 0F       		.byte	15
 470 01b9 08       		.byte	8
 471 01ba 11       		.byte	17
 472 01bb 08       		.byte	8
 473 01bc 12       		.byte	18
 474 01bd 08       		.byte	8
 475 01be 17       		.byte	23
 476 01bf 20       		.byte	32
 477 01c0 18       		.byte	24
 478 01c1 04       		.byte	4
 479 01c2 19       		.byte	25
 480 01c3 02       		.byte	2
 481 01c4 1C       		.byte	28
 482 01c5 10       		.byte	16
 483 01c6 1D       		.byte	29
 484 01c7 10       		.byte	16
 485 01c8 1E       		.byte	30
 486 01c9 40       		.byte	64
 487 01ca 1F       		.byte	31
 488 01cb 04       		.byte	4
 489 01cc 20       		.byte	32
 490 01cd 40       		.byte	64
 491 01ce 21       		.byte	33
 492 01cf 18       		.byte	24
 493 01d0 23       		.byte	35
 494 01d1 20       		.byte	32
 495 01d2 25       		.byte	37
 496 01d3 40       		.byte	64
 497 01d4 26       		.byte	38
 498 01d5 18       		.byte	24
 499 01d6 27       		.byte	39
 500 01d7 40       		.byte	64
 501 01d8 2A       		.byte	42
 502 01d9 01       		.byte	1
 503 01da 2F       		.byte	47
 504 01db 68       		.byte	104
 505 01dc 31       		.byte	49
 506 01dd 18       		.byte	24
 507 01de 33       		.byte	51
 508 01df 10       		.byte	16
 509 01e0 35       		.byte	53
 510 01e1 25       		.byte	37
 511 01e2 36       		.byte	54
 512 01e3 10       		.byte	16
 513 01e4 38       		.byte	56
ARM GAS  C:\Users\ALBERT~1\AppData\Local\Temp\ccyTyKqf.s 			page 10


 514 01e5 90       		.byte	-112
 515 01e6 39       		.byte	57
 516 01e7 08       		.byte	8
 517 01e8 3A       		.byte	58
 518 01e9 10       		.byte	16
 519 01ea 3B       		.byte	59
 520 01eb 04       		.byte	4
 521 01ec 3D       		.byte	61
 522 01ed 80       		.byte	-128
 523 01ee 3E       		.byte	62
 524 01ef 06       		.byte	6
 525 01f0 41       		.byte	65
 526 01f1 10       		.byte	16
 527 01f2 46       		.byte	70
 528 01f3 50       		.byte	80
 529 01f4 47       		.byte	71
 530 01f5 10       		.byte	16
 531 01f6 48       		.byte	72
 532 01f7 10       		.byte	16
 533 01f8 4B       		.byte	75
 534 01f9 04       		.byte	4
 535 01fa 4F       		.byte	79
 536 01fb 08       		.byte	8
 537 01fc 50       		.byte	80
 538 01fd 40       		.byte	64
 539 01fe 52       		.byte	82
 540 01ff 40       		.byte	64
 541 0200 55       		.byte	85
 542 0201 04       		.byte	4
 543 0202 57       		.byte	87
 544 0203 50       		.byte	80
 545 0204 5D       		.byte	93
 546 0205 01       		.byte	1
 547 0206 5E       		.byte	94
 548 0207 40       		.byte	64
 549 0208 5F       		.byte	95
 550 0209 18       		.byte	24
 551 020a 63       		.byte	99
 552 020b 30       		.byte	48
 553 020c 79       		.byte	121
 554 020d 01       		.byte	1
 555 020e 7B       		.byte	123
 556 020f 40       		.byte	64
 557 0210 89       		.byte	-119
 558 0211 08       		.byte	8
 559 0212 8A       		.byte	-118
 560 0213 02       		.byte	2
 561 0214 92       		.byte	-110
 562 0215 04       		.byte	4
 563 0216 93       		.byte	-109
 564 0217 80       		.byte	-128
 565 0218 94       		.byte	-108
 566 0219 04       		.byte	4
 567 021a 99       		.byte	-103
 568 021b 05       		.byte	5
 569 021c 9B       		.byte	-101
 570 021d 08       		.byte	8
ARM GAS  C:\Users\ALBERT~1\AppData\Local\Temp\ccyTyKqf.s 			page 11


 571 021e 9D       		.byte	-99
 572 021f 2A       		.byte	42
 573 0220 9E       		.byte	-98
 574 0221 02       		.byte	2
 575 0222 9F       		.byte	-97
 576 0223 40       		.byte	64
 577 0224 A1       		.byte	-95
 578 0225 01       		.byte	1
 579 0226 A3       		.byte	-93
 580 0227 28       		.byte	40
 581 0228 A5       		.byte	-91
 582 0229 40       		.byte	64
 583 022a A7       		.byte	-89
 584 022b 40       		.byte	64
 585 022c C0       		.byte	-64
 586 022d FF       		.byte	-1
 587 022e C2       		.byte	-62
 588 022f 6E       		.byte	110
 589 0230 C4       		.byte	-60
 590 0231 46       		.byte	70
 591 0232 CA       		.byte	-54
 592 0233 E1       		.byte	-31
 593 0234 CC       		.byte	-52
 594 0235 E6       		.byte	-26
 595 0236 CE       		.byte	-50
 596 0237 DE       		.byte	-34
 597 0238 D0       		.byte	-48
 598 0239 E4       		.byte	-28
 599 023a D6       		.byte	-42
 600 023b F0       		.byte	-16
 601 023c 87       		.byte	-121
 602 023d 10       		.byte	16
 603 023e 10       		.byte	16
 604 023f 40       		.byte	64
 605 0240 73       		.byte	115
 606 0241 10       		.byte	16
 607 0242 88       		.byte	-120
 608 0243 40       		.byte	64
 609 0244 93       		.byte	-109
 610 0245 10       		.byte	16
 611 0246 C4       		.byte	-60
 612 0247 08       		.byte	8
 613 0248 DC       		.byte	-36
 614 0249 01       		.byte	1
 615 024a E2       		.byte	-30
 616 024b 01       		.byte	1
 617 024c 10       		.byte	16
 618 024d 01       		.byte	1
 619 024e 1C       		.byte	28
 620 024f 01       		.byte	1
 621 0250 1F       		.byte	31
 622 0251 10       		.byte	16
 623 0252 20       		.byte	32
 624 0253 00       		.byte	0
 625 0254 3F       		.byte	63
 626 0255 00       		.byte	0
 627 0256 00       		.byte	0
ARM GAS  C:\Users\ALBERT~1\AppData\Local\Temp\ccyTyKqf.s 			page 12


 628 0257 04       		.byte	4
 629 0258 02       		.byte	2
 630 0259 00       		.byte	0
 631 025a 00       		.byte	0
 632 025b E3       		.byte	-29
 633 025c 01       		.byte	1
 634 025d C0       		.byte	-64
 635 025e 00       		.byte	0
 636 025f 00       		.byte	0
 637 0260 1C       		.byte	28
 638 0261 1C       		.byte	28
 639 0262 23       		.byte	35
 640 0263 E1       		.byte	-31
 641 0264 00       		.byte	0
 642 0265 E7       		.byte	-25
 643 0266 23       		.byte	35
 644 0267 18       		.byte	24
 645 0268 33       		.byte	51
 646 0269 18       		.byte	24
 647 026a 0C       		.byte	12
 648 026b 00       		.byte	0
 649 026c 08       		.byte	8
 650 026d 3C       		.byte	60
 651 026e 00       		.byte	0
 652 026f C2       		.byte	-62
 653 0270 03       		.byte	3
 654 0271 44       		.byte	68
 655 0272 00       		.byte	0
 656 0273 00       		.byte	0
 657 0274 04       		.byte	4
 658 0275 08       		.byte	8
 659 0276 00       		.byte	0
 660 0277 00       		.byte	0
 661 0278 0C       		.byte	12
 662 0279 80       		.byte	-128
 663 027a 00       		.byte	0
 664 027b 00       		.byte	0
 665 027c 00       		.byte	0
 666 027d FF       		.byte	-1
 667 027e 00       		.byte	0
 668 027f 00       		.byte	0
 669 0280 2C       		.byte	44
 670 0281 1F       		.byte	31
 671 0282 00       		.byte	0
 672 0283 38       		.byte	56
 673 0284 0F       		.byte	15
 674 0285 00       		.byte	0
 675 0286 10       		.byte	16
 676 0287 C0       		.byte	-64
 677 0288 00       		.byte	0
 678 0289 00       		.byte	0
 679 028a 2A       		.byte	42
 680 028b 02       		.byte	2
 681 028c 00       		.byte	0
 682 028d 00       		.byte	0
 683 028e 40       		.byte	64
 684 028f 00       		.byte	0
ARM GAS  C:\Users\ALBERT~1\AppData\Local\Temp\ccyTyKqf.s 			page 13


 685 0290 26       		.byte	38
 686 0291 05       		.byte	5
 687 0292 03       		.byte	3
 688 0293 00       		.byte	0
 689 0294 01       		.byte	1
 690 0295 0C       		.byte	12
 691 0296 00       		.byte	0
 692 0297 E0       		.byte	-32
 693 0298 21       		.byte	33
 694 0299 FF       		.byte	-1
 695 029a FF       		.byte	-1
 696 029b FF       		.byte	-1
 697 029c 62       		.byte	98
 698 029d A0       		.byte	-96
 699 029e F0       		.byte	-16
 700 029f 41       		.byte	65
 701 02a0 0C       		.byte	12
 702 02a1 00       		.byte	0
 703 02a2 00       		.byte	0
 704 02a3 00       		.byte	0
 705 02a4 00       		.byte	0
 706 02a5 00       		.byte	0
 707 02a6 02       		.byte	2
 708 02a7 13       		.byte	19
 709 02a8 04       		.byte	4
 710 02a9 04       		.byte	4
 711 02aa 04       		.byte	4
 712 02ab 04       		.byte	4
 713 02ac 00       		.byte	0
 714 02ad 00       		.byte	0
 715 02ae 00       		.byte	0
 716 02af 01       		.byte	1
 717 02b0 00       		.byte	0
 718 02b1 00       		.byte	0
 719 02b2 00       		.byte	0
 720 02b3 00       		.byte	0
 721 02b4 00       		.byte	0
 722 02b5 00       		.byte	0
 723 02b6 40       		.byte	64
 724 02b7 02       		.byte	2
 725 02b8 00       		.byte	0
 726 02b9 10       		.byte	16
 727 02ba 30       		.byte	48
 728 02bb 10       		.byte	16
 729 02bc 00       		.byte	0
 730 02bd 10       		.byte	16
 731 02be 10       		.byte	16
 732 02bf 12       		.byte	18
 733 02c0 00       		.byte	0
 734 02c1 00       		.byte	0
 735 02c2 00       		.byte	0
 736 02c3 00       		.byte	0
 737 02c4 00       		.byte	0
 738 02c5 00       		.byte	0
 739 02c6 00       		.byte	0
 740 02c7 00       		.byte	0
 741 02c8 00       		.byte	0
ARM GAS  C:\Users\ALBERT~1\AppData\Local\Temp\ccyTyKqf.s 			page 14


 742 02c9 00       		.byte	0
 743 02ca 00       		.byte	0
 744 02cb 00       		.byte	0
 745 02cc 00       		.byte	0
 746 02cd 00       		.byte	0
 747 02ce 00       		.byte	0
 748 02cf 00       		.byte	0
 749 02d0 80       		.byte	-128
 750 02d1 00       		.byte	0
 751 02d2 40       		.byte	64
 752 02d3 80       		.byte	-128
 753 02d4 80       		.byte	-128
 754 02d5 00       		.byte	0
 755 02d6 80       		.byte	-128
 756 02d7 00       		.byte	0
 757 02d8 00       		.byte	0
 758 02d9 00       		.byte	0
 759 02da 00       		.byte	0
 760 02db 00       		.byte	0
 761 02dc 00       		.byte	0
 762 02dd 0B       		.byte	11
 763 02de 0B       		.byte	11
 764 02df 00       		.byte	0
 765 02e0 00       		.byte	0
 766 02e1 00       		.byte	0
 767 02e2 00       		.byte	0
 768 02e3 00       		.byte	0
 769              		.section	.cywolatch,"a",%progbits
 770              		.align	2
 771              		.type	cy_meta_wonvl, %object
 772              		.size	cy_meta_wonvl, 4
 773              	cy_meta_wonvl:
 774 0000 BC       		.byte	-68
 775 0001 90       		.byte	-112
 776 0002 AC       		.byte	-84
 777 0003 AF       		.byte	-81
 778              		.section	.cycustnvl,"a",%progbits
 779              		.align	2
 780              		.type	cy_meta_custnvl, %object
 781              		.size	cy_meta_custnvl, 4
 782              	cy_meta_custnvl:
 783 0000 00       		.byte	0
 784 0001 00       		.byte	0
 785 0002 40       		.byte	64
 786 0003 05       		.byte	5
 787              		.section	.cymeta,"a",%progbits
 788              		.align	2
 789              		.type	cy_metadata, %object
 790              		.size	cy_metadata, 12
 791              	cy_metadata:
 792 0000 00       		.byte	0
 793 0001 01       		.byte	1
 794 0002 2E       		.byte	46
 795 0003 16       		.byte	22
 796 0004 10       		.byte	16
 797 0005 69       		.byte	105
 798 0006 00       		.byte	0
ARM GAS  C:\Users\ALBERT~1\AppData\Local\Temp\ccyTyKqf.s 			page 15


 799 0007 01       		.byte	1
 800 0008 00       		.byte	0
 801 0009 00       		.byte	0
 802 000a 00       		.byte	0
 803 000b 00       		.byte	0
 804              		.section	.cyflashprotect,"a",%progbits
 805              		.align	2
 806              		.type	cy_meta_flashprotect, %object
 807              		.size	cy_meta_flashprotect, 256
 808              	cy_meta_flashprotect:
 809 0000 00000000 		.space	256
 809      00000000 
 809      00000000 
 809      00000000 
 809      00000000 
 810              		.text
 811              	.Letext0:
 812              		.file 1 "c:\\program files (x86)\\cypress\\psoc creator\\4.2\\psoc creator\\import\\gnu\\arm\\5.4.
 813              		.file 2 "c:\\program files (x86)\\cypress\\psoc creator\\4.2\\psoc creator\\import\\gnu\\arm\\5.4.
 814              		.file 3 "Generated_Source\\PSoC5\\cymetadata.c"
 815              		.section	.debug_info,"",%progbits
 816              	.Ldebug_info0:
 817 0000 31010000 		.4byte	0x131
 818 0004 0400     		.2byte	0x4
 819 0006 00000000 		.4byte	.Ldebug_abbrev0
 820 000a 04       		.byte	0x4
 821 000b 01       		.uleb128 0x1
 822 000c 24000000 		.4byte	.LASF17
 823 0010 0C       		.byte	0xc
 824 0011 D7010000 		.4byte	.LASF18
 825 0015 51010000 		.4byte	.LASF19
 826 0019 00000000 		.4byte	.Ldebug_line0
 827 001d 02       		.uleb128 0x2
 828 001e 01       		.byte	0x1
 829 001f 06       		.byte	0x6
 830 0020 CB010000 		.4byte	.LASF0
 831 0024 03       		.uleb128 0x3
 832 0025 00000000 		.4byte	.LASF9
 833 0029 01       		.byte	0x1
 834 002a 1D       		.byte	0x1d
 835 002b 2F000000 		.4byte	0x2f
 836 002f 02       		.uleb128 0x2
 837 0030 01       		.byte	0x1
 838 0031 08       		.byte	0x8
 839 0032 16000000 		.4byte	.LASF1
 840 0036 02       		.uleb128 0x2
 841 0037 02       		.byte	0x2
 842 0038 05       		.byte	0x5
 843 0039 B8010000 		.4byte	.LASF2
 844 003d 02       		.uleb128 0x2
 845 003e 02       		.byte	0x2
 846 003f 07       		.byte	0x7
 847 0040 C4000000 		.4byte	.LASF3
 848 0044 02       		.uleb128 0x2
 849 0045 04       		.byte	0x4
 850 0046 05       		.byte	0x5
 851 0047 C2010000 		.4byte	.LASF4
ARM GAS  C:\Users\ALBERT~1\AppData\Local\Temp\ccyTyKqf.s 			page 16


 852 004b 02       		.uleb128 0x2
 853 004c 04       		.byte	0x4
 854 004d 07       		.byte	0x7
 855 004e B2000000 		.4byte	.LASF5
 856 0052 02       		.uleb128 0x2
 857 0053 08       		.byte	0x8
 858 0054 05       		.byte	0x5
 859 0055 AA010000 		.4byte	.LASF6
 860 0059 02       		.uleb128 0x2
 861 005a 08       		.byte	0x8
 862 005b 07       		.byte	0x7
 863 005c 06010000 		.4byte	.LASF7
 864 0060 04       		.uleb128 0x4
 865 0061 04       		.byte	0x4
 866 0062 05       		.byte	0x5
 867 0063 696E7400 		.ascii	"int\000"
 868 0067 02       		.uleb128 0x2
 869 0068 04       		.byte	0x4
 870 0069 07       		.byte	0x7
 871 006a F9000000 		.4byte	.LASF8
 872 006e 03       		.uleb128 0x3
 873 006f 1D010000 		.4byte	.LASF10
 874 0073 02       		.byte	0x2
 875 0074 18       		.byte	0x18
 876 0075 24000000 		.4byte	0x24
 877 0079 05       		.uleb128 0x5
 878 007a 91000000 		.4byte	0x91
 879 007e 8A000000 		.4byte	0x8a
 880 0082 06       		.uleb128 0x6
 881 0083 8A000000 		.4byte	0x8a
 882 0087 E302     		.2byte	0x2e3
 883 0089 00       		.byte	0
 884 008a 02       		.uleb128 0x2
 885 008b 04       		.byte	0x4
 886 008c 07       		.byte	0x7
 887 008d 48010000 		.4byte	.LASF11
 888 0091 07       		.uleb128 0x7
 889 0092 6E000000 		.4byte	0x6e
 890 0096 08       		.uleb128 0x8
 891 0097 E7000000 		.4byte	.LASF12
 892 009b 03       		.byte	0x3
 893 009c 1F       		.byte	0x1f
 894 009d A7000000 		.4byte	0xa7
 895 00a1 05       		.uleb128 0x5
 896 00a2 03       		.byte	0x3
 897 00a3 00000000 		.4byte	cy_meta_configecc
 898 00a7 07       		.uleb128 0x7
 899 00a8 79000000 		.4byte	0x79
 900 00ac 05       		.uleb128 0x5
 901 00ad 91000000 		.4byte	0x91
 902 00b1 BC000000 		.4byte	0xbc
 903 00b5 09       		.uleb128 0x9
 904 00b6 8A000000 		.4byte	0x8a
 905 00ba 03       		.byte	0x3
 906 00bb 00       		.byte	0
 907 00bc 08       		.uleb128 0x8
 908 00bd D7000000 		.4byte	.LASF13
ARM GAS  C:\Users\ALBERT~1\AppData\Local\Temp\ccyTyKqf.s 			page 17


 909 00c1 03       		.byte	0x3
 910 00c2 89       		.byte	0x89
 911 00c3 CD000000 		.4byte	0xcd
 912 00c7 05       		.uleb128 0x5
 913 00c8 03       		.byte	0x3
 914 00c9 00000000 		.4byte	cy_meta_custnvl
 915 00cd 07       		.uleb128 0x7
 916 00ce AC000000 		.4byte	0xac
 917 00d2 08       		.uleb128 0x8
 918 00d3 3A010000 		.4byte	.LASF14
 919 00d7 03       		.byte	0x3
 920 00d8 97       		.byte	0x97
 921 00d9 E3000000 		.4byte	0xe3
 922 00dd 05       		.uleb128 0x5
 923 00de 03       		.byte	0x3
 924 00df 00000000 		.4byte	cy_meta_wonvl
 925 00e3 07       		.uleb128 0x7
 926 00e4 AC000000 		.4byte	0xac
 927 00e8 05       		.uleb128 0x5
 928 00e9 91000000 		.4byte	0x91
 929 00ed F8000000 		.4byte	0xf8
 930 00f1 09       		.uleb128 0x9
 931 00f2 8A000000 		.4byte	0x8a
 932 00f6 FF       		.byte	0xff
 933 00f7 00       		.byte	0
 934 00f8 08       		.uleb128 0x8
 935 00f9 25010000 		.4byte	.LASF15
 936 00fd 03       		.byte	0x3
 937 00fe A5       		.byte	0xa5
 938 00ff 09010000 		.4byte	0x109
 939 0103 05       		.uleb128 0x5
 940 0104 03       		.byte	0x3
 941 0105 00000000 		.4byte	cy_meta_flashprotect
 942 0109 07       		.uleb128 0x7
 943 010a E8000000 		.4byte	0xe8
 944 010e 05       		.uleb128 0x5
 945 010f 91000000 		.4byte	0x91
 946 0113 1E010000 		.4byte	0x11e
 947 0117 09       		.uleb128 0x9
 948 0118 8A000000 		.4byte	0x8a
 949 011c 0B       		.byte	0xb
 950 011d 00       		.byte	0
 951 011e 08       		.uleb128 0x8
 952 011f 0A000000 		.4byte	.LASF16
 953 0123 03       		.byte	0x3
 954 0124 D2       		.byte	0xd2
 955 0125 2F010000 		.4byte	0x12f
 956 0129 05       		.uleb128 0x5
 957 012a 03       		.byte	0x3
 958 012b 00000000 		.4byte	cy_metadata
 959 012f 07       		.uleb128 0x7
 960 0130 0E010000 		.4byte	0x10e
 961 0134 00       		.byte	0
 962              		.section	.debug_abbrev,"",%progbits
 963              	.Ldebug_abbrev0:
 964 0000 01       		.uleb128 0x1
 965 0001 11       		.uleb128 0x11
ARM GAS  C:\Users\ALBERT~1\AppData\Local\Temp\ccyTyKqf.s 			page 18


 966 0002 01       		.byte	0x1
 967 0003 25       		.uleb128 0x25
 968 0004 0E       		.uleb128 0xe
 969 0005 13       		.uleb128 0x13
 970 0006 0B       		.uleb128 0xb
 971 0007 03       		.uleb128 0x3
 972 0008 0E       		.uleb128 0xe
 973 0009 1B       		.uleb128 0x1b
 974 000a 0E       		.uleb128 0xe
 975 000b 10       		.uleb128 0x10
 976 000c 17       		.uleb128 0x17
 977 000d 00       		.byte	0
 978 000e 00       		.byte	0
 979 000f 02       		.uleb128 0x2
 980 0010 24       		.uleb128 0x24
 981 0011 00       		.byte	0
 982 0012 0B       		.uleb128 0xb
 983 0013 0B       		.uleb128 0xb
 984 0014 3E       		.uleb128 0x3e
 985 0015 0B       		.uleb128 0xb
 986 0016 03       		.uleb128 0x3
 987 0017 0E       		.uleb128 0xe
 988 0018 00       		.byte	0
 989 0019 00       		.byte	0
 990 001a 03       		.uleb128 0x3
 991 001b 16       		.uleb128 0x16
 992 001c 00       		.byte	0
 993 001d 03       		.uleb128 0x3
 994 001e 0E       		.uleb128 0xe
 995 001f 3A       		.uleb128 0x3a
 996 0020 0B       		.uleb128 0xb
 997 0021 3B       		.uleb128 0x3b
 998 0022 0B       		.uleb128 0xb
 999 0023 49       		.uleb128 0x49
 1000 0024 13       		.uleb128 0x13
 1001 0025 00       		.byte	0
 1002 0026 00       		.byte	0
 1003 0027 04       		.uleb128 0x4
 1004 0028 24       		.uleb128 0x24
 1005 0029 00       		.byte	0
 1006 002a 0B       		.uleb128 0xb
 1007 002b 0B       		.uleb128 0xb
 1008 002c 3E       		.uleb128 0x3e
 1009 002d 0B       		.uleb128 0xb
 1010 002e 03       		.uleb128 0x3
 1011 002f 08       		.uleb128 0x8
 1012 0030 00       		.byte	0
 1013 0031 00       		.byte	0
 1014 0032 05       		.uleb128 0x5
 1015 0033 01       		.uleb128 0x1
 1016 0034 01       		.byte	0x1
 1017 0035 49       		.uleb128 0x49
 1018 0036 13       		.uleb128 0x13
 1019 0037 01       		.uleb128 0x1
 1020 0038 13       		.uleb128 0x13
 1021 0039 00       		.byte	0
 1022 003a 00       		.byte	0
ARM GAS  C:\Users\ALBERT~1\AppData\Local\Temp\ccyTyKqf.s 			page 19


 1023 003b 06       		.uleb128 0x6
 1024 003c 21       		.uleb128 0x21
 1025 003d 00       		.byte	0
 1026 003e 49       		.uleb128 0x49
 1027 003f 13       		.uleb128 0x13
 1028 0040 2F       		.uleb128 0x2f
 1029 0041 05       		.uleb128 0x5
 1030 0042 00       		.byte	0
 1031 0043 00       		.byte	0
 1032 0044 07       		.uleb128 0x7
 1033 0045 26       		.uleb128 0x26
 1034 0046 00       		.byte	0
 1035 0047 49       		.uleb128 0x49
 1036 0048 13       		.uleb128 0x13
 1037 0049 00       		.byte	0
 1038 004a 00       		.byte	0
 1039 004b 08       		.uleb128 0x8
 1040 004c 34       		.uleb128 0x34
 1041 004d 00       		.byte	0
 1042 004e 03       		.uleb128 0x3
 1043 004f 0E       		.uleb128 0xe
 1044 0050 3A       		.uleb128 0x3a
 1045 0051 0B       		.uleb128 0xb
 1046 0052 3B       		.uleb128 0x3b
 1047 0053 0B       		.uleb128 0xb
 1048 0054 49       		.uleb128 0x49
 1049 0055 13       		.uleb128 0x13
 1050 0056 3F       		.uleb128 0x3f
 1051 0057 19       		.uleb128 0x19
 1052 0058 02       		.uleb128 0x2
 1053 0059 18       		.uleb128 0x18
 1054 005a 00       		.byte	0
 1055 005b 00       		.byte	0
 1056 005c 09       		.uleb128 0x9
 1057 005d 21       		.uleb128 0x21
 1058 005e 00       		.byte	0
 1059 005f 49       		.uleb128 0x49
 1060 0060 13       		.uleb128 0x13
 1061 0061 2F       		.uleb128 0x2f
 1062 0062 0B       		.uleb128 0xb
 1063 0063 00       		.byte	0
 1064 0064 00       		.byte	0
 1065 0065 00       		.byte	0
 1066              		.section	.debug_aranges,"",%progbits
 1067 0000 14000000 		.4byte	0x14
 1068 0004 0200     		.2byte	0x2
 1069 0006 00000000 		.4byte	.Ldebug_info0
 1070 000a 04       		.byte	0x4
 1071 000b 00       		.byte	0
 1072 000c 0000     		.2byte	0
 1073 000e 0000     		.2byte	0
 1074 0010 00000000 		.4byte	0
 1075 0014 00000000 		.4byte	0
 1076              		.section	.debug_line,"",%progbits
 1077              	.Ldebug_line0:
 1078 0000 3D010000 		.section	.debug_str,"MS",%progbits,1
 1078      02003701 
ARM GAS  C:\Users\ALBERT~1\AppData\Local\Temp\ccyTyKqf.s 			page 20


 1078      00000201 
 1078      FB0E0D00 
 1078      01010101 
 1079              	.LASF9:
 1080 0000 5F5F7569 		.ascii	"__uint8_t\000"
 1080      6E74385F 
 1080      7400
 1081              	.LASF16:
 1082 000a 63795F6D 		.ascii	"cy_metadata\000"
 1082      65746164 
 1082      61746100 
 1083              	.LASF1:
 1084 0016 756E7369 		.ascii	"unsigned char\000"
 1084      676E6564 
 1084      20636861 
 1084      7200
 1085              	.LASF17:
 1086 0024 474E5520 		.ascii	"GNU C11 5.4.1 20160609 (release) [ARM/embedded-5-br"
 1086      43313120 
 1086      352E342E 
 1086      31203230 
 1086      31363036 
 1087 0057 616E6368 		.ascii	"anch revision 237715] -mcpu=cortex-m3 -mthumb -g -O"
 1087      20726576 
 1087      6973696F 
 1087      6E203233 
 1087      37373135 
 1088 008a 67202D66 		.ascii	"g -ffunction-sections -ffat-lto-objects\000"
 1088      66756E63 
 1088      74696F6E 
 1088      2D736563 
 1088      74696F6E 
 1089              	.LASF5:
 1090 00b2 6C6F6E67 		.ascii	"long unsigned int\000"
 1090      20756E73 
 1090      69676E65 
 1090      6420696E 
 1090      7400
 1091              	.LASF3:
 1092 00c4 73686F72 		.ascii	"short unsigned int\000"
 1092      7420756E 
 1092      7369676E 
 1092      65642069 
 1092      6E7400
 1093              	.LASF13:
 1094 00d7 63795F6D 		.ascii	"cy_meta_custnvl\000"
 1094      6574615F 
 1094      63757374 
 1094      6E766C00 
 1095              	.LASF12:
 1096 00e7 63795F6D 		.ascii	"cy_meta_configecc\000"
 1096      6574615F 
 1096      636F6E66 
 1096      69676563 
 1096      6300
 1097              	.LASF8:
 1098 00f9 756E7369 		.ascii	"unsigned int\000"
ARM GAS  C:\Users\ALBERT~1\AppData\Local\Temp\ccyTyKqf.s 			page 21


 1098      676E6564 
 1098      20696E74 
 1098      00
 1099              	.LASF7:
 1100 0106 6C6F6E67 		.ascii	"long long unsigned int\000"
 1100      206C6F6E 
 1100      6720756E 
 1100      7369676E 
 1100      65642069 
 1101              	.LASF10:
 1102 011d 75696E74 		.ascii	"uint8_t\000"
 1102      385F7400 
 1103              	.LASF15:
 1104 0125 63795F6D 		.ascii	"cy_meta_flashprotect\000"
 1104      6574615F 
 1104      666C6173 
 1104      6870726F 
 1104      74656374 
 1105              	.LASF14:
 1106 013a 63795F6D 		.ascii	"cy_meta_wonvl\000"
 1106      6574615F 
 1106      776F6E76 
 1106      6C00
 1107              	.LASF11:
 1108 0148 73697A65 		.ascii	"sizetype\000"
 1108      74797065 
 1108      00
 1109              	.LASF19:
 1110 0151 433A5C55 		.ascii	"C:\\Users\\Albert Sandager\\Documents\\GitHub\\P4-V"
 1110      73657273 
 1110      5C416C62 
 1110      65727420 
 1110      53616E64 
 1111 017f 69657743 		.ascii	"iewCare\\PSoC\\UART_printf\\UART_printf.cydsn\000"
 1111      6172655C 
 1111      50536F43 
 1111      5C554152 
 1111      545F7072 
 1112              	.LASF6:
 1113 01aa 6C6F6E67 		.ascii	"long long int\000"
 1113      206C6F6E 
 1113      6720696E 
 1113      7400
 1114              	.LASF2:
 1115 01b8 73686F72 		.ascii	"short int\000"
 1115      7420696E 
 1115      7400
 1116              	.LASF4:
 1117 01c2 6C6F6E67 		.ascii	"long int\000"
 1117      20696E74 
 1117      00
 1118              	.LASF0:
 1119 01cb 7369676E 		.ascii	"signed char\000"
 1119      65642063 
 1119      68617200 
 1120              	.LASF18:
 1121 01d7 47656E65 		.ascii	"Generated_Source\\PSoC5\\cymetadata.c\000"
ARM GAS  C:\Users\ALBERT~1\AppData\Local\Temp\ccyTyKqf.s 			page 22


 1121      72617465 
 1121      645F536F 
 1121      75726365 
 1121      5C50536F 
 1122              		.ident	"GCC: (GNU Tools for ARM Embedded Processors) 5.4.1 20160609 (release) [ARM/embedded-5-bran
