ARM GAS  C:\Users\ALBERT~1\AppData\Local\Temp\ccL1TV8r.s 			page 1


   1              		.syntax unified
   2              		.cpu cortex-m3
   3              		.fpu softvfp
   4              		.eabi_attribute 20, 1
   5              		.eabi_attribute 21, 1
   6              		.eabi_attribute 23, 3
   7              		.eabi_attribute 24, 1
   8              		.eabi_attribute 25, 1
   9              		.eabi_attribute 26, 1
  10              		.eabi_attribute 30, 1
  11              		.eabi_attribute 34, 1
  12              		.eabi_attribute 18, 4
  13              		.thumb
  14              		.syntax unified
  15              		.file	"main.c"
  16              		.text
  17              	.Ltext0:
  18              		.cfi_sections	.debug_frame
  19              		.section	.text.main,"ax",%progbits
  20              		.align	2
  21              		.global	main
  22              		.thumb
  23              		.thumb_func
  24              		.type	main, %function
  25              	main:
  26              	.LFB63:
  27              		.file 1 "main.c"
   1:main.c        **** /* ========================================
   2:main.c        ****  *
   3:main.c        ****  * Copyright YOUR COMPANY, THE YEAR
   4:main.c        ****  * All Rights Reserved
   5:main.c        ****  * UNPUBLISHED, LICENSED SOFTWARE.
   6:main.c        ****  *
   7:main.c        ****  * CONFIDENTIAL AND PROPRIETARY INFORMATION
   8:main.c        ****  * WHICH IS THE PROPERTY OF your company.
   9:main.c        ****  *
  10:main.c        ****  * ========================================
  11:main.c        **** */
  12:main.c        **** #include "project.h"
  13:main.c        **** 
  14:main.c        **** int main(void)
  15:main.c        **** {
  28              		.loc 1 15 0
  29              		.cfi_startproc
  30              		@ Volatile: function does not return.
  31              		@ args = 0, pretend = 0, frame = 0
  32              		@ frame_needed = 0, uses_anonymous_args = 0
  33 0000 08B5     		push	{r3, lr}
  34              		.cfi_def_cfa_offset 8
  35              		.cfi_offset 3, -8
  36              		.cfi_offset 14, -4
  16:main.c        ****     CyGlobalIntEnable; /* Enable global interrupts. */
  37              		.loc 1 16 0
  38              		.syntax unified
  39              	@ 16 "main.c" 1
  40 0002 62B6     		CPSIE   i
  41              	@ 0 "" 2
ARM GAS  C:\Users\ALBERT~1\AppData\Local\Temp\ccL1TV8r.s 			page 2


  17:main.c        ****     UART_Start();
  42              		.loc 1 17 0
  43              		.thumb
  44              		.syntax unified
  45 0004 FFF7FEFF 		bl	UART_Start
  46              	.LVL0:
  47              	.L2:
  18:main.c        ****     
  19:main.c        ****     
  20:main.c        ****     /* Place your initialization/startup code here (e.g. MyInst_Start()) */
  21:main.c        **** 
  22:main.c        ****     for(;;)
  23:main.c        ****     {
  24:main.c        ****         UART_PutString("Hej Albert din dejlige dreng\n \r");
  48              		.loc 1 24 0 discriminator 1
  49 0008 0348     		ldr	r0, .L4
  50 000a FFF7FEFF 		bl	UART_PutString
  51              	.LVL1:
  25:main.c        ****         
  26:main.c        ****         CyDelay(1000);
  52              		.loc 1 26 0 discriminator 1
  53 000e 4FF47A70 		mov	r0, #1000
  54 0012 FFF7FEFF 		bl	CyDelay
  55              	.LVL2:
  56 0016 F7E7     		b	.L2
  57              	.L5:
  58              		.align	2
  59              	.L4:
  60 0018 00000000 		.word	.LC0
  61              		.cfi_endproc
  62              	.LFE63:
  63              		.size	main, .-main
  64              		.section	.rodata.str1.4,"aMS",%progbits,1
  65              		.align	2
  66              	.LC0:
  67 0000 48656A20 		.ascii	"Hej Albert din dejlige dreng\012 \015\000"
  67      416C6265 
  67      72742064 
  67      696E2064 
  67      656A6C69 
  68              		.text
  69              	.Letext0:
  70              		.file 2 "c:\\program files (x86)\\cypress\\psoc creator\\4.2\\psoc creator\\import\\gnu\\arm\\5.4.
  71              		.file 3 "c:\\program files (x86)\\cypress\\psoc creator\\4.2\\psoc creator\\import\\gnu\\arm\\5.4.
  72              		.file 4 "Generated_Source\\PSoC5/UART.h"
  73              		.file 5 "Generated_Source\\PSoC5/CyLib.h"
  74              		.file 6 "Generated_Source\\PSoC5/core_cm3.h"
  75              		.section	.debug_info,"",%progbits
  76              	.Ldebug_info0:
  77 0000 1E010000 		.4byte	0x11e
  78 0004 0400     		.2byte	0x4
  79 0006 00000000 		.4byte	.Ldebug_abbrev0
  80 000a 04       		.byte	0x4
  81 000b 01       		.uleb128 0x1
  82 000c 3A000000 		.4byte	.LASF19
  83 0010 0C       		.byte	0xc
  84 0011 2E000000 		.4byte	.LASF20
ARM GAS  C:\Users\ALBERT~1\AppData\Local\Temp\ccL1TV8r.s 			page 3


  85 0015 17010000 		.4byte	.LASF21
  86 0019 00000000 		.4byte	.Ldebug_ranges0+0
  87 001d 00000000 		.4byte	0
  88 0021 00000000 		.4byte	.Ldebug_line0
  89 0025 02       		.uleb128 0x2
  90 0026 01       		.byte	0x1
  91 0027 06       		.byte	0x6
  92 0028 9C010000 		.4byte	.LASF0
  93 002c 02       		.uleb128 0x2
  94 002d 01       		.byte	0x1
  95 002e 08       		.byte	0x8
  96 002f 04010000 		.4byte	.LASF1
  97 0033 02       		.uleb128 0x2
  98 0034 02       		.byte	0x2
  99 0035 05       		.byte	0x5
 100 0036 C4010000 		.4byte	.LASF2
 101 003a 02       		.uleb128 0x2
 102 003b 02       		.byte	0x2
 103 003c 07       		.byte	0x7
 104 003d 0E000000 		.4byte	.LASF3
 105 0041 03       		.uleb128 0x3
 106 0042 B4010000 		.4byte	.LASF9
 107 0046 02       		.byte	0x2
 108 0047 3F       		.byte	0x3f
 109 0048 4C000000 		.4byte	0x4c
 110 004c 02       		.uleb128 0x2
 111 004d 04       		.byte	0x4
 112 004e 05       		.byte	0x5
 113 004f 70010000 		.4byte	.LASF4
 114 0053 02       		.uleb128 0x2
 115 0054 04       		.byte	0x4
 116 0055 07       		.byte	0x7
 117 0056 D0000000 		.4byte	.LASF5
 118 005a 02       		.uleb128 0x2
 119 005b 08       		.byte	0x8
 120 005c 05       		.byte	0x5
 121 005d 00000000 		.4byte	.LASF6
 122 0061 02       		.uleb128 0x2
 123 0062 08       		.byte	0x8
 124 0063 07       		.byte	0x7
 125 0064 E2000000 		.4byte	.LASF7
 126 0068 04       		.uleb128 0x4
 127 0069 04       		.byte	0x4
 128 006a 05       		.byte	0x5
 129 006b 696E7400 		.ascii	"int\000"
 130 006f 02       		.uleb128 0x2
 131 0070 04       		.byte	0x4
 132 0071 07       		.byte	0x7
 133 0072 21000000 		.4byte	.LASF8
 134 0076 03       		.uleb128 0x3
 135 0077 CE010000 		.4byte	.LASF10
 136 007b 03       		.byte	0x3
 137 007c 2C       		.byte	0x2c
 138 007d 41000000 		.4byte	0x41
 139 0081 02       		.uleb128 0x2
 140 0082 04       		.byte	0x4
 141 0083 04       		.byte	0x4
ARM GAS  C:\Users\ALBERT~1\AppData\Local\Temp\ccL1TV8r.s 			page 4


 142 0084 BE010000 		.4byte	.LASF11
 143 0088 02       		.uleb128 0x2
 144 0089 08       		.byte	0x8
 145 008a 04       		.byte	0x4
 146 008b 79010000 		.4byte	.LASF12
 147 008f 02       		.uleb128 0x2
 148 0090 01       		.byte	0x1
 149 0091 08       		.byte	0x8
 150 0092 12010000 		.4byte	.LASF13
 151 0096 02       		.uleb128 0x2
 152 0097 08       		.byte	0x8
 153 0098 04       		.byte	0x4
 154 0099 A8010000 		.4byte	.LASF14
 155 009d 02       		.uleb128 0x2
 156 009e 04       		.byte	0x4
 157 009f 07       		.byte	0x7
 158 00a0 D6010000 		.4byte	.LASF15
 159 00a4 05       		.uleb128 0x5
 160 00a5 35000000 		.4byte	.LASF22
 161 00a9 01       		.byte	0x1
 162 00aa 0E       		.byte	0xe
 163 00ab 68000000 		.4byte	0x68
 164 00af 00000000 		.4byte	.LFB63
 165 00b3 1C000000 		.4byte	.LFE63-.LFB63
 166 00b7 01       		.uleb128 0x1
 167 00b8 9C       		.byte	0x9c
 168 00b9 EF000000 		.4byte	0xef
 169 00bd 06       		.uleb128 0x6
 170 00be 08000000 		.4byte	.LVL0
 171 00c2 00010000 		.4byte	0x100
 172 00c6 07       		.uleb128 0x7
 173 00c7 0E000000 		.4byte	.LVL1
 174 00cb 0B010000 		.4byte	0x10b
 175 00cf DD000000 		.4byte	0xdd
 176 00d3 08       		.uleb128 0x8
 177 00d4 01       		.uleb128 0x1
 178 00d5 50       		.byte	0x50
 179 00d6 05       		.uleb128 0x5
 180 00d7 03       		.byte	0x3
 181 00d8 00000000 		.4byte	.LC0
 182 00dc 00       		.byte	0
 183 00dd 09       		.uleb128 0x9
 184 00de 16000000 		.4byte	.LVL2
 185 00e2 16010000 		.4byte	0x116
 186 00e6 08       		.uleb128 0x8
 187 00e7 01       		.uleb128 0x1
 188 00e8 50       		.byte	0x50
 189 00e9 03       		.uleb128 0x3
 190 00ea 0A       		.byte	0xa
 191 00eb E803     		.2byte	0x3e8
 192 00ed 00       		.byte	0
 193 00ee 00       		.byte	0
 194 00ef 0A       		.uleb128 0xa
 195 00f0 8F010000 		.4byte	.LASF23
 196 00f4 06       		.byte	0x6
 197 00f5 1207     		.2byte	0x712
 198 00f7 FB000000 		.4byte	0xfb
ARM GAS  C:\Users\ALBERT~1\AppData\Local\Temp\ccL1TV8r.s 			page 5


 199 00fb 0B       		.uleb128 0xb
 200 00fc 76000000 		.4byte	0x76
 201 0100 0C       		.uleb128 0xc
 202 0101 F9000000 		.4byte	.LASF16
 203 0105 F9000000 		.4byte	.LASF16
 204 0109 04       		.byte	0x4
 205 010a 54       		.byte	0x54
 206 010b 0C       		.uleb128 0xc
 207 010c 80010000 		.4byte	.LASF17
 208 0110 80010000 		.4byte	.LASF17
 209 0114 04       		.byte	0x4
 210 0115 8B       		.byte	0x8b
 211 0116 0C       		.uleb128 0xc
 212 0117 C8000000 		.4byte	.LASF18
 213 011b C8000000 		.4byte	.LASF18
 214 011f 05       		.byte	0x5
 215 0120 76       		.byte	0x76
 216 0121 00       		.byte	0
 217              		.section	.debug_abbrev,"",%progbits
 218              	.Ldebug_abbrev0:
 219 0000 01       		.uleb128 0x1
 220 0001 11       		.uleb128 0x11
 221 0002 01       		.byte	0x1
 222 0003 25       		.uleb128 0x25
 223 0004 0E       		.uleb128 0xe
 224 0005 13       		.uleb128 0x13
 225 0006 0B       		.uleb128 0xb
 226 0007 03       		.uleb128 0x3
 227 0008 0E       		.uleb128 0xe
 228 0009 1B       		.uleb128 0x1b
 229 000a 0E       		.uleb128 0xe
 230 000b 55       		.uleb128 0x55
 231 000c 17       		.uleb128 0x17
 232 000d 11       		.uleb128 0x11
 233 000e 01       		.uleb128 0x1
 234 000f 10       		.uleb128 0x10
 235 0010 17       		.uleb128 0x17
 236 0011 00       		.byte	0
 237 0012 00       		.byte	0
 238 0013 02       		.uleb128 0x2
 239 0014 24       		.uleb128 0x24
 240 0015 00       		.byte	0
 241 0016 0B       		.uleb128 0xb
 242 0017 0B       		.uleb128 0xb
 243 0018 3E       		.uleb128 0x3e
 244 0019 0B       		.uleb128 0xb
 245 001a 03       		.uleb128 0x3
 246 001b 0E       		.uleb128 0xe
 247 001c 00       		.byte	0
 248 001d 00       		.byte	0
 249 001e 03       		.uleb128 0x3
 250 001f 16       		.uleb128 0x16
 251 0020 00       		.byte	0
 252 0021 03       		.uleb128 0x3
 253 0022 0E       		.uleb128 0xe
 254 0023 3A       		.uleb128 0x3a
 255 0024 0B       		.uleb128 0xb
ARM GAS  C:\Users\ALBERT~1\AppData\Local\Temp\ccL1TV8r.s 			page 6


 256 0025 3B       		.uleb128 0x3b
 257 0026 0B       		.uleb128 0xb
 258 0027 49       		.uleb128 0x49
 259 0028 13       		.uleb128 0x13
 260 0029 00       		.byte	0
 261 002a 00       		.byte	0
 262 002b 04       		.uleb128 0x4
 263 002c 24       		.uleb128 0x24
 264 002d 00       		.byte	0
 265 002e 0B       		.uleb128 0xb
 266 002f 0B       		.uleb128 0xb
 267 0030 3E       		.uleb128 0x3e
 268 0031 0B       		.uleb128 0xb
 269 0032 03       		.uleb128 0x3
 270 0033 08       		.uleb128 0x8
 271 0034 00       		.byte	0
 272 0035 00       		.byte	0
 273 0036 05       		.uleb128 0x5
 274 0037 2E       		.uleb128 0x2e
 275 0038 01       		.byte	0x1
 276 0039 3F       		.uleb128 0x3f
 277 003a 19       		.uleb128 0x19
 278 003b 03       		.uleb128 0x3
 279 003c 0E       		.uleb128 0xe
 280 003d 3A       		.uleb128 0x3a
 281 003e 0B       		.uleb128 0xb
 282 003f 3B       		.uleb128 0x3b
 283 0040 0B       		.uleb128 0xb
 284 0041 27       		.uleb128 0x27
 285 0042 19       		.uleb128 0x19
 286 0043 49       		.uleb128 0x49
 287 0044 13       		.uleb128 0x13
 288 0045 8701     		.uleb128 0x87
 289 0047 19       		.uleb128 0x19
 290 0048 11       		.uleb128 0x11
 291 0049 01       		.uleb128 0x1
 292 004a 12       		.uleb128 0x12
 293 004b 06       		.uleb128 0x6
 294 004c 40       		.uleb128 0x40
 295 004d 18       		.uleb128 0x18
 296 004e 9742     		.uleb128 0x2117
 297 0050 19       		.uleb128 0x19
 298 0051 01       		.uleb128 0x1
 299 0052 13       		.uleb128 0x13
 300 0053 00       		.byte	0
 301 0054 00       		.byte	0
 302 0055 06       		.uleb128 0x6
 303 0056 898201   		.uleb128 0x4109
 304 0059 00       		.byte	0
 305 005a 11       		.uleb128 0x11
 306 005b 01       		.uleb128 0x1
 307 005c 31       		.uleb128 0x31
 308 005d 13       		.uleb128 0x13
 309 005e 00       		.byte	0
 310 005f 00       		.byte	0
 311 0060 07       		.uleb128 0x7
 312 0061 898201   		.uleb128 0x4109
ARM GAS  C:\Users\ALBERT~1\AppData\Local\Temp\ccL1TV8r.s 			page 7


 313 0064 01       		.byte	0x1
 314 0065 11       		.uleb128 0x11
 315 0066 01       		.uleb128 0x1
 316 0067 31       		.uleb128 0x31
 317 0068 13       		.uleb128 0x13
 318 0069 01       		.uleb128 0x1
 319 006a 13       		.uleb128 0x13
 320 006b 00       		.byte	0
 321 006c 00       		.byte	0
 322 006d 08       		.uleb128 0x8
 323 006e 8A8201   		.uleb128 0x410a
 324 0071 00       		.byte	0
 325 0072 02       		.uleb128 0x2
 326 0073 18       		.uleb128 0x18
 327 0074 9142     		.uleb128 0x2111
 328 0076 18       		.uleb128 0x18
 329 0077 00       		.byte	0
 330 0078 00       		.byte	0
 331 0079 09       		.uleb128 0x9
 332 007a 898201   		.uleb128 0x4109
 333 007d 01       		.byte	0x1
 334 007e 11       		.uleb128 0x11
 335 007f 01       		.uleb128 0x1
 336 0080 31       		.uleb128 0x31
 337 0081 13       		.uleb128 0x13
 338 0082 00       		.byte	0
 339 0083 00       		.byte	0
 340 0084 0A       		.uleb128 0xa
 341 0085 34       		.uleb128 0x34
 342 0086 00       		.byte	0
 343 0087 03       		.uleb128 0x3
 344 0088 0E       		.uleb128 0xe
 345 0089 3A       		.uleb128 0x3a
 346 008a 0B       		.uleb128 0xb
 347 008b 3B       		.uleb128 0x3b
 348 008c 05       		.uleb128 0x5
 349 008d 49       		.uleb128 0x49
 350 008e 13       		.uleb128 0x13
 351 008f 3F       		.uleb128 0x3f
 352 0090 19       		.uleb128 0x19
 353 0091 3C       		.uleb128 0x3c
 354 0092 19       		.uleb128 0x19
 355 0093 00       		.byte	0
 356 0094 00       		.byte	0
 357 0095 0B       		.uleb128 0xb
 358 0096 35       		.uleb128 0x35
 359 0097 00       		.byte	0
 360 0098 49       		.uleb128 0x49
 361 0099 13       		.uleb128 0x13
 362 009a 00       		.byte	0
 363 009b 00       		.byte	0
 364 009c 0C       		.uleb128 0xc
 365 009d 2E       		.uleb128 0x2e
 366 009e 00       		.byte	0
 367 009f 3F       		.uleb128 0x3f
 368 00a0 19       		.uleb128 0x19
 369 00a1 3C       		.uleb128 0x3c
ARM GAS  C:\Users\ALBERT~1\AppData\Local\Temp\ccL1TV8r.s 			page 8


 370 00a2 19       		.uleb128 0x19
 371 00a3 6E       		.uleb128 0x6e
 372 00a4 0E       		.uleb128 0xe
 373 00a5 03       		.uleb128 0x3
 374 00a6 0E       		.uleb128 0xe
 375 00a7 3A       		.uleb128 0x3a
 376 00a8 0B       		.uleb128 0xb
 377 00a9 3B       		.uleb128 0x3b
 378 00aa 0B       		.uleb128 0xb
 379 00ab 00       		.byte	0
 380 00ac 00       		.byte	0
 381 00ad 00       		.byte	0
 382              		.section	.debug_aranges,"",%progbits
 383 0000 1C000000 		.4byte	0x1c
 384 0004 0200     		.2byte	0x2
 385 0006 00000000 		.4byte	.Ldebug_info0
 386 000a 04       		.byte	0x4
 387 000b 00       		.byte	0
 388 000c 0000     		.2byte	0
 389 000e 0000     		.2byte	0
 390 0010 00000000 		.4byte	.LFB63
 391 0014 1C000000 		.4byte	.LFE63-.LFB63
 392 0018 00000000 		.4byte	0
 393 001c 00000000 		.4byte	0
 394              		.section	.debug_ranges,"",%progbits
 395              	.Ldebug_ranges0:
 396 0000 00000000 		.4byte	.LFB63
 397 0004 1C000000 		.4byte	.LFE63
 398 0008 00000000 		.4byte	0
 399 000c 00000000 		.4byte	0
 400              		.section	.debug_line,"",%progbits
 401              	.Ldebug_line0:
 402 0000 75010000 		.section	.debug_str,"MS",%progbits,1
 402      02005401 
 402      00000201 
 402      FB0E0D00 
 402      01010101 
 403              	.LASF6:
 404 0000 6C6F6E67 		.ascii	"long long int\000"
 404      206C6F6E 
 404      6720696E 
 404      7400
 405              	.LASF3:
 406 000e 73686F72 		.ascii	"short unsigned int\000"
 406      7420756E 
 406      7369676E 
 406      65642069 
 406      6E7400
 407              	.LASF8:
 408 0021 756E7369 		.ascii	"unsigned int\000"
 408      676E6564 
 408      20696E74 
 408      00
 409              	.LASF20:
 410 002e 6D61696E 		.ascii	"main.c\000"
 410      2E6300
 411              	.LASF22:
ARM GAS  C:\Users\ALBERT~1\AppData\Local\Temp\ccL1TV8r.s 			page 9


 412 0035 6D61696E 		.ascii	"main\000"
 412      00
 413              	.LASF19:
 414 003a 474E5520 		.ascii	"GNU C11 5.4.1 20160609 (release) [ARM/embedded-5-br"
 414      43313120 
 414      352E342E 
 414      31203230 
 414      31363036 
 415 006d 616E6368 		.ascii	"anch revision 237715] -mcpu=cortex-m3 -mthumb -g -O"
 415      20726576 
 415      6973696F 
 415      6E203233 
 415      37373135 
 416 00a0 67202D66 		.ascii	"g -ffunction-sections -ffat-lto-objects\000"
 416      66756E63 
 416      74696F6E 
 416      2D736563 
 416      74696F6E 
 417              	.LASF18:
 418 00c8 43794465 		.ascii	"CyDelay\000"
 418      6C617900 
 419              	.LASF5:
 420 00d0 6C6F6E67 		.ascii	"long unsigned int\000"
 420      20756E73 
 420      69676E65 
 420      6420696E 
 420      7400
 421              	.LASF7:
 422 00e2 6C6F6E67 		.ascii	"long long unsigned int\000"
 422      206C6F6E 
 422      6720756E 
 422      7369676E 
 422      65642069 
 423              	.LASF16:
 424 00f9 55415254 		.ascii	"UART_Start\000"
 424      5F537461 
 424      727400
 425              	.LASF1:
 426 0104 756E7369 		.ascii	"unsigned char\000"
 426      676E6564 
 426      20636861 
 426      7200
 427              	.LASF13:
 428 0112 63686172 		.ascii	"char\000"
 428      00
 429              	.LASF21:
 430 0117 433A5C55 		.ascii	"C:\\Users\\Albert Sandager\\Documents\\GitHub\\P4-V"
 430      73657273 
 430      5C416C62 
 430      65727420 
 430      53616E64 
 431 0145 69657743 		.ascii	"iewCare\\PSoC\\UART_printf\\UART_printf.cydsn\000"
 431      6172655C 
 431      50536F43 
 431      5C554152 
 431      545F7072 
 432              	.LASF4:
ARM GAS  C:\Users\ALBERT~1\AppData\Local\Temp\ccL1TV8r.s 			page 10


 433 0170 6C6F6E67 		.ascii	"long int\000"
 433      20696E74 
 433      00
 434              	.LASF12:
 435 0179 646F7562 		.ascii	"double\000"
 435      6C6500
 436              	.LASF17:
 437 0180 55415254 		.ascii	"UART_PutString\000"
 437      5F507574 
 437      53747269 
 437      6E6700
 438              	.LASF23:
 439 018f 49544D5F 		.ascii	"ITM_RxBuffer\000"
 439      52784275 
 439      66666572 
 439      00
 440              	.LASF0:
 441 019c 7369676E 		.ascii	"signed char\000"
 441      65642063 
 441      68617200 
 442              	.LASF14:
 443 01a8 6C6F6E67 		.ascii	"long double\000"
 443      20646F75 
 443      626C6500 
 444              	.LASF9:
 445 01b4 5F5F696E 		.ascii	"__int32_t\000"
 445      7433325F 
 445      7400
 446              	.LASF11:
 447 01be 666C6F61 		.ascii	"float\000"
 447      7400
 448              	.LASF2:
 449 01c4 73686F72 		.ascii	"short int\000"
 449      7420696E 
 449      7400
 450              	.LASF10:
 451 01ce 696E7433 		.ascii	"int32_t\000"
 451      325F7400 
 452              	.LASF15:
 453 01d6 73697A65 		.ascii	"sizetype\000"
 453      74797065 
 453      00
 454              		.ident	"GCC: (GNU Tools for ARM Embedded Processors) 5.4.1 20160609 (release) [ARM/embedded-5-bran
