EDA Netlist Writer report for top
Wed Jun 19 10:26:56 2019
Quartus II 64-Bit Version 13.1.0 Build 162 10/23/2013 SJ Web Edition


---------------------
; Table of Contents ;
---------------------
  1. Legal Notice
  2. EDA Netlist Writer Summary
  3. EDA Netlist Writer Messages



----------------
; Legal Notice ;
----------------
Copyright (C) 1991-2013 Altera Corporation
Your use of Altera Corporation's design tools, logic functions 
and other software and tools, and its AMPP partner logic 
functions, and any output files from any of the foregoing 
(including device programming or simulation files), and any 
associated documentation or information are expressly subject 
to the terms and conditions of the Altera Program License 
Subscription Agreement, Altera MegaCore Function License 
Agreement, or other applicable license agreement, including, 
without limitation, that your use is for the sole purpose of 
programming logic devices manufactured by Altera and sold by 
Altera or its authorized distributors.  Please refer to the 
applicable agreement for further details.



+---------------------------------------------------------------+
; EDA Netlist Writer Summary                                    ;
+---------------------------+-----------------------------------+
; EDA Netlist Writer Status ; Failed - Wed Jun 19 10:26:56 2019 ;
; Revision Name             ; top                               ;
; Top-level Entity Name     ; top                               ;
; Family                    ; Cyclone III                       ;
+---------------------------+-----------------------------------+


+-----------------------------+
; EDA Netlist Writer Messages ;
+-----------------------------+
Info: *******************************************************************
Info: Running Quartus II 64-Bit EDA Netlist Writer
    Info: Version 13.1.0 Build 162 10/23/2013 SJ Web Edition
    Info: Processing started: Wed Jun 19 10:26:54 2019
Info: Command: quartus_eda --read_settings_files=off --write_settings_files=off FPGA_P4 -c top
Error (204012): Can't generate netlist output files because the file "C:/Users/Albert Sandager/Documents/GitHub/P4-ViewCare/VHDL/FPGA_P4_fir - ny_ny/fir_compiler-library/auk_dspip_avalon_streaming_controller_fir_131.vhd" is an OpenCore Plus time-limited file
Error (204012): Can't generate netlist output files because the file "C:/Users/Albert Sandager/Documents/GitHub/P4-ViewCare/VHDL/FPGA_P4_fir - ny_ny/fir_compiler-library/rom_lut_r_cen.v" is an OpenCore Plus time-limited file
Error (204012): Can't generate netlist output files because the file "C:/Users/Albert Sandager/Documents/GitHub/P4-ViewCare/VHDL/FPGA_P4_fir - ny_ny/fir_compiler-library/par_ctrl.v" is an OpenCore Plus time-limited file
Error (204012): Can't generate netlist output files because the file "C:/Users/Albert Sandager/Documents/GitHub/P4-ViewCare/VHDL/FPGA_P4_fir - ny_ny/fir_compiler-library/auk_dspip_avalon_streaming_sink_fir_131.vhd" is an OpenCore Plus time-limited file
Error (204012): Can't generate netlist output files because the file "C:/Users/Albert Sandager/Documents/GitHub/P4-ViewCare/VHDL/FPGA_P4_fir - ny_ny/fir_compiler-library/auk_dspip_math_pkg_fir_131.vhd" is an OpenCore Plus time-limited file
Error (204012): Can't generate netlist output files because the file "C:/Users/Albert Sandager/Documents/GitHub/P4-ViewCare/VHDL/FPGA_P4_fir - ny_ny/fir_compiler-library/tdl_da_lc.v" is an OpenCore Plus time-limited file
Error (204012): Can't generate netlist output files because the file "C:/Users/Albert Sandager/Documents/GitHub/P4-ViewCare/VHDL/FPGA_P4_fir - ny_ny/fir_compiler-library/sadd_lpm_cen.v" is an OpenCore Plus time-limited file
Error (204012): Can't generate netlist output files because the file "C:/Users/Albert Sandager/Documents/GitHub/P4-ViewCare/VHDL/FPGA_P4_fir - ny_ny/fir_compiler-library/auk_dspip_avalon_streaming_source_fir_131.vhd" is an OpenCore Plus time-limited file
Error (204012): Can't generate netlist output files because the file "C:/Users/Albert Sandager/Documents/GitHub/P4-ViewCare/VHDL/FPGA_P4_fir - ny_ny/fir_compiler-library/sadd_cen.v" is an OpenCore Plus time-limited file
Error (204012): Can't generate netlist output files because the file "C:/Users/Albert Sandager/Documents/GitHub/P4-ViewCare/VHDL/FPGA_P4_fir - ny_ny/fir_compiler-library/mac_tl.v" is an OpenCore Plus time-limited file
Error (204012): Can't generate netlist output files because the file "C:/Users/Albert Sandager/Documents/GitHub/P4-ViewCare/VHDL/FPGA_P4_fir - ny_ny/fir_compiler-library/auk_dspip_lib_pkg_fir_131.vhd" is an OpenCore Plus time-limited file
Error (204009): Can't generate netlist output files because the license for encrypted file "C:/Users/Albert Sandager/Documents/GitHub/P4-ViewCare/VHDL/FPGA_P4_fir - ny_ny/fir_compiler-library/auk_dspip_avalon_streaming_controller_fir_131.vhd" is not available
Error (204009): Can't generate netlist output files because the license for encrypted file "C:/Users/Albert Sandager/Documents/GitHub/P4-ViewCare/VHDL/FPGA_P4_fir - ny_ny/fir_compiler-library/rom_lut_r_cen.v" is not available
Error (204009): Can't generate netlist output files because the license for encrypted file "C:/Users/Albert Sandager/Documents/GitHub/P4-ViewCare/VHDL/FPGA_P4_fir - ny_ny/fir_compiler-library/par_ctrl.v" is not available
Error (204009): Can't generate netlist output files because the license for encrypted file "C:/Users/Albert Sandager/Documents/GitHub/P4-ViewCare/VHDL/FPGA_P4_fir - ny_ny/fir_compiler-library/auk_dspip_avalon_streaming_sink_fir_131.vhd" is not available
Error (204009): Can't generate netlist output files because the license for encrypted file "C:/Users/Albert Sandager/Documents/GitHub/P4-ViewCare/VHDL/FPGA_P4_fir - ny_ny/fir_compiler-library/auk_dspip_math_pkg_fir_131.vhd" is not available
Error (204009): Can't generate netlist output files because the license for encrypted file "C:/Users/Albert Sandager/Documents/GitHub/P4-ViewCare/VHDL/FPGA_P4_fir - ny_ny/fir_compiler-library/tdl_da_lc.v" is not available
Error (204009): Can't generate netlist output files because the license for encrypted file "C:/Users/Albert Sandager/Documents/GitHub/P4-ViewCare/VHDL/FPGA_P4_fir - ny_ny/fir_compiler-library/sadd_lpm_cen.v" is not available
Error (204009): Can't generate netlist output files because the license for encrypted file "C:/Users/Albert Sandager/Documents/GitHub/P4-ViewCare/VHDL/FPGA_P4_fir - ny_ny/fir_compiler-library/auk_dspip_avalon_streaming_source_fir_131.vhd" is not available
Error (204009): Can't generate netlist output files because the license for encrypted file "C:/Users/Albert Sandager/Documents/GitHub/P4-ViewCare/VHDL/FPGA_P4_fir - ny_ny/fir_compiler-library/sadd_cen.v" is not available
Error (204009): Can't generate netlist output files because the license for encrypted file "C:/Users/Albert Sandager/Documents/GitHub/P4-ViewCare/VHDL/FPGA_P4_fir - ny_ny/fir_compiler-library/mac_tl.v" is not available
Error (204009): Can't generate netlist output files because the license for encrypted file "C:/Users/Albert Sandager/Documents/GitHub/P4-ViewCare/VHDL/FPGA_P4_fir - ny_ny/fir_compiler-library/auk_dspip_lib_pkg_fir_131.vhd" is not available
Error (204012): Can't generate netlist output files because the file "C:/Users/Albert Sandager/Documents/GitHub/P4-ViewCare/VHDL/FPGA_P4_fir - ny_ny/fir_compiler-library/auk_dspip_avalon_streaming_controller_fir_131.vhd" is an OpenCore Plus time-limited file
Error (204012): Can't generate netlist output files because the file "C:/Users/Albert Sandager/Documents/GitHub/P4-ViewCare/VHDL/FPGA_P4_fir - ny_ny/fir_compiler-library/rom_lut_r_cen.v" is an OpenCore Plus time-limited file
Error (204012): Can't generate netlist output files because the file "C:/Users/Albert Sandager/Documents/GitHub/P4-ViewCare/VHDL/FPGA_P4_fir - ny_ny/fir_compiler-library/par_ctrl.v" is an OpenCore Plus time-limited file
Error (204012): Can't generate netlist output files because the file "C:/Users/Albert Sandager/Documents/GitHub/P4-ViewCare/VHDL/FPGA_P4_fir - ny_ny/fir_compiler-library/auk_dspip_avalon_streaming_sink_fir_131.vhd" is an OpenCore Plus time-limited file
Error (204012): Can't generate netlist output files because the file "C:/Users/Albert Sandager/Documents/GitHub/P4-ViewCare/VHDL/FPGA_P4_fir - ny_ny/fir_compiler-library/auk_dspip_math_pkg_fir_131.vhd" is an OpenCore Plus time-limited file
Error (204012): Can't generate netlist output files because the file "C:/Users/Albert Sandager/Documents/GitHub/P4-ViewCare/VHDL/FPGA_P4_fir - ny_ny/fir_compiler-library/tdl_da_lc.v" is an OpenCore Plus time-limited file
Error (204012): Can't generate netlist output files because the file "C:/Users/Albert Sandager/Documents/GitHub/P4-ViewCare/VHDL/FPGA_P4_fir - ny_ny/fir_compiler-library/sadd_lpm_cen.v" is an OpenCore Plus time-limited file
Error (204012): Can't generate netlist output files because the file "C:/Users/Albert Sandager/Documents/GitHub/P4-ViewCare/VHDL/FPGA_P4_fir - ny_ny/fir_compiler-library/auk_dspip_avalon_streaming_source_fir_131.vhd" is an OpenCore Plus time-limited file
Error (204012): Can't generate netlist output files because the file "C:/Users/Albert Sandager/Documents/GitHub/P4-ViewCare/VHDL/FPGA_P4_fir - ny_ny/fir_compiler-library/sadd_cen.v" is an OpenCore Plus time-limited file
Error (204012): Can't generate netlist output files because the file "C:/Users/Albert Sandager/Documents/GitHub/P4-ViewCare/VHDL/FPGA_P4_fir - ny_ny/fir_compiler-library/mac_tl.v" is an OpenCore Plus time-limited file
Error (204012): Can't generate netlist output files because the file "C:/Users/Albert Sandager/Documents/GitHub/P4-ViewCare/VHDL/FPGA_P4_fir - ny_ny/fir_compiler-library/auk_dspip_lib_pkg_fir_131.vhd" is an OpenCore Plus time-limited file
Error (204009): Can't generate netlist output files because the license for encrypted file "C:/Users/Albert Sandager/Documents/GitHub/P4-ViewCare/VHDL/FPGA_P4_fir - ny_ny/fir_compiler-library/auk_dspip_avalon_streaming_controller_fir_131.vhd" is not available
Error (204009): Can't generate netlist output files because the license for encrypted file "C:/Users/Albert Sandager/Documents/GitHub/P4-ViewCare/VHDL/FPGA_P4_fir - ny_ny/fir_compiler-library/rom_lut_r_cen.v" is not available
Error (204009): Can't generate netlist output files because the license for encrypted file "C:/Users/Albert Sandager/Documents/GitHub/P4-ViewCare/VHDL/FPGA_P4_fir - ny_ny/fir_compiler-library/par_ctrl.v" is not available
Error (204009): Can't generate netlist output files because the license for encrypted file "C:/Users/Albert Sandager/Documents/GitHub/P4-ViewCare/VHDL/FPGA_P4_fir - ny_ny/fir_compiler-library/auk_dspip_avalon_streaming_sink_fir_131.vhd" is not available
Error (204009): Can't generate netlist output files because the license for encrypted file "C:/Users/Albert Sandager/Documents/GitHub/P4-ViewCare/VHDL/FPGA_P4_fir - ny_ny/fir_compiler-library/auk_dspip_math_pkg_fir_131.vhd" is not available
Error (204009): Can't generate netlist output files because the license for encrypted file "C:/Users/Albert Sandager/Documents/GitHub/P4-ViewCare/VHDL/FPGA_P4_fir - ny_ny/fir_compiler-library/tdl_da_lc.v" is not available
Error (204009): Can't generate netlist output files because the license for encrypted file "C:/Users/Albert Sandager/Documents/GitHub/P4-ViewCare/VHDL/FPGA_P4_fir - ny_ny/fir_compiler-library/sadd_lpm_cen.v" is not available
Error (204009): Can't generate netlist output files because the license for encrypted file "C:/Users/Albert Sandager/Documents/GitHub/P4-ViewCare/VHDL/FPGA_P4_fir - ny_ny/fir_compiler-library/auk_dspip_avalon_streaming_source_fir_131.vhd" is not available
Error (204009): Can't generate netlist output files because the license for encrypted file "C:/Users/Albert Sandager/Documents/GitHub/P4-ViewCare/VHDL/FPGA_P4_fir - ny_ny/fir_compiler-library/sadd_cen.v" is not available
Error (204009): Can't generate netlist output files because the license for encrypted file "C:/Users/Albert Sandager/Documents/GitHub/P4-ViewCare/VHDL/FPGA_P4_fir - ny_ny/fir_compiler-library/mac_tl.v" is not available
Error (204009): Can't generate netlist output files because the license for encrypted file "C:/Users/Albert Sandager/Documents/GitHub/P4-ViewCare/VHDL/FPGA_P4_fir - ny_ny/fir_compiler-library/auk_dspip_lib_pkg_fir_131.vhd" is not available
Error (204012): Can't generate netlist output files because the file "C:/Users/Albert Sandager/Documents/GitHub/P4-ViewCare/VHDL/FPGA_P4_fir - ny_ny/fir_compiler-library/auk_dspip_avalon_streaming_controller_fir_131.vhd" is an OpenCore Plus time-limited file
Error (204012): Can't generate netlist output files because the file "C:/Users/Albert Sandager/Documents/GitHub/P4-ViewCare/VHDL/FPGA_P4_fir - ny_ny/fir_compiler-library/rom_lut_r_cen.v" is an OpenCore Plus time-limited file
Error (204012): Can't generate netlist output files because the file "C:/Users/Albert Sandager/Documents/GitHub/P4-ViewCare/VHDL/FPGA_P4_fir - ny_ny/fir_compiler-library/par_ctrl.v" is an OpenCore Plus time-limited file
Error (204012): Can't generate netlist output files because the file "C:/Users/Albert Sandager/Documents/GitHub/P4-ViewCare/VHDL/FPGA_P4_fir - ny_ny/fir_compiler-library/auk_dspip_avalon_streaming_sink_fir_131.vhd" is an OpenCore Plus time-limited file
Error (204012): Can't generate netlist output files because the file "C:/Users/Albert Sandager/Documents/GitHub/P4-ViewCare/VHDL/FPGA_P4_fir - ny_ny/fir_compiler-library/auk_dspip_math_pkg_fir_131.vhd" is an OpenCore Plus time-limited file
Error (204012): Can't generate netlist output files because the file "C:/Users/Albert Sandager/Documents/GitHub/P4-ViewCare/VHDL/FPGA_P4_fir - ny_ny/fir_compiler-library/tdl_da_lc.v" is an OpenCore Plus time-limited file
Error (204012): Can't generate netlist output files because the file "C:/Users/Albert Sandager/Documents/GitHub/P4-ViewCare/VHDL/FPGA_P4_fir - ny_ny/fir_compiler-library/sadd_lpm_cen.v" is an OpenCore Plus time-limited file
Error (204012): Can't generate netlist output files because the file "C:/Users/Albert Sandager/Documents/GitHub/P4-ViewCare/VHDL/FPGA_P4_fir - ny_ny/fir_compiler-library/auk_dspip_avalon_streaming_source_fir_131.vhd" is an OpenCore Plus time-limited file
Error (204012): Can't generate netlist output files because the file "C:/Users/Albert Sandager/Documents/GitHub/P4-ViewCare/VHDL/FPGA_P4_fir - ny_ny/fir_compiler-library/sadd_cen.v" is an OpenCore Plus time-limited file
Error (204012): Can't generate netlist output files because the file "C:/Users/Albert Sandager/Documents/GitHub/P4-ViewCare/VHDL/FPGA_P4_fir - ny_ny/fir_compiler-library/mac_tl.v" is an OpenCore Plus time-limited file
Error (204012): Can't generate netlist output files because the file "C:/Users/Albert Sandager/Documents/GitHub/P4-ViewCare/VHDL/FPGA_P4_fir - ny_ny/fir_compiler-library/auk_dspip_lib_pkg_fir_131.vhd" is an OpenCore Plus time-limited file
Error (204009): Can't generate netlist output files because the license for encrypted file "C:/Users/Albert Sandager/Documents/GitHub/P4-ViewCare/VHDL/FPGA_P4_fir - ny_ny/fir_compiler-library/auk_dspip_avalon_streaming_controller_fir_131.vhd" is not available
Error (204009): Can't generate netlist output files because the license for encrypted file "C:/Users/Albert Sandager/Documents/GitHub/P4-ViewCare/VHDL/FPGA_P4_fir - ny_ny/fir_compiler-library/rom_lut_r_cen.v" is not available
Error (204009): Can't generate netlist output files because the license for encrypted file "C:/Users/Albert Sandager/Documents/GitHub/P4-ViewCare/VHDL/FPGA_P4_fir - ny_ny/fir_compiler-library/par_ctrl.v" is not available
Error (204009): Can't generate netlist output files because the license for encrypted file "C:/Users/Albert Sandager/Documents/GitHub/P4-ViewCare/VHDL/FPGA_P4_fir - ny_ny/fir_compiler-library/auk_dspip_avalon_streaming_sink_fir_131.vhd" is not available
Error (204009): Can't generate netlist output files because the license for encrypted file "C:/Users/Albert Sandager/Documents/GitHub/P4-ViewCare/VHDL/FPGA_P4_fir - ny_ny/fir_compiler-library/auk_dspip_math_pkg_fir_131.vhd" is not available
Error (204009): Can't generate netlist output files because the license for encrypted file "C:/Users/Albert Sandager/Documents/GitHub/P4-ViewCare/VHDL/FPGA_P4_fir - ny_ny/fir_compiler-library/tdl_da_lc.v" is not available
Error (204009): Can't generate netlist output files because the license for encrypted file "C:/Users/Albert Sandager/Documents/GitHub/P4-ViewCare/VHDL/FPGA_P4_fir - ny_ny/fir_compiler-library/sadd_lpm_cen.v" is not available
Error (204009): Can't generate netlist output files because the license for encrypted file "C:/Users/Albert Sandager/Documents/GitHub/P4-ViewCare/VHDL/FPGA_P4_fir - ny_ny/fir_compiler-library/auk_dspip_avalon_streaming_source_fir_131.vhd" is not available
Error (204009): Can't generate netlist output files because the license for encrypted file "C:/Users/Albert Sandager/Documents/GitHub/P4-ViewCare/VHDL/FPGA_P4_fir - ny_ny/fir_compiler-library/sadd_cen.v" is not available
Error (204009): Can't generate netlist output files because the license for encrypted file "C:/Users/Albert Sandager/Documents/GitHub/P4-ViewCare/VHDL/FPGA_P4_fir - ny_ny/fir_compiler-library/mac_tl.v" is not available
Error (204009): Can't generate netlist output files because the license for encrypted file "C:/Users/Albert Sandager/Documents/GitHub/P4-ViewCare/VHDL/FPGA_P4_fir - ny_ny/fir_compiler-library/auk_dspip_lib_pkg_fir_131.vhd" is not available
Error: Quartus II 64-Bit EDA Netlist Writer was unsuccessful. 66 errors, 0 warnings
    Error: Peak virtual memory: 439 megabytes
    Error: Processing ended: Wed Jun 19 10:26:56 2019
    Error: Elapsed time: 00:00:02
    Error: Total CPU time (on all processors): 00:00:01


