Flow report for i2s-TDM
Sun Apr 07 11:09:12 2019
Quartus II 64-Bit Version 13.1.0 Build 162 10/23/2013 SJ Web Edition


---------------------
; Table of Contents ;
---------------------
  1. Legal Notice
  2. Flow Summary
  3. Flow Settings
  4. Flow Non-Default Global Settings
  5. Flow Elapsed Time
  6. Flow OS Summary
  7. Flow Log
  8. Flow Messages
  9. Flow Suppressed Messages



----------------
; Legal Notice ;
----------------
Copyright (C) 1991-2013 Altera Corporation
Your use of Altera Corporation's design tools, logic functions 
and other software and tools, and its AMPP partner logic 
functions, and any output files from any of the foregoing 
(including device programming or simulation files), and any 
associated documentation or information are expressly subject 
to the terms and conditions of the Altera Program License 
Subscription Agreement, Altera MegaCore Function License 
Agreement, or other applicable license agreement, including, 
without limitation, that your use is for the sole purpose of 
programming logic devices manufactured by Altera and sold by 
Altera or its authorized distributors.  Please refer to the 
applicable agreement for further details.



+---------------------------------------------------------------------------------+
; Flow Summary                                                                    ;
+------------------------------------+--------------------------------------------+
; Flow Status                        ; Successful - Sun Apr 07 11:09:12 2019      ;
; Quartus II 64-Bit Version          ; 13.1.0 Build 162 10/23/2013 SJ Web Edition ;
; Revision Name                      ; i2s-TDM                                    ;
; Top-level Entity Name              ; i2s_transceiver                            ;
; Family                             ; Cyclone III                                ;
; Device                             ; EP3C16F484C6                               ;
; Timing Models                      ; Final                                      ;
; Total logic elements               ; 286 / 15,408 ( 2 % )                       ;
;     Total combinational functions  ; 198 / 15,408 ( 1 % )                       ;
;     Dedicated logic registers      ; 211 / 15,408 ( 1 % )                       ;
; Total registers                    ; 211                                        ;
; Total pins                         ; 102 / 347 ( 29 % )                         ;
; Total virtual pins                 ; 0                                          ;
; Total memory bits                  ; 0 / 516,096 ( 0 % )                        ;
; Embedded Multiplier 9-bit elements ; 0 / 112 ( 0 % )                            ;
; Total PLLs                         ; 0 / 4 ( 0 % )                              ;
+------------------------------------+--------------------------------------------+


+-----------------------------------------+
; Flow Settings                           ;
+-------------------+---------------------+
; Option            ; Setting             ;
+-------------------+---------------------+
; Start date & time ; 04/07/2019 11:08:43 ;
; Main task         ; Compilation         ;
; Revision Name     ; i2s-TDM             ;
+-------------------+---------------------+


+--------------------------------------------------------------------------------------------------------------------------------+
; Flow Non-Default Global Settings                                                                                               ;
+-------------------------------------+---------------------------------------+---------------+-----------------+----------------+
; Assignment Name                     ; Value                                 ; Default Value ; Entity Name     ; Section Id     ;
+-------------------------------------+---------------------------------------+---------------+-----------------+----------------+
; COMPILER_SIGNATURE_ID               ; 93383150977231.155462812210908        ; --            ; --              ; --             ;
; EDA_OUTPUT_DATA_FORMAT              ; Vhdl                                  ; --            ; --              ; eda_simulation ;
; EDA_SIMULATION_TOOL                 ; ModelSim-Altera (VHDL)                ; <None>        ; --              ; --             ;
; MAX_CORE_JUNCTION_TEMP              ; 85                                    ; --            ; --              ; --             ;
; MIN_CORE_JUNCTION_TEMP              ; 0                                     ; --            ; --              ; --             ;
; PARTITION_COLOR                     ; 16764057                              ; --            ; i2s_transceiver ; Top            ;
; PARTITION_FITTER_PRESERVATION_LEVEL ; PLACEMENT_AND_ROUTING                 ; --            ; i2s_transceiver ; Top            ;
; PARTITION_NETLIST_TYPE              ; SOURCE                                ; --            ; i2s_transceiver ; Top            ;
; POWER_BOARD_THERMAL_MODEL           ; None (CONSERVATIVE)                   ; --            ; --              ; --             ;
; POWER_PRESET_COOLING_SOLUTION       ; 23 MM HEAT SINK WITH 200 LFPM AIRFLOW ; --            ; --              ; --             ;
; PROJECT_OUTPUT_DIRECTORY            ; output_files                          ; --            ; --              ; --             ;
; TOP_LEVEL_ENTITY                    ; i2s_transceiver                       ; i2s-TDM       ; --              ; --             ;
+-------------------------------------+---------------------------------------+---------------+-----------------+----------------+


+-------------------------------------------------------------------------------------------------------------------------------+
; Flow Elapsed Time                                                                                                             ;
+---------------------------+--------------+-------------------------+---------------------+------------------------------------+
; Module Name               ; Elapsed Time ; Average Processors Used ; Peak Virtual Memory ; Total CPU Time (on all processors) ;
+---------------------------+--------------+-------------------------+---------------------+------------------------------------+
; Analysis & Synthesis      ; 00:00:03     ; 1.0                     ; 4692 MB             ; 00:00:02                           ;
; Fitter                    ; 00:00:13     ; 1.0                     ; 5009 MB             ; 00:00:11                           ;
; Assembler                 ; 00:00:02     ; 1.0                     ; 4594 MB             ; 00:00:02                           ;
; TimeQuest Timing Analyzer ; 00:00:03     ; 1.0                     ; 4649 MB             ; 00:00:02                           ;
; EDA Netlist Writer        ; 00:00:01     ; 1.0                     ; 4566 MB             ; 00:00:01                           ;
; Total                     ; 00:00:22     ; --                      ; --                  ; 00:00:18                           ;
+---------------------------+--------------+-------------------------+---------------------+------------------------------------+


+----------------------------------------------------------------------------------------+
; Flow OS Summary                                                                        ;
+---------------------------+------------------+-----------+------------+----------------+
; Module Name               ; Machine Hostname ; OS Name   ; OS Version ; Processor type ;
+---------------------------+------------------+-----------+------------+----------------+
; Analysis & Synthesis      ; LAPTOP-QR2S7QAJ  ; Windows 7 ; 6.2        ; x86_64         ;
; Fitter                    ; LAPTOP-QR2S7QAJ  ; Windows 7 ; 6.2        ; x86_64         ;
; Assembler                 ; LAPTOP-QR2S7QAJ  ; Windows 7 ; 6.2        ; x86_64         ;
; TimeQuest Timing Analyzer ; LAPTOP-QR2S7QAJ  ; Windows 7 ; 6.2        ; x86_64         ;
; EDA Netlist Writer        ; LAPTOP-QR2S7QAJ  ; Windows 7 ; 6.2        ; x86_64         ;
+---------------------------+------------------+-----------+------------+----------------+


------------
; Flow Log ;
------------
quartus_map --read_settings_files=on --write_settings_files=off i2s-TDM -c i2s-TDM
quartus_fit --read_settings_files=off --write_settings_files=off i2s-TDM -c i2s-TDM
quartus_asm --read_settings_files=off --write_settings_files=off i2s-TDM -c i2s-TDM
quartus_sta i2s-TDM -c i2s-TDM
quartus_eda --read_settings_files=off --write_settings_files=off i2s-TDM -c i2s-TDM



