Analysis & Synthesis report for SPI_protos
Wed May 01 12:50:52 2019
Quartus II 64-Bit Version 13.1.0 Build 162 10/23/2013 SJ Web Edition


---------------------
; Table of Contents ;
---------------------
  1. Legal Notice
  2. Analysis & Synthesis Summary
  3. Analysis & Synthesis Settings
  4. Analysis & Synthesis Source Files Read
  5. Analysis & Synthesis Resource Usage Summary
  6. Analysis & Synthesis Resource Utilization by Entity
  7. State Machine - |SPI_protos|r_st_present
  8. User-Specified and Inferred Latches
  9. Registers Removed During Synthesis
 10. General Register Statistics
 11. Inverted Register Statistics
 12. Multiplexer Restructuring Statistics (Restructuring Performed)
 13. Parameter Settings for User Entity Instance: Top-level Entity: |SPI_protos
 14. Elapsed Time Per Partition
 15. Analysis & Synthesis Messages



----------------
; Legal Notice ;
----------------
Copyright (C) 1991-2013 Altera Corporation
Your use of Altera Corporation's design tools, logic functions 
and other software and tools, and its AMPP partner logic 
functions, and any output files from any of the foregoing 
(including device programming or simulation files), and any 
associated documentation or information are expressly subject 
to the terms and conditions of the Altera Program License 
Subscription Agreement, Altera MegaCore Function License 
Agreement, or other applicable license agreement, including, 
without limitation, that your use is for the sole purpose of 
programming logic devices manufactured by Altera and sold by 
Altera or its authorized distributors.  Please refer to the 
applicable agreement for further details.



+---------------------------------------------------------------------------------+
; Analysis & Synthesis Summary                                                    ;
+------------------------------------+--------------------------------------------+
; Analysis & Synthesis Status        ; Successful - Wed May 01 12:50:52 2019      ;
; Quartus II 64-Bit Version          ; 13.1.0 Build 162 10/23/2013 SJ Web Edition ;
; Revision Name                      ; SPI_protos                                 ;
; Top-level Entity Name              ; SPI_protos                                 ;
; Family                             ; Cyclone III                                ;
; Total logic elements               ; 163                                        ;
;     Total combinational functions  ; 127                                        ;
;     Dedicated logic registers      ; 86                                         ;
; Total registers                    ; 86                                         ;
; Total pins                         ; 38                                         ;
; Total virtual pins                 ; 0                                          ;
; Total memory bits                  ; 0                                          ;
; Embedded Multiplier 9-bit elements ; 0                                          ;
; Total PLLs                         ; 0                                          ;
+------------------------------------+--------------------------------------------+


+----------------------------------------------------------------------------------------------------------------------+
; Analysis & Synthesis Settings                                                                                        ;
+----------------------------------------------------------------------------+--------------------+--------------------+
; Option                                                                     ; Setting            ; Default Value      ;
+----------------------------------------------------------------------------+--------------------+--------------------+
; Device                                                                     ; EP3C16F484C6       ;                    ;
; Top-level entity name                                                      ; SPI_protos         ; SPI_protos         ;
; Family name                                                                ; Cyclone III        ; Cyclone IV GX      ;
; Use smart compilation                                                      ; Off                ; Off                ;
; Enable parallel Assembler and TimeQuest Timing Analyzer during compilation ; On                 ; On                 ;
; Enable compact report table                                                ; Off                ; Off                ;
; Restructure Multiplexers                                                   ; Auto               ; Auto               ;
; Create Debugging Nodes for IP Cores                                        ; Off                ; Off                ;
; Preserve fewer node names                                                  ; On                 ; On                 ;
; Disable OpenCore Plus hardware evaluation                                  ; Off                ; Off                ;
; Verilog Version                                                            ; Verilog_2001       ; Verilog_2001       ;
; VHDL Version                                                               ; VHDL_1993          ; VHDL_1993          ;
; State Machine Processing                                                   ; Auto               ; Auto               ;
; Safe State Machine                                                         ; Off                ; Off                ;
; Extract Verilog State Machines                                             ; On                 ; On                 ;
; Extract VHDL State Machines                                                ; On                 ; On                 ;
; Ignore Verilog initial constructs                                          ; Off                ; Off                ;
; Iteration limit for constant Verilog loops                                 ; 5000               ; 5000               ;
; Iteration limit for non-constant Verilog loops                             ; 250                ; 250                ;
; Add Pass-Through Logic to Inferred RAMs                                    ; On                 ; On                 ;
; Infer RAMs from Raw Logic                                                  ; On                 ; On                 ;
; Parallel Synthesis                                                         ; On                 ; On                 ;
; DSP Block Balancing                                                        ; Auto               ; Auto               ;
; NOT Gate Push-Back                                                         ; On                 ; On                 ;
; Power-Up Don't Care                                                        ; On                 ; On                 ;
; Remove Redundant Logic Cells                                               ; Off                ; Off                ;
; Remove Duplicate Registers                                                 ; On                 ; On                 ;
; Ignore CARRY Buffers                                                       ; Off                ; Off                ;
; Ignore CASCADE Buffers                                                     ; Off                ; Off                ;
; Ignore GLOBAL Buffers                                                      ; Off                ; Off                ;
; Ignore ROW GLOBAL Buffers                                                  ; Off                ; Off                ;
; Ignore LCELL Buffers                                                       ; Off                ; Off                ;
; Ignore SOFT Buffers                                                        ; On                 ; On                 ;
; Limit AHDL Integers to 32 Bits                                             ; Off                ; Off                ;
; Optimization Technique                                                     ; Balanced           ; Balanced           ;
; Carry Chain Length                                                         ; 70                 ; 70                 ;
; Auto Carry Chains                                                          ; On                 ; On                 ;
; Auto Open-Drain Pins                                                       ; On                 ; On                 ;
; Perform WYSIWYG Primitive Resynthesis                                      ; Off                ; Off                ;
; Auto ROM Replacement                                                       ; On                 ; On                 ;
; Auto RAM Replacement                                                       ; On                 ; On                 ;
; Auto DSP Block Replacement                                                 ; On                 ; On                 ;
; Auto Shift Register Replacement                                            ; Auto               ; Auto               ;
; Allow Shift Register Merging across Hierarchies                            ; Auto               ; Auto               ;
; Auto Clock Enable Replacement                                              ; On                 ; On                 ;
; Strict RAM Replacement                                                     ; Off                ; Off                ;
; Allow Synchronous Control Signals                                          ; On                 ; On                 ;
; Force Use of Synchronous Clear Signals                                     ; Off                ; Off                ;
; Auto RAM Block Balancing                                                   ; On                 ; On                 ;
; Auto RAM to Logic Cell Conversion                                          ; Off                ; Off                ;
; Auto Resource Sharing                                                      ; Off                ; Off                ;
; Allow Any RAM Size For Recognition                                         ; Off                ; Off                ;
; Allow Any ROM Size For Recognition                                         ; Off                ; Off                ;
; Allow Any Shift Register Size For Recognition                              ; Off                ; Off                ;
; Use LogicLock Constraints during Resource Balancing                        ; On                 ; On                 ;
; Ignore translate_off and synthesis_off directives                          ; Off                ; Off                ;
; Timing-Driven Synthesis                                                    ; On                 ; On                 ;
; Report Parameter Settings                                                  ; On                 ; On                 ;
; Report Source Assignments                                                  ; On                 ; On                 ;
; Report Connectivity Checks                                                 ; On                 ; On                 ;
; Ignore Maximum Fan-Out Assignments                                         ; Off                ; Off                ;
; Synchronization Register Chain Length                                      ; 2                  ; 2                  ;
; PowerPlay Power Optimization                                               ; Normal compilation ; Normal compilation ;
; HDL message level                                                          ; Level2             ; Level2             ;
; Suppress Register Optimization Related Messages                            ; Off                ; Off                ;
; Number of Removed Registers Reported in Synthesis Report                   ; 5000               ; 5000               ;
; Number of Swept Nodes Reported in Synthesis Report                         ; 5000               ; 5000               ;
; Number of Inverted Registers Reported in Synthesis Report                  ; 100                ; 100                ;
; Clock MUX Protection                                                       ; On                 ; On                 ;
; Auto Gated Clock Conversion                                                ; Off                ; Off                ;
; Block Design Naming                                                        ; Auto               ; Auto               ;
; SDC constraint protection                                                  ; Off                ; Off                ;
; Synthesis Effort                                                           ; Auto               ; Auto               ;
; Shift Register Replacement - Allow Asynchronous Clear Signal               ; On                 ; On                 ;
; Pre-Mapping Resynthesis Optimization                                       ; Off                ; Off                ;
; Analysis & Synthesis Message Level                                         ; Medium             ; Medium             ;
; Disable Register Merging Across Hierarchies                                ; Auto               ; Auto               ;
; Resource Aware Inference For Block RAM                                     ; On                 ; On                 ;
; Synthesis Seed                                                             ; 1                  ; 1                  ;
+----------------------------------------------------------------------------+--------------------+--------------------+


+-----------------------------------------------------------------------------------------------------------------------------------------------------------------------+
; Analysis & Synthesis Source Files Read                                                                                                                                ;
+----------------------------------+-----------------+-----------------+--------------------------------------------------------------------------------------+---------+
; File Name with User-Entered Path ; Used in Netlist ; File Type       ; File Name with Absolute Path                                                         ; Library ;
+----------------------------------+-----------------+-----------------+--------------------------------------------------------------------------------------+---------+
; SPI_protos.vhd                   ; yes             ; User VHDL File  ; C:/Users/Albert Sandager/Documents/GitHub/P4-ViewCare/VHDL/SPI_protos/SPI_protos.vhd ;         ;
+----------------------------------+-----------------+-----------------+--------------------------------------------------------------------------------------+---------+


+-----------------------------------------------------------+
; Analysis & Synthesis Resource Usage Summary               ;
+---------------------------------------------+-------------+
; Resource                                    ; Usage       ;
+---------------------------------------------+-------------+
; Estimated Total logic elements              ; 163         ;
;                                             ;             ;
; Total combinational functions               ; 127         ;
; Logic element usage by number of LUT inputs ;             ;
;     -- 4 input functions                    ; 63          ;
;     -- 3 input functions                    ; 25          ;
;     -- <=2 input functions                  ; 39          ;
;                                             ;             ;
; Logic elements by mode                      ;             ;
;     -- normal mode                          ; 120         ;
;     -- arithmetic mode                      ; 7           ;
;                                             ;             ;
; Total registers                             ; 86          ;
;     -- Dedicated logic registers            ; 86          ;
;     -- I/O registers                        ; 0           ;
;                                             ;             ;
; I/O pins                                    ; 38          ;
; Embedded Multiplier 9-bit elements          ; 0           ;
; Maximum fan-out node                        ; i_clk~input ;
; Maximum fan-out                             ; 46          ;
; Total fan-out                               ; 752         ;
; Average fan-out                             ; 2.60        ;
+---------------------------------------------+-------------+


+-----------------------------------------------------------------------------------------------------------------------------------------------------------------------------+
; Analysis & Synthesis Resource Utilization by Entity                                                                                                                         ;
+----------------------------+-------------------+--------------+-------------+--------------+---------+-----------+------+--------------+---------------------+--------------+
; Compilation Hierarchy Node ; LC Combinationals ; LC Registers ; Memory Bits ; DSP Elements ; DSP 9x9 ; DSP 18x18 ; Pins ; Virtual Pins ; Full Hierarchy Name ; Library Name ;
+----------------------------+-------------------+--------------+-------------+--------------+---------+-----------+------+--------------+---------------------+--------------+
; |SPI_protos                ; 127 (127)         ; 86 (86)      ; 0           ; 0            ; 0       ; 0         ; 38   ; 0            ; |SPI_protos         ; work         ;
+----------------------------+-------------------+--------------+-------------+--------------+---------+-----------+------+--------------+---------------------+--------------+
Note: For table entries with two numbers listed, the numbers in parentheses indicate the number of resources of the given type used by the specific entity alone. The numbers listed outside of parentheses indicate the total resources of the given type used by the specific entity and all of its sub-entities in the hierarchy.


Encoding Type:  One-Hot
+---------------------------------------------------------------------------------------------+
; State Machine - |SPI_protos|r_st_present                                                    ;
+-----------------------+---------------------+-----------------------+-----------------------+
; Name                  ; r_st_present.ST_END ; r_st_present.ST_TX_RX ; r_st_present.ST_RESET ;
+-----------------------+---------------------+-----------------------+-----------------------+
; r_st_present.ST_RESET ; 0                   ; 0                     ; 0                     ;
; r_st_present.ST_TX_RX ; 0                   ; 1                     ; 1                     ;
; r_st_present.ST_END   ; 1                   ; 0                     ; 1                     ;
+-----------------------+---------------------+-----------------------+-----------------------+


+---------------------------------------------------------------------------------------------------+
; User-Specified and Inferred Latches                                                               ;
+----------------------------------------------------+---------------------+------------------------+
; Latch Name                                         ; Latch Enable Signal ; Free of Timing Hazards ;
+----------------------------------------------------+---------------------+------------------------+
; s_rx_data[7]                                       ; process_1           ; yes                    ;
; s_rx_data[6]                                       ; process_1           ; yes                    ;
; s_rx_data[5]                                       ; process_1           ; yes                    ;
; s_rx_data[4]                                       ; process_1           ; yes                    ;
; s_rx_data[3]                                       ; process_1           ; yes                    ;
; s_rx_data[2]                                       ; process_1           ; yes                    ;
; s_rx_data[1]                                       ; process_1           ; yes                    ;
; s_rx_data[0]                                       ; process_1           ; yes                    ;
; Number of user-specified and inferred latches = 8  ;                     ;                        ;
+----------------------------------------------------+---------------------+------------------------+
Note: All latches listed above may not be present at the end of synthesis due to various synthesis optimizations.


+--------------------------------------------------------------------------------+
; Registers Removed During Synthesis                                             ;
+---------------------------------------+----------------------------------------+
; Register name                         ; Reason for Removal                     ;
+---------------------------------------+----------------------------------------+
; r_counter_data[3]                     ; Stuck at GND due to stuck port data_in ;
; Total Number of Removed Registers = 1 ;                                        ;
+---------------------------------------+----------------------------------------+


+------------------------------------------------------+
; General Register Statistics                          ;
+----------------------------------------------+-------+
; Statistic                                    ; Value ;
+----------------------------------------------+-------+
; Total registers                              ; 86    ;
; Number of registers using Synchronous Clear  ; 8     ;
; Number of registers using Synchronous Load   ; 0     ;
; Number of registers using Asynchronous Clear ; 83    ;
; Number of registers using Asynchronous Load  ; 0     ;
; Number of registers using Clock Enable       ; 33    ;
; Number of registers using Preset             ; 0     ;
+----------------------------------------------+-------+


+--------------------------------------------------+
; Inverted Register Statistics                     ;
+----------------------------------------+---------+
; Inverted Register                      ; Fan out ;
+----------------------------------------+---------+
; o_sclk~reg0                            ; 3       ;
; o_ss~reg0                              ; 1       ;
; o_mosi~reg0                            ; 3       ;
; s_bit_cnt[0]                           ; 3       ;
; r_counter_data[2]                      ; 4       ;
; r_counter_data[1]                      ; 3       ;
; r_counter_data[0]                      ; 4       ;
; Total number of inverted registers = 7 ;         ;
+----------------------------------------+---------+


+----------------------------------------------------------------------------------------------------------------------------------------------+
; Multiplexer Restructuring Statistics (Restructuring Performed)                                                                               ;
+--------------------+-----------+---------------+----------------------+------------------------+------------+--------------------------------+
; Multiplexer Inputs ; Bus Width ; Baseline Area ; Area if Restructured ; Saving if Restructured ; Registered ; Example Multiplexer Output     ;
+--------------------+-----------+---------------+----------------------+------------------------+------------+--------------------------------+
; 4:1                ; 8 bits    ; 16 LEs        ; 8 LEs                ; 8 LEs                  ; Yes        ; |SPI_protos|r_counter_clock[7] ;
; 5:1                ; 7 bits    ; 21 LEs        ; 7 LEs                ; 14 LEs                 ; Yes        ; |SPI_protos|r_tx_data[7]       ;
; 4:1                ; 3 bits    ; 6 LEs         ; 3 LEs                ; 3 LEs                  ; Yes        ; |SPI_protos|r_counter_data[2]  ;
+--------------------+-----------+---------------+----------------------+------------------------+------------+--------------------------------+


+----------------------------------------------------------------------------+
; Parameter Settings for User Entity Instance: Top-level Entity: |SPI_protos ;
+----------------+-------+---------------------------------------------------+
; Parameter Name ; Value ; Type                                              ;
+----------------+-------+---------------------------------------------------+
; s_cpol         ; '0'   ; Enumerated                                        ;
; s_cpha         ; '1'   ; Enumerated                                        ;
; s_d_width      ; 8     ; Signed Integer                                    ;
; N              ; 8     ; Signed Integer                                    ;
; CLK_DIV        ; 100   ; Signed Integer                                    ;
+----------------+-------+---------------------------------------------------+
Note: In order to hide this table in the UI and the text report file, please set the "Show Parameter Settings in Synthesis Report" option in "Analysis and Synthesis Settings -> More Settings" to "Off".


+-------------------------------+
; Elapsed Time Per Partition    ;
+----------------+--------------+
; Partition Name ; Elapsed Time ;
+----------------+--------------+
; Top            ; 00:00:01     ;
+----------------+--------------+


+-------------------------------+
; Analysis & Synthesis Messages ;
+-------------------------------+
Info: *******************************************************************
Info: Running Quartus II 64-Bit Analysis & Synthesis
    Info: Version 13.1.0 Build 162 10/23/2013 SJ Web Edition
    Info: Processing started: Wed May 01 12:50:47 2019
Info: Command: quartus_map --read_settings_files=on --write_settings_files=off SPI_protos -c SPI_protos
Warning (20028): Parallel compilation is not licensed and has been disabled
Info (12021): Found 2 design units, including 1 entities, in source file spi_protos.vhd
    Info (12022): Found design unit 1: SPI_protos-logic
    Info (12023): Found entity 1: SPI_protos
Info (12127): Elaborating entity "SPI_protos" for the top level hierarchy
Warning (10036): Verilog HDL or VHDL warning at SPI_protos.vhd(51): object "s_busy" assigned a value but never read
Warning (10492): VHDL Process Statement warning at SPI_protos.vhd(94): signal "s_reset_n" is read inside the Process Statement but isn't in the Process Statement's sensitivity list
Warning (10492): VHDL Process Statement warning at SPI_protos.vhd(107): signal "s_bit_cnt" is read inside the Process Statement but isn't in the Process Statement's sensitivity list
Warning (10492): VHDL Process Statement warning at SPI_protos.vhd(112): signal "s_bit_cnt" is read inside the Process Statement but isn't in the Process Statement's sensitivity list
Warning (10492): VHDL Process Statement warning at SPI_protos.vhd(117): signal "s_st_load_s_trdy" is read inside the Process Statement but isn't in the Process Statement's sensitivity list
Warning (10492): VHDL Process Statement warning at SPI_protos.vhd(117): signal "s_reset_n" is read inside the Process Statement but isn't in the Process Statement's sensitivity list
Warning (10492): VHDL Process Statement warning at SPI_protos.vhd(119): signal "s_st_load_s_trdy" is read inside the Process Statement but isn't in the Process Statement's sensitivity list
Warning (10492): VHDL Process Statement warning at SPI_protos.vhd(121): signal "s_wr_add" is read inside the Process Statement but isn't in the Process Statement's sensitivity list
Warning (10492): VHDL Process Statement warning at SPI_protos.vhd(121): signal "s_bit_cnt" is read inside the Process Statement but isn't in the Process Statement's sensitivity list
Warning (10492): VHDL Process Statement warning at SPI_protos.vhd(123): signal "s_rd_add" is read inside the Process Statement but isn't in the Process Statement's sensitivity list
Warning (10492): VHDL Process Statement warning at SPI_protos.vhd(123): signal "s_bit_cnt" is read inside the Process Statement but isn't in the Process Statement's sensitivity list
Warning (10492): VHDL Process Statement warning at SPI_protos.vhd(128): signal "s_st_load_s_rrdy" is read inside the Process Statement but isn't in the Process Statement's sensitivity list
Warning (10492): VHDL Process Statement warning at SPI_protos.vhd(128): signal "s_reset_n" is read inside the Process Statement but isn't in the Process Statement's sensitivity list
Warning (10492): VHDL Process Statement warning at SPI_protos.vhd(130): signal "s_st_load_s_rrdy" is read inside the Process Statement but isn't in the Process Statement's sensitivity list
Warning (10492): VHDL Process Statement warning at SPI_protos.vhd(132): signal "s_wr_add" is read inside the Process Statement but isn't in the Process Statement's sensitivity list
Warning (10492): VHDL Process Statement warning at SPI_protos.vhd(132): signal "s_bit_cnt" is read inside the Process Statement but isn't in the Process Statement's sensitivity list
Warning (10492): VHDL Process Statement warning at SPI_protos.vhd(134): signal "s_wr_add" is read inside the Process Statement but isn't in the Process Statement's sensitivity list
Warning (10492): VHDL Process Statement warning at SPI_protos.vhd(134): signal "s_bit_cnt" is read inside the Process Statement but isn't in the Process Statement's sensitivity list
Warning (10492): VHDL Process Statement warning at SPI_protos.vhd(139): signal "s_st_load_s_roe" is read inside the Process Statement but isn't in the Process Statement's sensitivity list
Warning (10492): VHDL Process Statement warning at SPI_protos.vhd(139): signal "s_reset_n" is read inside the Process Statement but isn't in the Process Statement's sensitivity list
Warning (10492): VHDL Process Statement warning at SPI_protos.vhd(141): signal "s_st_load_s_roe" is read inside the Process Statement but isn't in the Process Statement's sensitivity list
Warning (10492): VHDL Process Statement warning at SPI_protos.vhd(143): signal "s_rrdy" is read inside the Process Statement but isn't in the Process Statement's sensitivity list
Warning (10492): VHDL Process Statement warning at SPI_protos.vhd(143): signal "s_wr_add" is read inside the Process Statement but isn't in the Process Statement's sensitivity list
Warning (10492): VHDL Process Statement warning at SPI_protos.vhd(143): signal "s_bit_cnt" is read inside the Process Statement but isn't in the Process Statement's sensitivity list
Warning (10492): VHDL Process Statement warning at SPI_protos.vhd(145): signal "s_wr_add" is read inside the Process Statement but isn't in the Process Statement's sensitivity list
Warning (10492): VHDL Process Statement warning at SPI_protos.vhd(145): signal "s_bit_cnt" is read inside the Process Statement but isn't in the Process Statement's sensitivity list
Warning (10492): VHDL Process Statement warning at SPI_protos.vhd(151): signal "s_reset_n" is read inside the Process Statement but isn't in the Process Statement's sensitivity list
Warning (10492): VHDL Process Statement warning at SPI_protos.vhd(155): signal "s_wr_add" is read inside the Process Statement but isn't in the Process Statement's sensitivity list
Warning (10492): VHDL Process Statement warning at SPI_protos.vhd(155): signal "s_bit_cnt" is read inside the Process Statement but isn't in the Process Statement's sensitivity list
Warning (10492): VHDL Process Statement warning at SPI_protos.vhd(161): signal "s_reset_n" is read inside the Process Statement but isn't in the Process Statement's sensitivity list
Warning (10492): VHDL Process Statement warning at SPI_protos.vhd(164): signal "s_rx_buf" is read inside the Process Statement but isn't in the Process Statement's sensitivity list
Warning (10492): VHDL Process Statement warning at SPI_protos.vhd(168): signal "s_reset_n" is read inside the Process Statement but isn't in the Process Statement's sensitivity list
Warning (10492): VHDL Process Statement warning at SPI_protos.vhd(171): signal "s_tx_load_data" is read inside the Process Statement but isn't in the Process Statement's sensitivity list
Warning (10492): VHDL Process Statement warning at SPI_protos.vhd(172): signal "s_rd_add" is read inside the Process Statement but isn't in the Process Statement's sensitivity list
Warning (10492): VHDL Process Statement warning at SPI_protos.vhd(172): signal "s_bit_cnt" is read inside the Process Statement but isn't in the Process Statement's sensitivity list
Warning (10492): VHDL Process Statement warning at SPI_protos.vhd(177): signal "s_reset_n" is read inside the Process Statement but isn't in the Process Statement's sensitivity list
Warning (10492): VHDL Process Statement warning at SPI_protos.vhd(179): signal "s_rd_add" is read inside the Process Statement but isn't in the Process Statement's sensitivity list
Warning (10492): VHDL Process Statement warning at SPI_protos.vhd(186): signal "s_rd_add" is read inside the Process Statement but isn't in the Process Statement's sensitivity list
Warning (10492): VHDL Process Statement warning at SPI_protos.vhd(186): signal "s_bit_cnt" is read inside the Process Statement but isn't in the Process Statement's sensitivity list
Warning (10631): VHDL Process Statement warning at SPI_protos.vhd(103): inferring latch(es) for signal or variable "s_rx_data", which holds its previous value in one or more paths through the process
Info (10041): Inferred latch for "s_rx_data[0]" at SPI_protos.vhd(103)
Info (10041): Inferred latch for "s_rx_data[1]" at SPI_protos.vhd(103)
Info (10041): Inferred latch for "s_rx_data[2]" at SPI_protos.vhd(103)
Info (10041): Inferred latch for "s_rx_data[3]" at SPI_protos.vhd(103)
Info (10041): Inferred latch for "s_rx_data[4]" at SPI_protos.vhd(103)
Info (10041): Inferred latch for "s_rx_data[5]" at SPI_protos.vhd(103)
Info (10041): Inferred latch for "s_rx_data[6]" at SPI_protos.vhd(103)
Info (10041): Inferred latch for "s_rx_data[7]" at SPI_protos.vhd(103)
Info (13000): Registers with preset signals will power-up high
Info (13003): DEV_CLRn pin will set, and not reset, register with preset signal due to NOT Gate Push-Back
Warning (13004): Presettable and clearable registers converted to equivalent circuits with latches. Registers power-up to an undefined state, and DEVCLRn places the registers in an undefined state.
    Warning (13310): Register "s_trdy~reg0" is converted into an equivalent circuit using register "s_trdy~reg0_emulated" and latch "s_trdy~1"
    Warning (13310): Register "s_rrdy~reg0" is converted into an equivalent circuit using register "s_rrdy~reg0_emulated" and latch "s_rrdy~1"
    Warning (13310): Register "s_roe~reg0" is converted into an equivalent circuit using register "s_roe~reg0_emulated" and latch "s_roe~1"
    Warning (13310): Register "s_tx_buf[7]" is converted into an equivalent circuit using register "s_tx_buf[7]~_emulated" and latch "s_tx_buf[7]~1"
    Warning (13310): Register "s_tx_buf[6]" is converted into an equivalent circuit using register "s_tx_buf[6]~_emulated" and latch "s_tx_buf[6]~6"
    Warning (13310): Register "s_tx_buf[5]" is converted into an equivalent circuit using register "s_tx_buf[5]~_emulated" and latch "s_tx_buf[5]~11"
    Warning (13310): Register "s_tx_buf[4]" is converted into an equivalent circuit using register "s_tx_buf[4]~_emulated" and latch "s_tx_buf[4]~16"
    Warning (13310): Register "s_tx_buf[3]" is converted into an equivalent circuit using register "s_tx_buf[3]~_emulated" and latch "s_tx_buf[3]~21"
    Warning (13310): Register "s_tx_buf[2]" is converted into an equivalent circuit using register "s_tx_buf[2]~_emulated" and latch "s_tx_buf[2]~26"
    Warning (13310): Register "s_tx_buf[1]" is converted into an equivalent circuit using register "s_tx_buf[1]~_emulated" and latch "s_tx_buf[1]~31"
    Warning (13310): Register "s_tx_buf[0]" is converted into an equivalent circuit using register "s_tx_buf[0]~_emulated" and latch "s_tx_buf[0]~36"
Critical Warning (18061): Ignored Power-Up Level option on the following registers
    Critical Warning (18010): Register r_counter_data[2] will power up to High
    Critical Warning (18010): Register r_counter_data[1] will power up to High
    Critical Warning (18010): Register r_counter_data[0] will power up to High
Info (286030): Timing-Driven Synthesis is running
Info (16010): Generating hard_block partition "hard_block:auto_generated_inst"
    Info (16011): Adding 0 node(s), including 0 DDIO, 0 PLL, 0 transceiver and 0 LCELL
Info (21057): Implemented 201 device resources after synthesis - the final resource count might be different
    Info (21058): Implemented 22 input pins
    Info (21059): Implemented 16 output pins
    Info (21061): Implemented 163 logic cells
Info: Quartus II 64-Bit Analysis & Synthesis was successful. 0 errors, 57 warnings
    Info: Peak virtual memory: 526 megabytes
    Info: Processing ended: Wed May 01 12:50:52 2019
    Info: Elapsed time: 00:00:05
    Info: Total CPU time (on all processors): 00:00:03


