ARM GAS  C:\Users\ALBERT~1\AppData\Local\Temp\cc3nIseX.s 			page 1


   1              		.syntax unified
   2              		.cpu cortex-m3
   3              		.fpu softvfp
   4              		.eabi_attribute 20, 1
   5              		.eabi_attribute 21, 1
   6              		.eabi_attribute 23, 3
   7              		.eabi_attribute 24, 1
   8              		.eabi_attribute 25, 1
   9              		.eabi_attribute 26, 1
  10              		.eabi_attribute 30, 6
  11              		.eabi_attribute 34, 1
  12              		.eabi_attribute 18, 4
  13              		.thumb
  14              		.syntax unified
  15              		.file	"main.c"
  16              		.text
  17              	.Ltext0:
  18              		.cfi_sections	.debug_frame
  19              		.global	sdFile
  20              		.data
  21              		.align	2
  22              		.type	sdFile, %object
  23              		.size	sdFile, 9
  24              	sdFile:
  25 0000 46696C65 		.ascii	"File.txt\000"
  25      2E747874 
  25      00
  26              		.section	.rodata
  27              		.align	2
  28              	.LC0:
  29 0000 53442043 		.ascii	"SD CARD NAME\012 \015\000"
  29      41524420 
  29      4E414D45 
  29      0A200D00 
  30              		.align	2
  31              	.LC1:
  32 0010 53442063 		.ascii	"SD card name:\012 \015\000"
  32      61726420 
  32      6E616D65 
  32      3A0A200D 
  32      00
  33 0021 000000   		.align	2
  34              	.LC2:
  35 0024 4661696C 		.ascii	"Failed to get\012 \015\000"
  35      65642074 
  35      6F206765 
  35      740A200D 
  35      00
  36 0035 000000   		.align	2
  37              	.LC3:
  38 0038 53442063 		.ascii	"SD card name\012 \015\000"
  38      61726420 
  38      6E616D65 
  38      0A200D00 
  39              		.align	2
  40              	.LC4:
  41 0048 53442043 		.ascii	"SD CARD FORMAT\012 \015\000"
ARM GAS  C:\Users\ALBERT~1\AppData\Local\Temp\cc3nIseX.s 			page 2


  41      41524420 
  41      464F524D 
  41      41540A20 
  41      0D00
  42 005a 0000     		.align	2
  43              	.LC5:
  44 005c 53442063 		.ascii	"SD card format\012 \015\000"
  44      61726420 
  44      666F726D 
  44      61740A20 
  44      0D00
  45 006e 0000     		.align	2
  46              	.LC6:
  47 0070 53756363 		.ascii	"Succeeded\012 \015\000"
  47      65656465 
  47      640A200D 
  47      00
  48 007d 000000   		.align	2
  49              	.LC7:
  50 0080 4661696C 		.ascii	"Failed\012 \015\000"
  50      65640A20 
  50      0D00
  51 008a 0000     		.align	2
  52              	.LC8:
  53 008c 44495245 		.ascii	"DIRECTORY\012 \015\000"
  53      43544F52 
  53      590A200D 
  53      00
  54 0099 000000   		.align	2
  55              	.LC9:
  56 009c 44697200 		.ascii	"Dir\000"
  57              		.align	2
  58              	.LC10:
  59 00a0 22446972 		.ascii	"\"Dir\" created\012 \015\000"
  59      22206372 
  59      65617465 
  59      640A200D 
  59      00
  60 00b1 000000   		.align	2
  61              	.LC11:
  62 00b4 4661696C 		.ascii	"Failed to create\012 \015\000"
  62      65642074 
  62      6F206372 
  62      65617465 
  62      0A200D00 
  63              		.align	2
  64              	.LC12:
  65 00c8 64697265 		.ascii	"directory\012 \015\000"
  65      63746F72 
  65      790A200D 
  65      00
  66 00d5 000000   		.align	2
  67              	.LC13:
  68 00d8 46494C45 		.ascii	"FILE\012 \015\000"
  68      0A200D00 
  69              		.align	2
  70              	.LC14:
ARM GAS  C:\Users\ALBERT~1\AppData\Local\Temp\cc3nIseX.s 			page 3


  71 00e0 7700     		.ascii	"w\000"
  72 00e2 0000     		.align	2
  73              	.LC15:
  74 00e4 46696C65 		.ascii	"File \012 \015\000"
  74      200A200D 
  74      00
  75 00ed 000000   		.align	2
  76              	.LC16:
  77 00f0 77617320 		.ascii	"was opened\012 \015\000"
  77      6F70656E 
  77      65640A20 
  77      0D00
  78 00fe 0000     		.align	2
  79              	.LC17:
  80 0100 30313233 		.ascii	"0123456789\000"
  80      34353637 
  80      383900
  81 010b 00       		.align	2
  82              	.LC18:
  83 010c 22303132 		.ascii	"\"0123456789\"\012 \015\000"
  83      33343536 
  83      37383922 
  83      0A200D00 
  84              		.align	2
  85              	.LC19:
  86 011c 77726974 		.ascii	"written to file\012 \015\000"
  86      74656E20 
  86      746F2066 
  86      696C650A 
  86      200D00
  87 012f 00       		.align	2
  88              	.LC20:
  89 0130 4661696C 		.ascii	"Failed to write\012 \015\000"
  89      65642074 
  89      6F207772 
  89      6974650A 
  89      200D00
  90 0143 00       		.align	2
  91              	.LC21:
  92 0144 64617461 		.ascii	"data to file\012 \015\000"
  92      20746F20 
  92      66696C65 
  92      0A200D00 
  93              		.align	2
  94              	.LC22:
  95 0154 46696C65 		.ascii	"File was closed\012 \015\000"
  95      20776173 
  95      20636C6F 
  95      7365640A 
  95      200D00
  96 0167 00       		.align	2
  97              	.LC23:
  98 0168 4661696C 		.ascii	"Failed to close\012 \015\000"
  98      65642074 
  98      6F20636C 
  98      6F73650A 
  98      200D00
ARM GAS  C:\Users\ALBERT~1\AppData\Local\Temp\cc3nIseX.s 			page 4


  99 017b 00       		.align	2
 100              	.LC24:
 101 017c 66696C65 		.ascii	"file\012 \015\000"
 101      0A200D00 
 102              		.align	2
 103              	.LC25:
 104 0184 434F5059 		.ascii	"COPY\012 \015\000"
 104      0A200D00 
 105              		.align	2
 106              	.LC26:
 107 018c 5C446972 		.ascii	"\\Dir\\file1.txt\012 \015\000"
 107      5C66696C 
 107      65312E74 
 107      78740A20 
 107      0D00
 108 019e 0000     		.align	2
 109              	.LC27:
 110 01a0 46696C65 		.ascii	"File was \012 \015\000"
 110      20776173 
 110      200A200D 
 110      00
 111 01ad 000000   		.align	2
 112              	.LC28:
 113 01b0 636F7069 		.ascii	"copied to \"DIR\"\012 \015\000"
 113      65642074 
 113      6F202244 
 113      4952220A 
 113      200D00
 114 01c3 00       		.align	2
 115              	.LC29:
 116 01c4 4661696C 		.ascii	"Failed to copy\012 \015\000"
 116      65642074 
 116      6F20636F 
 116      70790A20 
 116      0D00
 117 01d6 0000     		.align	2
 118              	.LC30:
 119 01d8 4578616D 		.ascii	"Example project\012 \015\000"
 119      706C6520 
 119      70726F6A 
 119      6563740A 
 119      200D00
 120 01eb 00       		.align	2
 121              	.LC31:
 122 01ec 636F6D70 		.ascii	"completed\012 \015\000"
 122      6C657465 
 122      640A200D 
 122      00
 123              		.section	.text.main,"ax",%progbits
 124              		.align	2
 125              		.global	main
 126              		.thumb
 127              		.thumb_func
 128              		.type	main, %function
 129              	main:
 130              	.LFB63:
 131              		.file 1 "main.c"
ARM GAS  C:\Users\ALBERT~1\AppData\Local\Temp\cc3nIseX.s 			page 5


   1:main.c        **** /*******************************************************************************
   2:main.c        **** * File Name: main.c
   3:main.c        **** *
   4:main.c        **** * Version: 1.10
   5:main.c        **** *
   6:main.c        **** * Description:
   7:main.c        **** *  The example project consists of 5 simple steps. Each of the steps performs 
   8:main.c        **** *  single File System operation. 
   9:main.c        **** *  Step#1: Gets SD card name and displays it on the LCD.
  10:main.c        **** *  Step#2: Performs Format SD operation and displays the status of the format 
  11:main.c        **** *  operation execution.
  12:main.c        **** *  Step#3: Creates directory with the name - "Dir" and displays a status of 
  13:main.c        **** *  directory creation operation.
  14:main.c        **** *  Step#4: Creates a file - "File.txt" in the root directory and writes the 
  15:main.c        **** *  following string to the file -"123456789". Displays a status of operations 
  16:main.c        **** *  execution.
  17:main.c        **** *  Step#5: Copies newly created file ("File.txt") to directory "Dir" with the 
  18:main.c        **** *  name - "File1.txt". 
  19:main.c        **** *
  20:main.c        **** ********************************************************************************
  21:main.c        **** * Copyright 2011-2012, Cypress Semiconductor Corporation. All rights reserved.
  22:main.c        **** * This software is owned by Cypress Semiconductor Corporation and is protected
  23:main.c        **** * by and subject to worldwide patent and copyright laws and treaties.
  24:main.c        **** * Therefore, you may use this software only as provided in the license agreement
  25:main.c        **** * accompanying the software package from which you obtained this software.
  26:main.c        **** * CYPRESS AND ITS SUPPLIERS MAKE NO WARRANTY OF ANY KIND, EXPRESS OR IMPLIED,
  27:main.c        **** * WITH REGARD TO THIS SOFTWARE, INCLUDING, BUT NOT LIMITED TO, NONINFRINGEMENT,
  28:main.c        **** * IMPLIED WARRANTIES OF MERCHANTABILITY AND FITNESS FOR A PARTICULAR PURPOSE.
  29:main.c        **** *******************************************************************************/
  30:main.c        **** 
  31:main.c        **** #include <project.h>
  32:main.c        **** #include <FS.h>
  33:main.c        **** #include <string.h>
  34:main.c        **** #include <Global.h>
  35:main.c        **** 
  36:main.c        **** 
  37:main.c        **** char sdFile[9] = "File.txt";
  38:main.c        **** 
  39:main.c        **** 
  40:main.c        **** int main()
  41:main.c        **** {
 132              		.loc 1 41 0
 133              		.cfi_startproc
 134              		@ args = 0, pretend = 0, frame = 16
 135              		@ frame_needed = 1, uses_anonymous_args = 0
 136 0000 80B5     		push	{r7, lr}
 137              		.cfi_def_cfa_offset 8
 138              		.cfi_offset 7, -8
 139              		.cfi_offset 14, -4
 140 0002 84B0     		sub	sp, sp, #16
 141              		.cfi_def_cfa_offset 24
 142 0004 00AF     		add	r7, sp, #0
 143              		.cfi_def_cfa_register 7
  42:main.c        ****     CyGlobalIntEnable; /* Enable global interrupts. */
 144              		.loc 1 42 0
 145              		.syntax unified
 146              	@ 42 "main.c" 1
ARM GAS  C:\Users\ALBERT~1\AppData\Local\Temp\cc3nIseX.s 			page 6


 147 0006 62B6     		CPSIE   i
 148              	@ 0 "" 2
  43:main.c        ****     
  44:main.c        ****     char sdVolName[10];     /* Buffer that will hold SD card Volume name */
  45:main.c        ****     FS_FILE * pFile;
  46:main.c        ****     
  47:main.c        ****     /* Start LCD */
  48:main.c        ****     UART_Start();
 149              		.loc 1 48 0
 150              		.thumb
 151              		.syntax unified
 152 0008 FFF7FEFF 		bl	UART_Start
  49:main.c        ****     
  50:main.c        ****     /* Initialize file system */
  51:main.c        ****     FS_Init();
 153              		.loc 1 51 0
 154 000c FFF7FEFF 		bl	FS_Init
  52:main.c        ****     
  53:main.c        ****     /* Display step number */
  54:main.c        ****     UART_PutString("SD CARD NAME\n \r");
 155              		.loc 1 54 0
 156 0010 5E48     		ldr	r0, .L17
 157 0012 FFF7FEFF 		bl	UART_PutString
  55:main.c        ****     
  56:main.c        ****     /* Get volume name of SD card #0 */
  57:main.c        ****     if(0 != FS_GetVolumeName(0u, &sdVolName[0], 9u))
 158              		.loc 1 57 0
 159 0016 3B46     		mov	r3, r7
 160 0018 0922     		movs	r2, #9
 161 001a 1946     		mov	r1, r3
 162 001c 0020     		movs	r0, #0
 163 001e FFF7FEFF 		bl	FS_GetVolumeName
 164 0022 0346     		mov	r3, r0
 165 0024 002B     		cmp	r3, #0
 166 0026 07D0     		beq	.L2
  58:main.c        ****     {
  59:main.c        ****         /* Getting volume name succeeded so prompt it on the LCD */
  60:main.c        ****         UART_PutString("SD card name:\n \r");
 167              		.loc 1 60 0
 168 0028 5948     		ldr	r0, .L17+4
 169 002a FFF7FEFF 		bl	UART_PutString
  61:main.c        ****         UART_PutString(sdVolName);
 170              		.loc 1 61 0
 171 002e 3B46     		mov	r3, r7
 172 0030 1846     		mov	r0, r3
 173 0032 FFF7FEFF 		bl	UART_PutString
 174 0036 05E0     		b	.L3
 175              	.L2:
  62:main.c        ****     }
  63:main.c        ****     else
  64:main.c        ****     {
  65:main.c        ****         /* Operation Failed - indicate this */
  66:main.c        ****         UART_PutString("Failed to get\n \r");
 176              		.loc 1 66 0
 177 0038 5648     		ldr	r0, .L17+8
 178 003a FFF7FEFF 		bl	UART_PutString
  67:main.c        ****         UART_PutString("SD card name\n \r");
ARM GAS  C:\Users\ALBERT~1\AppData\Local\Temp\cc3nIseX.s 			page 7


 179              		.loc 1 67 0
 180 003e 5648     		ldr	r0, .L17+12
 181 0040 FFF7FEFF 		bl	UART_PutString
 182              	.L3:
  68:main.c        ****     }
  69:main.c        ****     
  70:main.c        ****     /* Need some delay to indicate output on the LCD */
  71:main.c        ****     CyDelay(2000u);
 183              		.loc 1 71 0
 184 0044 4FF4FA60 		mov	r0, #2000
 185 0048 FFF7FEFF 		bl	CyDelay
  72:main.c        ****     
  73:main.c        ****     UART_PutString("SD CARD FORMAT\n \r");
 186              		.loc 1 73 0
 187 004c 5348     		ldr	r0, .L17+16
 188 004e FFF7FEFF 		bl	UART_PutString
  74:main.c        ****     UART_PutString("SD card format\n \r");
 189              		.loc 1 74 0
 190 0052 5348     		ldr	r0, .L17+20
 191 0054 FFF7FEFF 		bl	UART_PutString
  75:main.c        ****     
  76:main.c        ****     if(0 == FS_FormatSD(sdVolName))
 192              		.loc 1 76 0
 193 0058 3B46     		mov	r3, r7
 194 005a 1846     		mov	r0, r3
 195 005c FFF7FEFF 		bl	FS_FormatSD
 196 0060 0346     		mov	r3, r0
 197 0062 002B     		cmp	r3, #0
 198 0064 03D1     		bne	.L4
  77:main.c        ****     {
  78:main.c        ****         UART_PutString("Succeeded\n \r");
 199              		.loc 1 78 0
 200 0066 4F48     		ldr	r0, .L17+24
 201 0068 FFF7FEFF 		bl	UART_PutString
 202 006c 02E0     		b	.L5
 203              	.L4:
  79:main.c        ****     }
  80:main.c        ****     else
  81:main.c        ****     {
  82:main.c        ****         UART_PutString("Failed\n \r");
 204              		.loc 1 82 0
 205 006e 4E48     		ldr	r0, .L17+28
 206 0070 FFF7FEFF 		bl	UART_PutString
 207              	.L5:
  83:main.c        ****     }
  84:main.c        ****     
  85:main.c        ****     /* Need some delay to indicate output on the LCD */
  86:main.c        ****     CyDelay(2000u);
 208              		.loc 1 86 0
 209 0074 4FF4FA60 		mov	r0, #2000
 210 0078 FFF7FEFF 		bl	CyDelay
  87:main.c        ****     
  88:main.c        ****     UART_PutString("DIRECTORY\n \r");
 211              		.loc 1 88 0
 212 007c 4B48     		ldr	r0, .L17+32
 213 007e FFF7FEFF 		bl	UART_PutString
  89:main.c        ****     
ARM GAS  C:\Users\ALBERT~1\AppData\Local\Temp\cc3nIseX.s 			page 8


  90:main.c        ****     
  91:main.c        ****     /* This will create directory "Dir" on SD card */
  92:main.c        ****     if(0 == FS_MkDir("Dir"))
 214              		.loc 1 92 0
 215 0082 4B48     		ldr	r0, .L17+36
 216 0084 FFF7FEFF 		bl	FS_MkDir
 217 0088 0346     		mov	r3, r0
 218 008a 002B     		cmp	r3, #0
 219 008c 03D1     		bne	.L6
  93:main.c        ****     {
  94:main.c        ****         /* Display successful directory creation message */
  95:main.c        ****         UART_PutString("\"Dir\" created\n \r");
 220              		.loc 1 95 0
 221 008e 4948     		ldr	r0, .L17+40
 222 0090 FFF7FEFF 		bl	UART_PutString
 223 0094 05E0     		b	.L7
 224              	.L6:
  96:main.c        ****     }
  97:main.c        ****     else
  98:main.c        ****     {
  99:main.c        ****         /* Display failure message */
 100:main.c        ****         UART_PutString("Failed to create\n \r");
 225              		.loc 1 100 0
 226 0096 4848     		ldr	r0, .L17+44
 227 0098 FFF7FEFF 		bl	UART_PutString
 101:main.c        ****         UART_PutString("directory\n \r");
 228              		.loc 1 101 0
 229 009c 4748     		ldr	r0, .L17+48
 230 009e FFF7FEFF 		bl	UART_PutString
 231              	.L7:
 102:main.c        ****     }
 103:main.c        ****     
 104:main.c        ****     /* Need some delay to indicate output on the LCD */
 105:main.c        ****     CyDelay(2000u);
 232              		.loc 1 105 0
 233 00a2 4FF4FA60 		mov	r0, #2000
 234 00a6 FFF7FEFF 		bl	CyDelay
 106:main.c        ****     
 107:main.c        ****     UART_PutString("FILE\n \r");
 235              		.loc 1 107 0
 236 00aa 4548     		ldr	r0, .L17+52
 237 00ac FFF7FEFF 		bl	UART_PutString
 108:main.c        ****     
 109:main.c        ****     /* Create specific file for modification */
 110:main.c        ****     pFile = FS_FOpen(sdFile, "w");
 238              		.loc 1 110 0
 239 00b0 4449     		ldr	r1, .L17+56
 240 00b2 4548     		ldr	r0, .L17+60
 241 00b4 FFF7FEFF 		bl	FS_FOpen
 242 00b8 F860     		str	r0, [r7, #12]
 111:main.c        ****     
 112:main.c        ****     /* Check if file was created */
 113:main.c        ****     if(pFile)
 243              		.loc 1 113 0
 244 00ba FB68     		ldr	r3, [r7, #12]
 245 00bc 002B     		cmp	r3, #0
 246 00be 39D0     		beq	.L8
ARM GAS  C:\Users\ALBERT~1\AppData\Local\Temp\cc3nIseX.s 			page 9


 114:main.c        ****     {
 115:main.c        ****         /* Indicate successful file creation message */
 116:main.c        ****         UART_PutString("File \n \r");
 247              		.loc 1 116 0
 248 00c0 4248     		ldr	r0, .L17+64
 249 00c2 FFF7FEFF 		bl	UART_PutString
 117:main.c        ****         UART_PutString(sdFile);
 250              		.loc 1 117 0
 251 00c6 4048     		ldr	r0, .L17+60
 252 00c8 FFF7FEFF 		bl	UART_PutString
 118:main.c        ****         UART_PutString("was opened\n \r");
 253              		.loc 1 118 0
 254 00cc 4048     		ldr	r0, .L17+68
 255 00ce FFF7FEFF 		bl	UART_PutString
 119:main.c        ****         
 120:main.c        ****         /* Need some delay to indicate output on the LCD */
 121:main.c        ****         CyDelay(2000u);
 256              		.loc 1 121 0
 257 00d2 4FF4FA60 		mov	r0, #2000
 258 00d6 FFF7FEFF 		bl	CyDelay
 122:main.c        ****         
 123:main.c        ****         if(0 != FS_Write(pFile, "0123456789", 10u)) 
 259              		.loc 1 123 0
 260 00da 0A22     		movs	r2, #10
 261 00dc 3D49     		ldr	r1, .L17+72
 262 00de F868     		ldr	r0, [r7, #12]
 263 00e0 FFF7FEFF 		bl	FS_Write
 264 00e4 0346     		mov	r3, r0
 265 00e6 002B     		cmp	r3, #0
 266 00e8 09D0     		beq	.L9
 124:main.c        ****         {
 125:main.c        ****             /* Inditate that data was written to a file */
 126:main.c        ****             UART_PutString("\"0123456789\"\n \r");
 267              		.loc 1 126 0
 268 00ea 3B48     		ldr	r0, .L17+76
 269 00ec FFF7FEFF 		bl	UART_PutString
 127:main.c        ****             UART_PutString(sdFile);
 270              		.loc 1 127 0
 271 00f0 3548     		ldr	r0, .L17+60
 272 00f2 FFF7FEFF 		bl	UART_PutString
 128:main.c        ****             UART_PutString("written to file\n \r");
 273              		.loc 1 128 0
 274 00f6 3948     		ldr	r0, .L17+80
 275 00f8 FFF7FEFF 		bl	UART_PutString
 276 00fc 05E0     		b	.L10
 277              	.L9:
 129:main.c        ****         }
 130:main.c        ****         else
 131:main.c        ****         {
 132:main.c        ****             UART_PutString("Failed to write\n \r");
 278              		.loc 1 132 0
 279 00fe 3848     		ldr	r0, .L17+84
 280 0100 FFF7FEFF 		bl	UART_PutString
 133:main.c        ****             UART_PutString("data to file\n \r");
 281              		.loc 1 133 0
 282 0104 3748     		ldr	r0, .L17+88
 283 0106 FFF7FEFF 		bl	UART_PutString
ARM GAS  C:\Users\ALBERT~1\AppData\Local\Temp\cc3nIseX.s 			page 10


 284              	.L10:
 134:main.c        ****         }
 135:main.c        ****         
 136:main.c        ****         /* Need some delay to indicate output on the LCD */
 137:main.c        ****         CyDelay(2000u);
 285              		.loc 1 137 0
 286 010a 4FF4FA60 		mov	r0, #2000
 287 010e FFF7FEFF 		bl	CyDelay
 138:main.c        ****         
 139:main.c        ****         if(0 == FS_FClose(pFile))
 288              		.loc 1 139 0
 289 0112 F868     		ldr	r0, [r7, #12]
 290 0114 FFF7FEFF 		bl	FS_FClose
 291 0118 0346     		mov	r3, r0
 292 011a 002B     		cmp	r3, #0
 293 011c 03D1     		bne	.L11
 140:main.c        ****         {
 141:main.c        ****             UART_PutString("File was closed\n \r");
 294              		.loc 1 141 0
 295 011e 3248     		ldr	r0, .L17+92
 296 0120 FFF7FEFF 		bl	UART_PutString
 297 0124 0CE0     		b	.L13
 298              	.L11:
 142:main.c        ****         }
 143:main.c        ****         else
 144:main.c        ****         {
 145:main.c        ****             UART_PutString("Failed to close\n \r");
 299              		.loc 1 145 0
 300 0126 3148     		ldr	r0, .L17+96
 301 0128 FFF7FEFF 		bl	UART_PutString
 146:main.c        ****             UART_PutString("file\n \r");
 302              		.loc 1 146 0
 303 012c 3048     		ldr	r0, .L17+100
 304 012e FFF7FEFF 		bl	UART_PutString
 305 0132 05E0     		b	.L13
 306              	.L8:
 147:main.c        ****         }
 148:main.c        ****     }
 149:main.c        ****     else
 150:main.c        ****     {
 151:main.c        ****         UART_PutString("Failed to create\n \r");
 307              		.loc 1 151 0
 308 0134 2048     		ldr	r0, .L17+44
 309 0136 FFF7FEFF 		bl	UART_PutString
 152:main.c        ****         UART_PutString("file\n \r");
 310              		.loc 1 152 0
 311 013a 2D48     		ldr	r0, .L17+100
 312 013c FFF7FEFF 		bl	UART_PutString
 313              	.L13:
 153:main.c        ****     }
 154:main.c        ****     
 155:main.c        ****     /* Need some delay to indicate output on the LCD */
 156:main.c        ****     CyDelay(2000u);
 314              		.loc 1 156 0
 315 0140 4FF4FA60 		mov	r0, #2000
 316 0144 FFF7FEFF 		bl	CyDelay
 157:main.c        ****         
ARM GAS  C:\Users\ALBERT~1\AppData\Local\Temp\cc3nIseX.s 			page 11


 158:main.c        ****     UART_PutString("COPY\n \r");
 317              		.loc 1 158 0
 318 0148 2A48     		ldr	r0, .L17+104
 319 014a FFF7FEFF 		bl	UART_PutString
 159:main.c        ****     
 160:main.c        ****     
 161:main.c        ****     /* Copy a file to a previously created directory */
 162:main.c        ****     if(0 == FS_CopyFile(sdFile, "\\Dir\\file1.txt\n \r"))
 320              		.loc 1 162 0
 321 014e 2A49     		ldr	r1, .L17+108
 322 0150 1D48     		ldr	r0, .L17+60
 323 0152 FFF7FEFF 		bl	FS_CopyFile
 324 0156 0346     		mov	r3, r0
 325 0158 002B     		cmp	r3, #0
 326 015a 06D1     		bne	.L14
 163:main.c        ****     {
 164:main.c        ****         UART_PutString("File was \n \r");
 327              		.loc 1 164 0
 328 015c 2748     		ldr	r0, .L17+112
 329 015e FFF7FEFF 		bl	UART_PutString
 165:main.c        ****         UART_PutString("copied to \"DIR\"\n \r");
 330              		.loc 1 165 0
 331 0162 2748     		ldr	r0, .L17+116
 332 0164 FFF7FEFF 		bl	UART_PutString
 333 0168 05E0     		b	.L15
 334              	.L14:
 166:main.c        ****     }
 167:main.c        ****     else
 168:main.c        ****     {
 169:main.c        ****         UART_PutString("Failed to copy\n \r");
 335              		.loc 1 169 0
 336 016a 2648     		ldr	r0, .L17+120
 337 016c FFF7FEFF 		bl	UART_PutString
 170:main.c        ****         UART_PutString("file\n \r");
 338              		.loc 1 170 0
 339 0170 1F48     		ldr	r0, .L17+100
 340 0172 FFF7FEFF 		bl	UART_PutString
 341              	.L15:
 171:main.c        ****     }
 172:main.c        ****     
 173:main.c        ****     /* Need some delay to indicate output on the LCD */
 174:main.c        ****     CyDelay(2000);
 342              		.loc 1 174 0
 343 0176 4FF4FA60 		mov	r0, #2000
 344 017a FFF7FEFF 		bl	CyDelay
 175:main.c        ****     
 176:main.c        ****     UART_PutString("Example project\n \r");
 345              		.loc 1 176 0
 346 017e 2248     		ldr	r0, .L17+124
 347 0180 FFF7FEFF 		bl	UART_PutString
 177:main.c        ****     UART_PutString("completed\n \r");
 348              		.loc 1 177 0
 349 0184 2148     		ldr	r0, .L17+128
 350 0186 FFF7FEFF 		bl	UART_PutString
 351              	.L16:
 178:main.c        ****     
 179:main.c        ****     for(;;)
ARM GAS  C:\Users\ALBERT~1\AppData\Local\Temp\cc3nIseX.s 			page 12


 180:main.c        ****     {
 181:main.c        ****         
 182:main.c        ****     }
 352              		.loc 1 182 0 discriminator 1
 353 018a FEE7     		b	.L16
 354              	.L18:
 355              		.align	2
 356              	.L17:
 357 018c 00000000 		.word	.LC0
 358 0190 10000000 		.word	.LC1
 359 0194 24000000 		.word	.LC2
 360 0198 38000000 		.word	.LC3
 361 019c 48000000 		.word	.LC4
 362 01a0 5C000000 		.word	.LC5
 363 01a4 70000000 		.word	.LC6
 364 01a8 80000000 		.word	.LC7
 365 01ac 8C000000 		.word	.LC8
 366 01b0 9C000000 		.word	.LC9
 367 01b4 A0000000 		.word	.LC10
 368 01b8 B4000000 		.word	.LC11
 369 01bc C8000000 		.word	.LC12
 370 01c0 D8000000 		.word	.LC13
 371 01c4 E0000000 		.word	.LC14
 372 01c8 00000000 		.word	sdFile
 373 01cc E4000000 		.word	.LC15
 374 01d0 F0000000 		.word	.LC16
 375 01d4 00010000 		.word	.LC17
 376 01d8 0C010000 		.word	.LC18
 377 01dc 1C010000 		.word	.LC19
 378 01e0 30010000 		.word	.LC20
 379 01e4 44010000 		.word	.LC21
 380 01e8 54010000 		.word	.LC22
 381 01ec 68010000 		.word	.LC23
 382 01f0 7C010000 		.word	.LC24
 383 01f4 84010000 		.word	.LC25
 384 01f8 8C010000 		.word	.LC26
 385 01fc A0010000 		.word	.LC27
 386 0200 B0010000 		.word	.LC28
 387 0204 C4010000 		.word	.LC29
 388 0208 D8010000 		.word	.LC30
 389 020c EC010000 		.word	.LC31
 390              		.cfi_endproc
 391              	.LFE63:
 392              		.size	main, .-main
 393              		.text
 394              	.Letext0:
 395              		.file 2 "c:\\program files (x86)\\cypress\\psoc creator\\4.2\\psoc creator\\import\\gnu\\arm\\5.4.
 396              		.file 3 "c:\\program files (x86)\\cypress\\psoc creator\\4.2\\psoc creator\\import\\gnu\\arm\\5.4.
 397              		.file 4 "..\\emFile_V322c\\emFile_V322c\\Code\\Include\\PSoC5/FS_Types.h"
 398              		.file 5 "Generated_Source\\PSoC5/core_cm3.h"
 399              		.section	.debug_info,"",%progbits
 400              	.Ldebug_info0:
 401 0000 2F010000 		.4byte	0x12f
 402 0004 0400     		.2byte	0x4
 403 0006 00000000 		.4byte	.Ldebug_abbrev0
 404 000a 04       		.byte	0x4
 405 000b 01       		.uleb128 0x1
ARM GAS  C:\Users\ALBERT~1\AppData\Local\Temp\cc3nIseX.s 			page 13


 406 000c 78000000 		.4byte	.LASF21
 407 0010 0C       		.byte	0xc
 408 0011 28000000 		.4byte	.LASF22
 409 0015 83010000 		.4byte	.LASF23
 410 0019 00000000 		.4byte	.Ldebug_ranges0+0
 411 001d 00000000 		.4byte	0
 412 0021 00000000 		.4byte	.Ldebug_line0
 413 0025 02       		.uleb128 0x2
 414 0026 01       		.byte	0x1
 415 0027 06       		.byte	0x6
 416 0028 36010000 		.4byte	.LASF0
 417 002c 02       		.uleb128 0x2
 418 002d 01       		.byte	0x1
 419 002e 08       		.byte	0x8
 420 002f 06010000 		.4byte	.LASF1
 421 0033 02       		.uleb128 0x2
 422 0034 02       		.byte	0x2
 423 0035 05       		.byte	0x5
 424 0036 68010000 		.4byte	.LASF2
 425 003a 02       		.uleb128 0x2
 426 003b 02       		.byte	0x2
 427 003c 07       		.byte	0x7
 428 003d 5D000000 		.4byte	.LASF3
 429 0041 03       		.uleb128 0x3
 430 0042 4E010000 		.4byte	.LASF9
 431 0046 02       		.byte	0x2
 432 0047 3F       		.byte	0x3f
 433 0048 4C000000 		.4byte	0x4c
 434 004c 02       		.uleb128 0x2
 435 004d 04       		.byte	0x4
 436 004e 05       		.byte	0x5
 437 004f 19010000 		.4byte	.LASF4
 438 0053 02       		.uleb128 0x2
 439 0054 04       		.byte	0x4
 440 0055 07       		.byte	0x7
 441 0056 34000000 		.4byte	.LASF5
 442 005a 02       		.uleb128 0x2
 443 005b 08       		.byte	0x8
 444 005c 05       		.byte	0x5
 445 005d 00000000 		.4byte	.LASF6
 446 0061 02       		.uleb128 0x2
 447 0062 08       		.byte	0x8
 448 0063 07       		.byte	0x7
 449 0064 46000000 		.4byte	.LASF7
 450 0068 04       		.uleb128 0x4
 451 0069 04       		.byte	0x4
 452 006a 05       		.byte	0x5
 453 006b 696E7400 		.ascii	"int\000"
 454 006f 02       		.uleb128 0x2
 455 0070 04       		.byte	0x4
 456 0071 07       		.byte	0x7
 457 0072 14000000 		.4byte	.LASF8
 458 0076 03       		.uleb128 0x3
 459 0077 72010000 		.4byte	.LASF10
 460 007b 03       		.byte	0x3
 461 007c 2C       		.byte	0x2c
 462 007d 41000000 		.4byte	0x41
ARM GAS  C:\Users\ALBERT~1\AppData\Local\Temp\cc3nIseX.s 			page 14


 463 0081 02       		.uleb128 0x2
 464 0082 04       		.byte	0x4
 465 0083 04       		.byte	0x4
 466 0084 62010000 		.4byte	.LASF11
 467 0088 02       		.uleb128 0x2
 468 0089 08       		.byte	0x8
 469 008a 04       		.byte	0x4
 470 008b 22010000 		.4byte	.LASF12
 471 008f 02       		.uleb128 0x2
 472 0090 01       		.byte	0x1
 473 0091 08       		.byte	0x8
 474 0092 14010000 		.4byte	.LASF13
 475 0096 02       		.uleb128 0x2
 476 0097 08       		.byte	0x8
 477 0098 04       		.byte	0x4
 478 0099 42010000 		.4byte	.LASF14
 479 009d 02       		.uleb128 0x2
 480 009e 04       		.byte	0x4
 481 009f 07       		.byte	0x7
 482 00a0 7A010000 		.4byte	.LASF15
 483 00a4 03       		.uleb128 0x3
 484 00a5 70000000 		.4byte	.LASF16
 485 00a9 04       		.byte	0x4
 486 00aa 7E       		.byte	0x7e
 487 00ab AF000000 		.4byte	0xaf
 488 00af 05       		.uleb128 0x5
 489 00b0 70000000 		.4byte	.LASF16
 490 00b4 06       		.uleb128 0x6
 491 00b5 04       		.byte	0x4
 492 00b6 A4000000 		.4byte	0xa4
 493 00ba 07       		.uleb128 0x7
 494 00bb 2F000000 		.4byte	.LASF24
 495 00bf 01       		.byte	0x1
 496 00c0 28       		.byte	0x28
 497 00c1 68000000 		.4byte	0x68
 498 00c5 00000000 		.4byte	.LFB63
 499 00c9 10020000 		.4byte	.LFE63-.LFB63
 500 00cd 01       		.uleb128 0x1
 501 00ce 9C       		.byte	0x9c
 502 00cf F0000000 		.4byte	0xf0
 503 00d3 08       		.uleb128 0x8
 504 00d4 58010000 		.4byte	.LASF17
 505 00d8 01       		.byte	0x1
 506 00d9 2C       		.byte	0x2c
 507 00da F0000000 		.4byte	0xf0
 508 00de 02       		.uleb128 0x2
 509 00df 91       		.byte	0x91
 510 00e0 68       		.sleb128 -24
 511 00e1 08       		.uleb128 0x8
 512 00e2 0E000000 		.4byte	.LASF18
 513 00e6 01       		.byte	0x1
 514 00e7 2D       		.byte	0x2d
 515 00e8 B4000000 		.4byte	0xb4
 516 00ec 02       		.uleb128 0x2
 517 00ed 91       		.byte	0x91
 518 00ee 74       		.sleb128 -12
 519 00ef 00       		.byte	0
ARM GAS  C:\Users\ALBERT~1\AppData\Local\Temp\cc3nIseX.s 			page 15


 520 00f0 09       		.uleb128 0x9
 521 00f1 8F000000 		.4byte	0x8f
 522 00f5 00010000 		.4byte	0x100
 523 00f9 0A       		.uleb128 0xa
 524 00fa 9D000000 		.4byte	0x9d
 525 00fe 09       		.byte	0x9
 526 00ff 00       		.byte	0
 527 0100 0B       		.uleb128 0xb
 528 0101 29010000 		.4byte	.LASF19
 529 0105 05       		.byte	0x5
 530 0106 1207     		.2byte	0x712
 531 0108 0C010000 		.4byte	0x10c
 532 010c 0C       		.uleb128 0xc
 533 010d 76000000 		.4byte	0x76
 534 0111 09       		.uleb128 0x9
 535 0112 8F000000 		.4byte	0x8f
 536 0116 21010000 		.4byte	0x121
 537 011a 0A       		.uleb128 0xa
 538 011b 9D000000 		.4byte	0x9d
 539 011f 08       		.byte	0x8
 540 0120 00       		.byte	0
 541 0121 0D       		.uleb128 0xd
 542 0122 21000000 		.4byte	.LASF20
 543 0126 01       		.byte	0x1
 544 0127 25       		.byte	0x25
 545 0128 11010000 		.4byte	0x111
 546 012c 05       		.uleb128 0x5
 547 012d 03       		.byte	0x3
 548 012e 00000000 		.4byte	sdFile
 549 0132 00       		.byte	0
 550              		.section	.debug_abbrev,"",%progbits
 551              	.Ldebug_abbrev0:
 552 0000 01       		.uleb128 0x1
 553 0001 11       		.uleb128 0x11
 554 0002 01       		.byte	0x1
 555 0003 25       		.uleb128 0x25
 556 0004 0E       		.uleb128 0xe
 557 0005 13       		.uleb128 0x13
 558 0006 0B       		.uleb128 0xb
 559 0007 03       		.uleb128 0x3
 560 0008 0E       		.uleb128 0xe
 561 0009 1B       		.uleb128 0x1b
 562 000a 0E       		.uleb128 0xe
 563 000b 55       		.uleb128 0x55
 564 000c 17       		.uleb128 0x17
 565 000d 11       		.uleb128 0x11
 566 000e 01       		.uleb128 0x1
 567 000f 10       		.uleb128 0x10
 568 0010 17       		.uleb128 0x17
 569 0011 00       		.byte	0
 570 0012 00       		.byte	0
 571 0013 02       		.uleb128 0x2
 572 0014 24       		.uleb128 0x24
 573 0015 00       		.byte	0
 574 0016 0B       		.uleb128 0xb
 575 0017 0B       		.uleb128 0xb
 576 0018 3E       		.uleb128 0x3e
ARM GAS  C:\Users\ALBERT~1\AppData\Local\Temp\cc3nIseX.s 			page 16


 577 0019 0B       		.uleb128 0xb
 578 001a 03       		.uleb128 0x3
 579 001b 0E       		.uleb128 0xe
 580 001c 00       		.byte	0
 581 001d 00       		.byte	0
 582 001e 03       		.uleb128 0x3
 583 001f 16       		.uleb128 0x16
 584 0020 00       		.byte	0
 585 0021 03       		.uleb128 0x3
 586 0022 0E       		.uleb128 0xe
 587 0023 3A       		.uleb128 0x3a
 588 0024 0B       		.uleb128 0xb
 589 0025 3B       		.uleb128 0x3b
 590 0026 0B       		.uleb128 0xb
 591 0027 49       		.uleb128 0x49
 592 0028 13       		.uleb128 0x13
 593 0029 00       		.byte	0
 594 002a 00       		.byte	0
 595 002b 04       		.uleb128 0x4
 596 002c 24       		.uleb128 0x24
 597 002d 00       		.byte	0
 598 002e 0B       		.uleb128 0xb
 599 002f 0B       		.uleb128 0xb
 600 0030 3E       		.uleb128 0x3e
 601 0031 0B       		.uleb128 0xb
 602 0032 03       		.uleb128 0x3
 603 0033 08       		.uleb128 0x8
 604 0034 00       		.byte	0
 605 0035 00       		.byte	0
 606 0036 05       		.uleb128 0x5
 607 0037 13       		.uleb128 0x13
 608 0038 00       		.byte	0
 609 0039 03       		.uleb128 0x3
 610 003a 0E       		.uleb128 0xe
 611 003b 3C       		.uleb128 0x3c
 612 003c 19       		.uleb128 0x19
 613 003d 00       		.byte	0
 614 003e 00       		.byte	0
 615 003f 06       		.uleb128 0x6
 616 0040 0F       		.uleb128 0xf
 617 0041 00       		.byte	0
 618 0042 0B       		.uleb128 0xb
 619 0043 0B       		.uleb128 0xb
 620 0044 49       		.uleb128 0x49
 621 0045 13       		.uleb128 0x13
 622 0046 00       		.byte	0
 623 0047 00       		.byte	0
 624 0048 07       		.uleb128 0x7
 625 0049 2E       		.uleb128 0x2e
 626 004a 01       		.byte	0x1
 627 004b 3F       		.uleb128 0x3f
 628 004c 19       		.uleb128 0x19
 629 004d 03       		.uleb128 0x3
 630 004e 0E       		.uleb128 0xe
 631 004f 3A       		.uleb128 0x3a
 632 0050 0B       		.uleb128 0xb
 633 0051 3B       		.uleb128 0x3b
ARM GAS  C:\Users\ALBERT~1\AppData\Local\Temp\cc3nIseX.s 			page 17


 634 0052 0B       		.uleb128 0xb
 635 0053 49       		.uleb128 0x49
 636 0054 13       		.uleb128 0x13
 637 0055 11       		.uleb128 0x11
 638 0056 01       		.uleb128 0x1
 639 0057 12       		.uleb128 0x12
 640 0058 06       		.uleb128 0x6
 641 0059 40       		.uleb128 0x40
 642 005a 18       		.uleb128 0x18
 643 005b 9642     		.uleb128 0x2116
 644 005d 19       		.uleb128 0x19
 645 005e 01       		.uleb128 0x1
 646 005f 13       		.uleb128 0x13
 647 0060 00       		.byte	0
 648 0061 00       		.byte	0
 649 0062 08       		.uleb128 0x8
 650 0063 34       		.uleb128 0x34
 651 0064 00       		.byte	0
 652 0065 03       		.uleb128 0x3
 653 0066 0E       		.uleb128 0xe
 654 0067 3A       		.uleb128 0x3a
 655 0068 0B       		.uleb128 0xb
 656 0069 3B       		.uleb128 0x3b
 657 006a 0B       		.uleb128 0xb
 658 006b 49       		.uleb128 0x49
 659 006c 13       		.uleb128 0x13
 660 006d 02       		.uleb128 0x2
 661 006e 18       		.uleb128 0x18
 662 006f 00       		.byte	0
 663 0070 00       		.byte	0
 664 0071 09       		.uleb128 0x9
 665 0072 01       		.uleb128 0x1
 666 0073 01       		.byte	0x1
 667 0074 49       		.uleb128 0x49
 668 0075 13       		.uleb128 0x13
 669 0076 01       		.uleb128 0x1
 670 0077 13       		.uleb128 0x13
 671 0078 00       		.byte	0
 672 0079 00       		.byte	0
 673 007a 0A       		.uleb128 0xa
 674 007b 21       		.uleb128 0x21
 675 007c 00       		.byte	0
 676 007d 49       		.uleb128 0x49
 677 007e 13       		.uleb128 0x13
 678 007f 2F       		.uleb128 0x2f
 679 0080 0B       		.uleb128 0xb
 680 0081 00       		.byte	0
 681 0082 00       		.byte	0
 682 0083 0B       		.uleb128 0xb
 683 0084 34       		.uleb128 0x34
 684 0085 00       		.byte	0
 685 0086 03       		.uleb128 0x3
 686 0087 0E       		.uleb128 0xe
 687 0088 3A       		.uleb128 0x3a
 688 0089 0B       		.uleb128 0xb
 689 008a 3B       		.uleb128 0x3b
 690 008b 05       		.uleb128 0x5
ARM GAS  C:\Users\ALBERT~1\AppData\Local\Temp\cc3nIseX.s 			page 18


 691 008c 49       		.uleb128 0x49
 692 008d 13       		.uleb128 0x13
 693 008e 3F       		.uleb128 0x3f
 694 008f 19       		.uleb128 0x19
 695 0090 3C       		.uleb128 0x3c
 696 0091 19       		.uleb128 0x19
 697 0092 00       		.byte	0
 698 0093 00       		.byte	0
 699 0094 0C       		.uleb128 0xc
 700 0095 35       		.uleb128 0x35
 701 0096 00       		.byte	0
 702 0097 49       		.uleb128 0x49
 703 0098 13       		.uleb128 0x13
 704 0099 00       		.byte	0
 705 009a 00       		.byte	0
 706 009b 0D       		.uleb128 0xd
 707 009c 34       		.uleb128 0x34
 708 009d 00       		.byte	0
 709 009e 03       		.uleb128 0x3
 710 009f 0E       		.uleb128 0xe
 711 00a0 3A       		.uleb128 0x3a
 712 00a1 0B       		.uleb128 0xb
 713 00a2 3B       		.uleb128 0x3b
 714 00a3 0B       		.uleb128 0xb
 715 00a4 49       		.uleb128 0x49
 716 00a5 13       		.uleb128 0x13
 717 00a6 3F       		.uleb128 0x3f
 718 00a7 19       		.uleb128 0x19
 719 00a8 02       		.uleb128 0x2
 720 00a9 18       		.uleb128 0x18
 721 00aa 00       		.byte	0
 722 00ab 00       		.byte	0
 723 00ac 00       		.byte	0
 724              		.section	.debug_aranges,"",%progbits
 725 0000 1C000000 		.4byte	0x1c
 726 0004 0200     		.2byte	0x2
 727 0006 00000000 		.4byte	.Ldebug_info0
 728 000a 04       		.byte	0x4
 729 000b 00       		.byte	0
 730 000c 0000     		.2byte	0
 731 000e 0000     		.2byte	0
 732 0010 00000000 		.4byte	.LFB63
 733 0014 10020000 		.4byte	.LFE63-.LFB63
 734 0018 00000000 		.4byte	0
 735 001c 00000000 		.4byte	0
 736              		.section	.debug_ranges,"",%progbits
 737              	.Ldebug_ranges0:
 738 0000 00000000 		.4byte	.LFB63
 739 0004 10020000 		.4byte	.LFE63
 740 0008 00000000 		.4byte	0
 741 000c 00000000 		.4byte	0
 742              		.section	.debug_line,"",%progbits
 743              	.Ldebug_line0:
 744 0000 CB010000 		.section	.debug_str,"MS",%progbits,1
 744      02007D01 
 744      00000201 
 744      FB0E0D00 
ARM GAS  C:\Users\ALBERT~1\AppData\Local\Temp\cc3nIseX.s 			page 19


 744      01010101 
 745              	.LASF6:
 746 0000 6C6F6E67 		.ascii	"long long int\000"
 746      206C6F6E 
 746      6720696E 
 746      7400
 747              	.LASF18:
 748 000e 7046696C 		.ascii	"pFile\000"
 748      6500
 749              	.LASF8:
 750 0014 756E7369 		.ascii	"unsigned int\000"
 750      676E6564 
 750      20696E74 
 750      00
 751              	.LASF20:
 752 0021 73644669 		.ascii	"sdFile\000"
 752      6C6500
 753              	.LASF22:
 754 0028 6D61696E 		.ascii	"main.c\000"
 754      2E6300
 755              	.LASF24:
 756 002f 6D61696E 		.ascii	"main\000"
 756      00
 757              	.LASF5:
 758 0034 6C6F6E67 		.ascii	"long unsigned int\000"
 758      20756E73 
 758      69676E65 
 758      6420696E 
 758      7400
 759              	.LASF7:
 760 0046 6C6F6E67 		.ascii	"long long unsigned int\000"
 760      206C6F6E 
 760      6720756E 
 760      7369676E 
 760      65642069 
 761              	.LASF3:
 762 005d 73686F72 		.ascii	"short unsigned int\000"
 762      7420756E 
 762      7369676E 
 762      65642069 
 762      6E7400
 763              	.LASF16:
 764 0070 46535F46 		.ascii	"FS_FILE\000"
 764      494C4500 
 765              	.LASF21:
 766 0078 474E5520 		.ascii	"GNU C11 5.4.1 20160609 (release) [ARM/embedded-5-br"
 766      43313120 
 766      352E342E 
 766      31203230 
 766      31363036 
 767 00ab 616E6368 		.ascii	"anch revision 237715] -mcpu=cortex-m3 -mthumb -g -O"
 767      20726576 
 767      6973696F 
 767      6E203233 
 767      37373135 
 768 00de 30202D66 		.ascii	"0 -ffunction-sections -ffat-lto-objects\000"
 768      66756E63 
ARM GAS  C:\Users\ALBERT~1\AppData\Local\Temp\cc3nIseX.s 			page 20


 768      74696F6E 
 768      2D736563 
 768      74696F6E 
 769              	.LASF1:
 770 0106 756E7369 		.ascii	"unsigned char\000"
 770      676E6564 
 770      20636861 
 770      7200
 771              	.LASF13:
 772 0114 63686172 		.ascii	"char\000"
 772      00
 773              	.LASF4:
 774 0119 6C6F6E67 		.ascii	"long int\000"
 774      20696E74 
 774      00
 775              	.LASF12:
 776 0122 646F7562 		.ascii	"double\000"
 776      6C6500
 777              	.LASF19:
 778 0129 49544D5F 		.ascii	"ITM_RxBuffer\000"
 778      52784275 
 778      66666572 
 778      00
 779              	.LASF0:
 780 0136 7369676E 		.ascii	"signed char\000"
 780      65642063 
 780      68617200 
 781              	.LASF14:
 782 0142 6C6F6E67 		.ascii	"long double\000"
 782      20646F75 
 782      626C6500 
 783              	.LASF9:
 784 014e 5F5F696E 		.ascii	"__int32_t\000"
 784      7433325F 
 784      7400
 785              	.LASF17:
 786 0158 7364566F 		.ascii	"sdVolName\000"
 786      6C4E616D 
 786      6500
 787              	.LASF11:
 788 0162 666C6F61 		.ascii	"float\000"
 788      7400
 789              	.LASF2:
 790 0168 73686F72 		.ascii	"short int\000"
 790      7420696E 
 790      7400
 791              	.LASF10:
 792 0172 696E7433 		.ascii	"int32_t\000"
 792      325F7400 
 793              	.LASF15:
 794 017a 73697A65 		.ascii	"sizetype\000"
 794      74797065 
 794      00
 795              	.LASF23:
 796 0183 433A5C55 		.ascii	"C:\\Users\\Albert Sandager\\Documents\\GitHub\\P4-V"
 796      73657273 
 796      5C416C62 
ARM GAS  C:\Users\ALBERT~1\AppData\Local\Temp\cc3nIseX.s 			page 21


 796      65727420 
 796      53616E64 
 797 01b1 69657743 		.ascii	"iewCare\\PSoC\\SDCard\\SDCard.cydsn\000"
 797      6172655C 
 797      50536F43 
 797      5C534443 
 797      6172645C 
 798              		.ident	"GCC: (GNU Tools for ARM Embedded Processors) 5.4.1 20160609 (release) [ARM/embedded-5-bran
