Flow report for LP100
Tue May 14 10:48:14 2019
Quartus II 64-Bit Version 13.1.0 Build 162 10/23/2013 SJ Web Edition


---------------------
; Table of Contents ;
---------------------
  1. Legal Notice
  2. Flow Summary
  3. Flow Settings
  4. Flow Non-Default Global Settings
  5. Flow Elapsed Time
  6. Flow OS Summary
  7. Flow Log
  8. Flow Messages
  9. Flow Suppressed Messages



----------------
; Legal Notice ;
----------------
Copyright (C) 1991-2013 Altera Corporation
Your use of Altera Corporation's design tools, logic functions 
and other software and tools, and its AMPP partner logic 
functions, and any output files from any of the foregoing 
(including device programming or simulation files), and any 
associated documentation or information are expressly subject 
to the terms and conditions of the Altera Program License 
Subscription Agreement, Altera MegaCore Function License 
Agreement, or other applicable license agreement, including, 
without limitation, that your use is for the sole purpose of 
programming logic devices manufactured by Altera and sold by 
Altera or its authorized distributors.  Please refer to the 
applicable agreement for further details.



+---------------------------------------------------------------------------------+
; Flow Summary                                                                    ;
+------------------------------------+--------------------------------------------+
; Flow Status                        ; Successful - Tue May 14 10:48:14 2019      ;
; Quartus II 64-Bit Version          ; 13.1.0 Build 162 10/23/2013 SJ Web Edition ;
; Revision Name                      ; LP100                                      ;
; Top-level Entity Name              ; LP100                                      ;
; Family                             ; Cyclone III                                ;
; Device                             ; EP3C16F484C6                               ;
; Timing Models                      ; Final                                      ;
; Total logic elements               ; 421 / 15,408 ( 3 % )                       ;
;     Total combinational functions  ; 258 / 15,408 ( 2 % )                       ;
;     Dedicated logic registers      ; 302 / 15,408 ( 2 % )                       ;
; Total registers                    ; 302                                        ;
; Total pins                         ; 56 / 347 ( 16 % )                          ;
; Total virtual pins                 ; 0                                          ;
; Total memory bits                  ; 3,072 / 516,096 ( < 1 % )                  ;
; Embedded Multiplier 9-bit elements ; 3 / 112 ( 3 % )                            ;
; Total PLLs                         ; 0 / 4 ( 0 % )                              ;
+------------------------------------+--------------------------------------------+


+-----------------------------------------+
; Flow Settings                           ;
+-------------------+---------------------+
; Option            ; Setting             ;
+-------------------+---------------------+
; Start date & time ; 05/14/2019 10:47:49 ;
; Main task         ; Compilation         ;
; Revision Name     ; LP100               ;
+-------------------+---------------------+


+------------------------------------------------------------------------------------------------------------------------------------------------+
; Flow Non-Default Global Settings                                                                                                               ;
+-------------------------------------+-----------------------------------------------------------+---------------+-------------+----------------+
; Assignment Name                     ; Value                                                     ; Default Value ; Entity Name ; Section Id     ;
+-------------------------------------+-----------------------------------------------------------+---------------+-------------+----------------+
; COMPILER_SIGNATURE_ID               ; 193744350771153.155782366941280                           ; --            ; --          ; --             ;
; EDA_OUTPUT_DATA_FORMAT              ; Vhdl                                                      ; --            ; --          ; eda_simulation ;
; EDA_SIMULATION_TOOL                 ; ModelSim-Altera (VHDL)                                    ; <None>        ; --          ; --             ;
; IP_TOOL_ENV                         ; mwpim                                                     ; --            ; --          ; --             ;
; IP_TOOL_ENV                         ; mwpim                                                     ; --            ; --          ; --             ;
; IP_TOOL_ENV                         ; mwpim                                                     ; --            ; LP100_0002  ; --             ;
; IP_TOOL_NAME                        ; altera_fir_compiler_ii                                    ; --            ; --          ; --             ;
; IP_TOOL_NAME                        ; altera_fir_compiler_ii                                    ; --            ; --          ; --             ;
; IP_TOOL_NAME                        ; altera_fir_compiler_ii                                    ; --            ; LP100_0002  ; --             ;
; IP_TOOL_VERSION                     ; 13.1                                                      ; --            ; --          ; --             ;
; IP_TOOL_VERSION                     ; 13.1                                                      ; --            ; --          ; --             ;
; IP_TOOL_VERSION                     ; 13.1                                                      ; --            ; LP100_0002  ; --             ;
; MAX_CORE_JUNCTION_TEMP              ; 85                                                        ; --            ; --          ; --             ;
; MIN_CORE_JUNCTION_TEMP              ; 0                                                         ; --            ; --          ; --             ;
; MISC_FILE                           ; LP100.cmp                                                 ; --            ; --          ; --             ;
; MISC_FILE                           ; LP100_sim/altera_avalon_sc_fifo.v                         ; --            ; --          ; --             ;
; MISC_FILE                           ; LP100_sim/auk_dspip_math_pkg_hpfir.vhd                    ; --            ; --          ; --             ;
; MISC_FILE                           ; LP100_sim/auk_dspip_lib_pkg_hpfir.vhd                     ; --            ; --          ; --             ;
; MISC_FILE                           ; LP100_sim/auk_dspip_avalon_streaming_controller_hpfir.vhd ; --            ; --          ; --             ;
; MISC_FILE                           ; LP100_sim/auk_dspip_avalon_streaming_sink_hpfir.vhd       ; --            ; --          ; --             ;
; MISC_FILE                           ; LP100_sim/auk_dspip_avalon_streaming_source_hpfir.vhd     ; --            ; --          ; --             ;
; MISC_FILE                           ; LP100_sim/auk_dspip_roundsat_hpfir.vhd                    ; --            ; --          ; --             ;
; MISC_FILE                           ; LP100_sim/dspba_library_package.vhd                       ; --            ; --          ; --             ;
; MISC_FILE                           ; LP100_sim/dspba_library.vhd                               ; --            ; --          ; --             ;
; MISC_FILE                           ; LP100_sim/LP100_rtl.vhd                                   ; --            ; --          ; --             ;
; MISC_FILE                           ; LP100_sim/LP100_ast.vhd                                   ; --            ; --          ; --             ;
; MISC_FILE                           ; LP100_sim/LP100.vhd                                       ; --            ; --          ; --             ;
; MISC_FILE                           ; LP100_sim/LP100_nativelink.tcl                            ; --            ; --          ; --             ;
; MISC_FILE                           ; LP100_sim/LP100_msim.tcl                                  ; --            ; --          ; --             ;
; MISC_FILE                           ; LP100_sim/LP100_tb.vhd                                    ; --            ; --          ; --             ;
; MISC_FILE                           ; LP100_sim/LP100_mlab.m                                    ; --            ; --          ; --             ;
; MISC_FILE                           ; LP100_sim/LP100_model.m                                   ; --            ; --          ; --             ;
; MISC_FILE                           ; LP100_sim/LP100_coef_int.txt                              ; --            ; --          ; --             ;
; MISC_FILE                           ; LP100_sim/LP100_input.txt                                 ; --            ; --          ; --             ;
; MISC_FILE                           ; LP100_sim/LP100_param.txt                                 ; --            ; --          ; --             ;
; NOMINAL_CORE_SUPPLY_VOLTAGE         ; 1.2V                                                      ; --            ; --          ; --             ;
; PARTITION_COLOR                     ; 16764057                                                  ; --            ; --          ; Top            ;
; PARTITION_FITTER_PRESERVATION_LEVEL ; PLACEMENT_AND_ROUTING                                     ; --            ; --          ; Top            ;
; PARTITION_NETLIST_TYPE              ; SOURCE                                                    ; --            ; --          ; Top            ;
; PROJECT_OUTPUT_DIRECTORY            ; output_files                                              ; --            ; --          ; --             ;
; SPD_FILE                            ; LP100.spd                                                 ; --            ; --          ; --             ;
; SYNTHESIS_ONLY_QIP                  ; On                                                        ; --            ; --          ; --             ;
+-------------------------------------+-----------------------------------------------------------+---------------+-------------+----------------+


+-------------------------------------------------------------------------------------------------------------------------------+
; Flow Elapsed Time                                                                                                             ;
+---------------------------+--------------+-------------------------+---------------------+------------------------------------+
; Module Name               ; Elapsed Time ; Average Processors Used ; Peak Virtual Memory ; Total CPU Time (on all processors) ;
+---------------------------+--------------+-------------------------+---------------------+------------------------------------+
; Analysis & Synthesis      ; 00:00:04     ; 1.0                     ; 4678 MB             ; 00:00:04                           ;
; Fitter                    ; 00:00:09     ; 1.0                     ; 4870 MB             ; 00:00:08                           ;
; Assembler                 ; 00:00:01     ; 1.0                     ; 4580 MB             ; 00:00:01                           ;
; TimeQuest Timing Analyzer ; 00:00:02     ; 1.0                     ; 4625 MB             ; 00:00:02                           ;
; EDA Netlist Writer        ; 00:00:01     ; 1.0                     ; 4546 MB             ; 00:00:01                           ;
; Total                     ; 00:00:17     ; --                      ; --                  ; 00:00:16                           ;
+---------------------------+--------------+-------------------------+---------------------+------------------------------------+


+----------------------------------------------------------------------------------------+
; Flow OS Summary                                                                        ;
+---------------------------+------------------+-----------+------------+----------------+
; Module Name               ; Machine Hostname ; OS Name   ; OS Version ; Processor type ;
+---------------------------+------------------+-----------+------------+----------------+
; Analysis & Synthesis      ; DESKTOP-NSCA5SH  ; Windows 7 ; 6.2        ; x86_64         ;
; Fitter                    ; DESKTOP-NSCA5SH  ; Windows 7 ; 6.2        ; x86_64         ;
; Assembler                 ; DESKTOP-NSCA5SH  ; Windows 7 ; 6.2        ; x86_64         ;
; TimeQuest Timing Analyzer ; DESKTOP-NSCA5SH  ; Windows 7 ; 6.2        ; x86_64         ;
; EDA Netlist Writer        ; DESKTOP-NSCA5SH  ; Windows 7 ; 6.2        ; x86_64         ;
+---------------------------+------------------+-----------+------------+----------------+


------------
; Flow Log ;
------------
quartus_map --read_settings_files=on --write_settings_files=off LP100 -c LP100
quartus_fit --read_settings_files=off --write_settings_files=off LP100 -c LP100
quartus_asm --read_settings_files=off --write_settings_files=off LP100 -c LP100
quartus_sta LP100 -c LP100
quartus_eda --read_settings_files=off --write_settings_files=off LP100 -c LP100



