--------------- Build Started: 05/02/2019 11:50:15 Project: SPI_Master, Configuration: ARM GCC 5.4-2016-q2-update Debug ---------------
cydsfit.exe -.appdatapath "C:\Users\Albert Sandager\AppData\Local\Cypress Semiconductor\PSoC Creator\4.2" -.fdsnotice -.fdswarpdepfile=warp_dependencies.txt -.fdselabdepfile=elab_dependencies.txt -.fdsbldfile=generated_files.txt -.fdsreffile=referenced_files.txt -p "C:\Users\Albert Sandager\Documents\PSoC Creator\SPI_Master\SPI_Master.cydsn\SPI_Master.cyprj" -d CY8C5888LTI-LP097 -s "C:\Users\Albert Sandager\Documents\PSoC Creator\SPI_Master\SPI_Master.cydsn\Generated_Source\PSoC5" -- -yv2 -q10 -ygs -o2 -v3 -.fftcfgtype=LE
Elaborating Design...
HDL Generation...
Synthesis...
Tech Mapping...
Analog Placement...
Analog Routing...
Analog Code Generation...
Digital Placement...
Digital Routing...
Bitstream Generation...
Bitstream Verification...
Static timing analysis...
API Generation...
Dependency Generation...
Cleanup...
arm-none-eabi-gcc.exe -mcpu=cortex-m3 -mthumb -I. -IGenerated_Source\PSoC5 -Wa,-alh=.\CortexM3\ARM_GCC_541\Debug/main.lst -g -Wall -ffunction-sections -ffat-lto-objects -O0 -c main.c -o .\CortexM3\ARM_GCC_541\Debug\main.o
arm-none-eabi-gcc.exe -mcpu=cortex-m3 -mthumb -I. -IGenerated_Source\PSoC5 -Wa,-alh=.\CortexM3\ARM_GCC_541\Debug/SPIM.lst -g -Wall -ffunction-sections -ffat-lto-objects -O0 -c Generated_Source\PSoC5\SPIM.c -o .\CortexM3\ARM_GCC_541\Debug\SPIM.o
arm-none-eabi-gcc.exe -mcpu=cortex-m3 -mthumb -I. -IGenerated_Source\PSoC5 -Wa,-alh=.\CortexM3\ARM_GCC_541\Debug/SPIM_PM.lst -g -Wall -ffunction-sections -ffat-lto-objects -O0 -c Generated_Source\PSoC5\SPIM_PM.c -o .\CortexM3\ARM_GCC_541\Debug\SPIM_PM.o
arm-none-eabi-gcc.exe -mcpu=cortex-m3 -mthumb -I. -IGenerated_Source\PSoC5 -Wa,-alh=.\CortexM3\ARM_GCC_541\Debug/SPIM_INT.lst -g -Wall -ffunction-sections -ffat-lto-objects -O0 -c Generated_Source\PSoC5\SPIM_INT.c -o .\CortexM3\ARM_GCC_541\Debug\SPIM_INT.o
arm-none-eabi-ar.exe -rs .\CortexM3\ARM_GCC_541\Debug\SPI_Master.a .\CortexM3\ARM_GCC_541\Debug\UART_USB.o .\CortexM3\ARM_GCC_541\Debug\UART_USB_PM.o .\CortexM3\ARM_GCC_541\Debug\UART_USB_INT.o .\CortexM3\ARM_GCC_541\Debug\UART_USB_BOOT.o .\CortexM3\ARM_GCC_541\Debug\ss.o .\CortexM3\ARM_GCC_541\Debug\DMA_RX_dma.o .\CortexM3\ARM_GCC_541\Debug\SPIM.o .\CortexM3\ARM_GCC_541\Debug\SPIM_PM.o .\CortexM3\ARM_GCC_541\Debug\SPIM_INT.o .\CortexM3\ARM_GCC_541\Debug\DMA_TX_dma.o .\CortexM3\ARM_GCC_541\Debug\sclk.o .\CortexM3\ARM_GCC_541\Debug\mosi.o .\CortexM3\ARM_GCC_541\Debug\miso.o .\CortexM3\ARM_GCC_541\Debug\Clock.o .\CortexM3\ARM_GCC_541\Debug\UART_USB_IntClock.o .\CortexM3\ARM_GCC_541\Debug\CyDmac.o .\CortexM3\ARM_GCC_541\Debug\CyFlash.o .\CortexM3\ARM_GCC_541\Debug\CyLib.o .\CortexM3\ARM_GCC_541\Debug\cyPm.o .\CortexM3\ARM_GCC_541\Debug\CySpc.o .\CortexM3\ARM_GCC_541\Debug\cyutils.o .\CortexM3\ARM_GCC_541\Debug\cy_em_eeprom.o .\CortexM3\ARM_GCC_541\Debug\CyBootAsmGnu.o
arm-none-eabi-ar.exe: creating .\CortexM3\ARM_GCC_541\Debug\SPI_Master.a
arm-none-eabi-gcc.exe -Wl,--start-group -o "C:\Users\Albert Sandager\Documents\PSoC Creator\SPI_Master\SPI_Master.cydsn\CortexM3\ARM_GCC_541\Debug\SPI_Master.elf" .\CortexM3\ARM_GCC_541\Debug\main.o .\CortexM3\ARM_GCC_541\Debug\cyfitter_cfg.o .\CortexM3\ARM_GCC_541\Debug\cymetadata.o .\CortexM3\ARM_GCC_541\Debug\Cm3Start.o .\CortexM3\ARM_GCC_541\Debug\SPI_Master.a "C:\Program Files (x86)\Cypress\PSoC Creator\4.2\PSoC Creator\psoc\content\cycomponentlibrary\CyComponentLibrary.cylib\CortexM3\ARM_GCC_541\Debug\CyComponentLibrary.a" -mcpu=cortex-m3 -mthumb -L Generated_Source\PSoC5 -Wl,-Map,.\CortexM3\ARM_GCC_541\Debug/SPI_Master.map -T Generated_Source\PSoC5\cm3gcc.ld -specs=nano.specs -Wl,--gc-sections -g -ffunction-sections -O0 -ffat-lto-objects -Wl,--end-group
cyelftool.exe -C "C:\Users\Albert Sandager\Documents\PSoC Creator\SPI_Master\SPI_Master.cydsn\CortexM3\ARM_GCC_541\Debug\SPI_Master.elf" --flash_row_size 256 --flash_size 262144 --flash_offset 0x00000000
No ELF section .cychecksum found, creating one
Application checksum calculated and stored in ELF section .cychecksum
Checksum calculated and stored in ELF section .cymeta
cyelftool.exe -S "C:\Users\Albert Sandager\Documents\PSoC Creator\SPI_Master\SPI_Master.cydsn\CortexM3\ARM_GCC_541\Debug\SPI_Master.elf"
Flash used: 5102 of 262144 bytes (1,9 %).
SRAM used: 2573 of 65536 bytes (3,9 %). Stack: 2048 bytes. Heap: 128 bytes.
--------------- Build Succeeded: 05/02/2019 11:50:34 ---------------
