Flow report for top
Wed May 22 13:49:49 2019
Quartus II 64-Bit Version 13.1.0 Build 162 10/23/2013 SJ Web Edition


---------------------
; Table of Contents ;
---------------------
  1. Legal Notice
  2. Flow Summary
  3. Flow Settings
  4. Flow Non-Default Global Settings
  5. Flow Elapsed Time
  6. Flow OS Summary
  7. Flow Log
  8. Flow Messages
  9. Flow Suppressed Messages



----------------
; Legal Notice ;
----------------
Copyright (C) 1991-2013 Altera Corporation
Your use of Altera Corporation's design tools, logic functions 
and other software and tools, and its AMPP partner logic 
functions, and any output files from any of the foregoing 
(including device programming or simulation files), and any 
associated documentation or information are expressly subject 
to the terms and conditions of the Altera Program License 
Subscription Agreement, Altera MegaCore Function License 
Agreement, or other applicable license agreement, including, 
without limitation, that your use is for the sole purpose of 
programming logic devices manufactured by Altera and sold by 
Altera or its authorized distributors.  Please refer to the 
applicable agreement for further details.



+---------------------------------------------------------------------------------+
; Flow Summary                                                                    ;
+------------------------------------+--------------------------------------------+
; Flow Status                        ; Successful - Wed May 22 13:49:49 2019      ;
; Quartus II 64-Bit Version          ; 13.1.0 Build 162 10/23/2013 SJ Web Edition ;
; Revision Name                      ; top                                        ;
; Top-level Entity Name              ; top                                        ;
; Family                             ; Cyclone III                                ;
; Device                             ; EP3C16F484C6                               ;
; Timing Models                      ; Final                                      ;
; Total logic elements               ; 1,559 / 15,408 ( 10 % )                    ;
;     Total combinational functions  ; 969 / 15,408 ( 6 % )                       ;
;     Dedicated logic registers      ; 1,242 / 15,408 ( 8 % )                     ;
; Total registers                    ; 1242                                       ;
; Total pins                         ; 161 / 347 ( 46 % )                         ;
; Total virtual pins                 ; 0                                          ;
; Total memory bits                  ; 97,752 / 516,096 ( 19 % )                  ;
; Embedded Multiplier 9-bit elements ; 9 / 112 ( 8 % )                            ;
; Total PLLs                         ; 0 / 4 ( 0 % )                              ;
+------------------------------------+--------------------------------------------+


+-----------------------------------------+
; Flow Settings                           ;
+-------------------+---------------------+
; Option            ; Setting             ;
+-------------------+---------------------+
; Start date & time ; 05/22/2019 13:48:56 ;
; Main task         ; Compilation         ;
; Revision Name     ; top                 ;
+-------------------+---------------------+


+-------------------------------------------------------------------------------------------------------------------------------------------------+
; Flow Non-Default Global Settings                                                                                                                ;
+-------------------------------------+------------------------------------------------------------+---------------+-------------+----------------+
; Assignment Name                     ; Value                                                      ; Default Value ; Entity Name ; Section Id     ;
+-------------------------------------+------------------------------------------------------------+---------------+-------------+----------------+
; COMPILER_SIGNATURE_ID               ; 93383150977231.155852573519116                             ; --            ; --          ; --             ;
; EDA_OUTPUT_DATA_FORMAT              ; Vhdl                                                       ; --            ; --          ; eda_simulation ;
; EDA_SIMULATION_TOOL                 ; ModelSim-Altera (VHDL)                                     ; <None>        ; --          ; --             ;
; IP_TOOL_ENV                         ; mwpim                                                      ; --            ; LP1000      ; --             ;
; IP_TOOL_ENV                         ; mwpim                                                      ; --            ; LP1000      ; --             ;
; IP_TOOL_ENV                         ; mwpim                                                      ; --            ; LP1000_0002 ; --             ;
; IP_TOOL_NAME                        ; altera_fir_compiler_ii                                     ; --            ; LP1000      ; --             ;
; IP_TOOL_NAME                        ; altera_fir_compiler_ii                                     ; --            ; LP1000      ; --             ;
; IP_TOOL_NAME                        ; altera_fir_compiler_ii                                     ; --            ; LP1000_0002 ; --             ;
; IP_TOOL_VERSION                     ; 13.1                                                       ; --            ; LP1000      ; --             ;
; IP_TOOL_VERSION                     ; 13.1                                                       ; --            ; LP1000      ; --             ;
; IP_TOOL_VERSION                     ; 13.1                                                       ; --            ; LP1000_0002 ; --             ;
; MAX_CORE_JUNCTION_TEMP              ; 85                                                         ; --            ; --          ; --             ;
; MIN_CORE_JUNCTION_TEMP              ; 0                                                          ; --            ; --          ; --             ;
; MISC_FILE                           ; LP1000_sim/altera_avalon_sc_fifo.v                         ; --            ; --          ; --             ;
; MISC_FILE                           ; LP1000_sim/auk_dspip_math_pkg_hpfir.vhd                    ; --            ; --          ; --             ;
; MISC_FILE                           ; LP1000_sim/auk_dspip_lib_pkg_hpfir.vhd                     ; --            ; --          ; --             ;
; MISC_FILE                           ; LP1000_sim/auk_dspip_avalon_streaming_controller_hpfir.vhd ; --            ; --          ; --             ;
; MISC_FILE                           ; LP1000_sim/auk_dspip_avalon_streaming_sink_hpfir.vhd       ; --            ; --          ; --             ;
; MISC_FILE                           ; LP1000_sim/auk_dspip_avalon_streaming_source_hpfir.vhd     ; --            ; --          ; --             ;
; MISC_FILE                           ; LP1000_sim/auk_dspip_roundsat_hpfir.vhd                    ; --            ; --          ; --             ;
; MISC_FILE                           ; LP1000_sim/dspba_library_package.vhd                       ; --            ; --          ; --             ;
; MISC_FILE                           ; LP1000_sim/dspba_library.vhd                               ; --            ; --          ; --             ;
; MISC_FILE                           ; LP1000_sim/LP1000_rtl_u0_m0_wo0_cm0_lutmem.hex             ; --            ; --          ; --             ;
; MISC_FILE                           ; LP1000_sim/LP1000_rtl.vhd                                  ; --            ; --          ; --             ;
; MISC_FILE                           ; LP1000_sim/LP1000_ast.vhd                                  ; --            ; --          ; --             ;
; MISC_FILE                           ; LP1000_sim/LP1000.vhd                                      ; --            ; --          ; --             ;
; MISC_FILE                           ; LP1000_sim/LP1000_nativelink.tcl                           ; --            ; --          ; --             ;
; MISC_FILE                           ; LP1000_sim/LP1000_msim.tcl                                 ; --            ; --          ; --             ;
; MISC_FILE                           ; LP1000_sim/LP1000_tb.vhd                                   ; --            ; --          ; --             ;
; MISC_FILE                           ; LP1000_sim/LP1000_mlab.m                                   ; --            ; --          ; --             ;
; MISC_FILE                           ; LP1000_sim/LP1000_model.m                                  ; --            ; --          ; --             ;
; MISC_FILE                           ; LP1000_sim/LP1000_coef_int.txt                             ; --            ; --          ; --             ;
; MISC_FILE                           ; LP1000_sim/LP1000_input.txt                                ; --            ; --          ; --             ;
; MISC_FILE                           ; LP1000_sim/LP1000_param.txt                                ; --            ; --          ; --             ;
; MISC_FILE                           ; LP1000.cmp                                                 ; --            ; --          ; --             ;
; NOMINAL_CORE_SUPPLY_VOLTAGE         ; 1.2V                                                       ; --            ; --          ; --             ;
; PARTITION_COLOR                     ; 16764057                                                   ; --            ; --          ; Top            ;
; PARTITION_FITTER_PRESERVATION_LEVEL ; PLACEMENT_AND_ROUTING                                      ; --            ; --          ; Top            ;
; PARTITION_NETLIST_TYPE              ; SOURCE                                                     ; --            ; --          ; Top            ;
; PROJECT_OUTPUT_DIRECTORY            ; output_files                                               ; --            ; --          ; --             ;
; SPD_FILE                            ; LP1000.spd                                                 ; --            ; --          ; --             ;
; SYNTHESIS_ONLY_QIP                  ; On                                                         ; --            ; --          ; --             ;
+-------------------------------------+------------------------------------------------------------+---------------+-------------+----------------+


+-------------------------------------------------------------------------------------------------------------------------------+
; Flow Elapsed Time                                                                                                             ;
+---------------------------+--------------+-------------------------+---------------------+------------------------------------+
; Module Name               ; Elapsed Time ; Average Processors Used ; Peak Virtual Memory ; Total CPU Time (on all processors) ;
+---------------------------+--------------+-------------------------+---------------------+------------------------------------+
; Analysis & Synthesis      ; 00:00:06     ; 1.0                     ; 4719 MB             ; 00:00:05                           ;
; Fitter                    ; 00:00:27     ; 1.0                     ; 5040 MB             ; 00:00:25                           ;
; Assembler                 ; 00:00:02     ; 1.0                     ; 4613 MB             ; 00:00:02                           ;
; TimeQuest Timing Analyzer ; 00:00:06     ; 1.0                     ; 4663 MB             ; 00:00:05                           ;
; EDA Netlist Writer        ; 00:00:04     ; 1.0                     ; 4573 MB             ; 00:00:03                           ;
; Total                     ; 00:00:45     ; --                      ; --                  ; 00:00:40                           ;
+---------------------------+--------------+-------------------------+---------------------+------------------------------------+


+----------------------------------------------------------------------------------------+
; Flow OS Summary                                                                        ;
+---------------------------+------------------+-----------+------------+----------------+
; Module Name               ; Machine Hostname ; OS Name   ; OS Version ; Processor type ;
+---------------------------+------------------+-----------+------------+----------------+
; Analysis & Synthesis      ; LAPTOP-QR2S7QAJ  ; Windows 7 ; 6.2        ; x86_64         ;
; Fitter                    ; LAPTOP-QR2S7QAJ  ; Windows 7 ; 6.2        ; x86_64         ;
; Assembler                 ; LAPTOP-QR2S7QAJ  ; Windows 7 ; 6.2        ; x86_64         ;
; TimeQuest Timing Analyzer ; LAPTOP-QR2S7QAJ  ; Windows 7 ; 6.2        ; x86_64         ;
; EDA Netlist Writer        ; LAPTOP-QR2S7QAJ  ; Windows 7 ; 6.2        ; x86_64         ;
+---------------------------+------------------+-----------+------------+----------------+


------------
; Flow Log ;
------------
quartus_map --read_settings_files=on --write_settings_files=off FPGA_P4 -c top
quartus_fit --read_settings_files=off --write_settings_files=off FPGA_P4 -c top
quartus_asm --read_settings_files=off --write_settings_files=off FPGA_P4 -c top
quartus_sta FPGA_P4 -c top
quartus_eda --read_settings_files=off --write_settings_files=off FPGA_P4 -c top



