ARM GAS  C:\Users\ALBERT~1\AppData\Local\Temp\cc2BqKQ9.s 			page 1


   1              		.syntax unified
   2              		.cpu cortex-m3
   3              		.fpu softvfp
   4              		.eabi_attribute 20, 1
   5              		.eabi_attribute 21, 1
   6              		.eabi_attribute 23, 3
   7              		.eabi_attribute 24, 1
   8              		.eabi_attribute 25, 1
   9              		.eabi_attribute 26, 1
  10              		.eabi_attribute 30, 1
  11              		.eabi_attribute 34, 1
  12              		.eabi_attribute 18, 4
  13              		.thumb
  14              		.syntax unified
  15              		.file	"cymetadata.c"
  16              		.text
  17              	.Ltext0:
  18              		.cfi_sections	.debug_frame
  19              		.global	cy_metadata
  20              		.global	cy_meta_flashprotect
  21              		.global	cy_meta_wonvl
  22              		.global	cy_meta_custnvl
  23              		.global	cy_meta_configecc
  24              		.section	.cyconfigecc,"a",%progbits
  25              		.align	2
  26              		.type	cy_meta_configecc, %object
  27              		.size	cy_meta_configecc, 892
  28              	cy_meta_configecc:
  29 0000 03       		.byte	3
  30 0001 52       		.byte	82
  31 0002 00       		.byte	0
  32 0003 40       		.byte	64
  33 0004 01       		.byte	1
  34 0005 64       		.byte	100
  35 0006 00       		.byte	0
  36 0007 40       		.byte	64
  37 0008 02       		.byte	2
  38 0009 65       		.byte	101
  39 000a 00       		.byte	0
  40 000b 40       		.byte	64
  41 000c 5B       		.byte	91
  42 000d 06       		.byte	6
  43 000e 01       		.byte	1
  44 000f 40       		.byte	64
  45 0010 37       		.byte	55
  46 0011 07       		.byte	7
  47 0012 01       		.byte	1
  48 0013 40       		.byte	64
  49 0014 43       		.byte	67
  50 0015 14       		.byte	20
  51 0016 01       		.byte	1
  52 0017 40       		.byte	64
  53 0018 3B       		.byte	59
  54 0019 15       		.byte	21
  55 001a 01       		.byte	1
  56 001b 40       		.byte	64
  57 001c 47       		.byte	71
ARM GAS  C:\Users\ALBERT~1\AppData\Local\Temp\cc2BqKQ9.s 			page 2


  58 001d 16       		.byte	22
  59 001e 01       		.byte	1
  60 001f 40       		.byte	64
  61 0020 34       		.byte	52
  62 0021 17       		.byte	23
  63 0022 01       		.byte	1
  64 0023 40       		.byte	64
  65 0024 08       		.byte	8
  66 0025 49       		.byte	73
  67 0026 01       		.byte	1
  68 0027 40       		.byte	64
  69 0028 04       		.byte	4
  70 0029 50       		.byte	80
  71 002a 01       		.byte	1
  72 002b 40       		.byte	64
  73 002c 18       		.byte	24
  74 002d 02       		.byte	2
  75 002e 19       		.byte	25
  76 002f 02       		.byte	2
  77 0030 1C       		.byte	28
  78 0031 01       		.byte	1
  79 0032 87       		.byte	-121
  80 0033 0F       		.byte	15
  81 0034 85       		.byte	-123
  82 0035 38       		.byte	56
  83 0036 87       		.byte	-121
  84 0037 72       		.byte	114
  85 0038 00       		.byte	0
  86 0039 0C       		.byte	12
  87 003a 02       		.byte	2
  88 003b 71       		.byte	113
  89 003c 03       		.byte	3
  90 003d 08       		.byte	8
  91 003e 04       		.byte	4
  92 003f 10       		.byte	16
  93 0040 06       		.byte	6
  94 0041 AC       		.byte	-84
  95 0042 08       		.byte	8
  96 0043 09       		.byte	9
  97 0044 09       		.byte	9
  98 0045 11       		.byte	17
  99 0046 0A       		.byte	10
 100 0047 D0       		.byte	-48
 101 0048 0B       		.byte	11
 102 0049 06       		.byte	6
 103 004a 15       		.byte	21
 104 004b 0C       		.byte	12
 105 004c 16       		.byte	22
 106 004d 20       		.byte	32
 107 004e 17       		.byte	23
 108 004f 13       		.byte	19
 109 0050 1A       		.byte	26
 110 0051 03       		.byte	3
 111 0052 1B       		.byte	27
 112 0053 0C       		.byte	12
 113 0054 1C       		.byte	28
 114 0055 10       		.byte	16
ARM GAS  C:\Users\ALBERT~1\AppData\Local\Temp\cc2BqKQ9.s 			page 3


 115 0056 1E       		.byte	30
 116 0057 40       		.byte	64
 117 0058 21       		.byte	33
 118 0059 11       		.byte	17
 119 005a 23       		.byte	35
 120 005b 0E       		.byte	14
 121 005c 24       		.byte	36
 122 005d DC       		.byte	-36
 123 005e 25       		.byte	37
 124 005f 20       		.byte	32
 125 0060 26       		.byte	38
 126 0061 22       		.byte	34
 127 0062 27       		.byte	39
 128 0063 03       		.byte	3
 129 0064 28       		.byte	40
 130 0065 14       		.byte	20
 131 0066 33       		.byte	51
 132 0067 30       		.byte	48
 133 0068 34       		.byte	52
 134 0069 1F       		.byte	31
 135 006a 35       		.byte	53
 136 006b 0F       		.byte	15
 137 006c 36       		.byte	54
 138 006d E0       		.byte	-32
 139 006e 39       		.byte	57
 140 006f 08       		.byte	8
 141 0070 3A       		.byte	58
 142 0071 80       		.byte	-128
 143 0072 3B       		.byte	59
 144 0073 20       		.byte	32
 145 0074 40       		.byte	64
 146 0075 04       		.byte	4
 147 0076 47       		.byte	71
 148 0077 40       		.byte	64
 149 0078 49       		.byte	73
 150 0079 FF       		.byte	-1
 151 007a 4A       		.byte	74
 152 007b 07       		.byte	7
 153 007c 4B       		.byte	75
 154 007d FF       		.byte	-1
 155 007e 4C       		.byte	76
 156 007f 40       		.byte	64
 157 0080 4D       		.byte	77
 158 0081 20       		.byte	32
 159 0082 4E       		.byte	78
 160 0083 F0       		.byte	-16
 161 0084 4F       		.byte	79
 162 0085 05       		.byte	5
 163 0086 50       		.byte	80
 164 0087 08       		.byte	8
 165 0088 58       		.byte	88
 166 0089 04       		.byte	4
 167 008a 59       		.byte	89
 168 008b 04       		.byte	4
 169 008c 5A       		.byte	90
 170 008d 04       		.byte	4
 171 008e 5F       		.byte	95
ARM GAS  C:\Users\ALBERT~1\AppData\Local\Temp\cc2BqKQ9.s 			page 4


 172 008f 01       		.byte	1
 173 0090 60       		.byte	96
 174 0091 40       		.byte	64
 175 0092 61       		.byte	97
 176 0093 A8       		.byte	-88
 177 0094 62       		.byte	98
 178 0095 40       		.byte	64
 179 0096 63       		.byte	99
 180 0097 20       		.byte	32
 181 0098 80       		.byte	-128
 182 0099 13       		.byte	19
 183 009a 82       		.byte	-126
 184 009b 04       		.byte	4
 185 009c 86       		.byte	-122
 186 009d 15       		.byte	21
 187 009e 88       		.byte	-120
 188 009f 13       		.byte	19
 189 00a0 8A       		.byte	-118
 190 00a1 0C       		.byte	12
 191 00a2 8B       		.byte	-117
 192 00a3 02       		.byte	2
 193 00a4 8D       		.byte	-115
 194 00a5 01       		.byte	1
 195 00a6 96       		.byte	-106
 196 00a7 08       		.byte	8
 197 00a8 99       		.byte	-103
 198 00a9 04       		.byte	4
 199 00aa A1       		.byte	-95
 200 00ab 06       		.byte	6
 201 00ac A4       		.byte	-92
 202 00ad 0A       		.byte	10
 203 00ae A5       		.byte	-91
 204 00af 06       		.byte	6
 205 00b0 A6       		.byte	-90
 206 00b1 14       		.byte	20
 207 00b2 A8       		.byte	-88
 208 00b3 03       		.byte	3
 209 00b4 AA       		.byte	-86
 210 00b5 14       		.byte	20
 211 00b6 B0       		.byte	-80
 212 00b7 10       		.byte	16
 213 00b8 B2       		.byte	-78
 214 00b9 0F       		.byte	15
 215 00ba B3       		.byte	-77
 216 00bb 01       		.byte	1
 217 00bc B7       		.byte	-73
 218 00bd 06       		.byte	6
 219 00be B9       		.byte	-71
 220 00bf 80       		.byte	-128
 221 00c0 BA       		.byte	-70
 222 00c1 08       		.byte	8
 223 00c2 BE       		.byte	-66
 224 00c3 01       		.byte	1
 225 00c4 BF       		.byte	-65
 226 00c5 44       		.byte	68
 227 00c6 C0       		.byte	-64
 228 00c7 32       		.byte	50
ARM GAS  C:\Users\ALBERT~1\AppData\Local\Temp\cc2BqKQ9.s 			page 5


 229 00c8 C1       		.byte	-63
 230 00c9 05       		.byte	5
 231 00ca C6       		.byte	-58
 232 00cb BE       		.byte	-66
 233 00cc C7       		.byte	-57
 234 00cd 0C       		.byte	12
 235 00ce C8       		.byte	-56
 236 00cf 1C       		.byte	28
 237 00d0 C9       		.byte	-55
 238 00d1 FF       		.byte	-1
 239 00d2 CA       		.byte	-54
 240 00d3 FF       		.byte	-1
 241 00d4 CB       		.byte	-53
 242 00d5 FF       		.byte	-1
 243 00d6 CE       		.byte	-50
 244 00d7 F0       		.byte	-16
 245 00d8 CF       		.byte	-49
 246 00d9 44       		.byte	68
 247 00da D0       		.byte	-48
 248 00db 0C       		.byte	12
 249 00dc D4       		.byte	-44
 250 00dd 01       		.byte	1
 251 00de D8       		.byte	-40
 252 00df 04       		.byte	4
 253 00e0 D9       		.byte	-39
 254 00e1 04       		.byte	4
 255 00e2 DA       		.byte	-38
 256 00e3 04       		.byte	4
 257 00e4 DB       		.byte	-37
 258 00e5 04       		.byte	4
 259 00e6 DF       		.byte	-33
 260 00e7 01       		.byte	1
 261 00e8 E6       		.byte	-26
 262 00e9 C0       		.byte	-64
 263 00ea EA       		.byte	-22
 264 00eb 40       		.byte	64
 265 00ec EB       		.byte	-21
 266 00ed 02       		.byte	2
 267 00ee 00       		.byte	0
 268 00ef 10       		.byte	16
 269 00f0 02       		.byte	2
 270 00f1 50       		.byte	80
 271 00f2 03       		.byte	3
 272 00f3 80       		.byte	-128
 273 00f4 04       		.byte	4
 274 00f5 A0       		.byte	-96
 275 00f6 05       		.byte	5
 276 00f7 04       		.byte	4
 277 00f8 06       		.byte	6
 278 00f9 40       		.byte	64
 279 00fa 07       		.byte	7
 280 00fb 01       		.byte	1
 281 00fc 09       		.byte	9
 282 00fd 04       		.byte	4
 283 00fe 0D       		.byte	13
 284 00ff 20       		.byte	32
 285 0100 0F       		.byte	15
ARM GAS  C:\Users\ALBERT~1\AppData\Local\Temp\cc2BqKQ9.s 			page 6


 286 0101 22       		.byte	34
 287 0102 10       		.byte	16
 288 0103 08       		.byte	8
 289 0104 12       		.byte	18
 290 0105 20       		.byte	32
 291 0106 13       		.byte	19
 292 0107 20       		.byte	32
 293 0108 15       		.byte	21
 294 0109 20       		.byte	32
 295 010a 17       		.byte	23
 296 010b 04       		.byte	4
 297 010c 18       		.byte	24
 298 010d 10       		.byte	16
 299 010e 19       		.byte	25
 300 010f 04       		.byte	4
 301 0110 1A       		.byte	26
 302 0111 40       		.byte	64
 303 0112 1C       		.byte	28
 304 0113 02       		.byte	2
 305 0114 1D       		.byte	29
 306 0115 30       		.byte	48
 307 0116 1F       		.byte	31
 308 0117 80       		.byte	-128
 309 0118 22       		.byte	34
 310 0119 04       		.byte	4
 311 011a 23       		.byte	35
 312 011b 02       		.byte	2
 313 011c 24       		.byte	36
 314 011d 20       		.byte	32
 315 011e 25       		.byte	37
 316 011f 04       		.byte	4
 317 0120 26       		.byte	38
 318 0121 20       		.byte	32
 319 0122 27       		.byte	39
 320 0123 14       		.byte	20
 321 0124 29       		.byte	41
 322 0125 04       		.byte	4
 323 0126 2B       		.byte	43
 324 0127 80       		.byte	-128
 325 0128 2F       		.byte	47
 326 0129 A0       		.byte	-96
 327 012a 32       		.byte	50
 328 012b 20       		.byte	32
 329 012c 37       		.byte	55
 330 012d 14       		.byte	20
 331 012e 38       		.byte	56
 332 012f 80       		.byte	-128
 333 0130 3A       		.byte	58
 334 0131 10       		.byte	16
 335 0132 3C       		.byte	60
 336 0133 10       		.byte	16
 337 0134 3F       		.byte	63
 338 0135 02       		.byte	2
 339 0136 40       		.byte	64
 340 0137 10       		.byte	16
 341 0138 43       		.byte	67
 342 0139 20       		.byte	32
ARM GAS  C:\Users\ALBERT~1\AppData\Local\Temp\cc2BqKQ9.s 			page 7


 343 013a 47       		.byte	71
 344 013b 02       		.byte	2
 345 013c 48       		.byte	72
 346 013d 01       		.byte	1
 347 013e 50       		.byte	80
 348 013f 48       		.byte	72
 349 0140 51       		.byte	81
 350 0141 10       		.byte	16
 351 0142 56       		.byte	86
 352 0143 10       		.byte	16
 353 0144 57       		.byte	87
 354 0145 31       		.byte	49
 355 0146 5A       		.byte	90
 356 0147 48       		.byte	72
 357 0148 5B       		.byte	91
 358 0149 21       		.byte	33
 359 014a C0       		.byte	-64
 360 014b 7E       		.byte	126
 361 014c C2       		.byte	-62
 362 014d E4       		.byte	-28
 363 014e C4       		.byte	-60
 364 014f 66       		.byte	102
 365 0150 CA       		.byte	-54
 366 0151 C3       		.byte	-61
 367 0152 CC       		.byte	-52
 368 0153 64       		.byte	100
 369 0154 CE       		.byte	-50
 370 0155 AC       		.byte	-84
 371 0156 D0       		.byte	-48
 372 0157 86       		.byte	-122
 373 0158 D2       		.byte	-46
 374 0159 08       		.byte	8
 375 015a D6       		.byte	-42
 376 015b 0F       		.byte	15
 377 015c 02       		.byte	2
 378 015d 01       		.byte	1
 379 015e 04       		.byte	4
 380 015f 06       		.byte	6
 381 0160 05       		.byte	5
 382 0161 08       		.byte	8
 383 0162 06       		.byte	6
 384 0163 01       		.byte	1
 385 0164 08       		.byte	8
 386 0165 07       		.byte	7
 387 0166 0C       		.byte	12
 388 0167 01       		.byte	1
 389 0168 0D       		.byte	13
 390 0169 07       		.byte	7
 391 016a 0E       		.byte	14
 392 016b 06       		.byte	6
 393 016c 0F       		.byte	15
 394 016d 18       		.byte	24
 395 016e 11       		.byte	17
 396 016f 01       		.byte	1
 397 0170 13       		.byte	19
 398 0171 20       		.byte	32
 399 0172 14       		.byte	20
ARM GAS  C:\Users\ALBERT~1\AppData\Local\Temp\cc2BqKQ9.s 			page 8


 400 0173 06       		.byte	6
 401 0174 15       		.byte	21
 402 0175 19       		.byte	25
 403 0176 16       		.byte	22
 404 0177 01       		.byte	1
 405 0178 17       		.byte	23
 406 0179 04       		.byte	4
 407 017a 19       		.byte	25
 408 017b 19       		.byte	25
 409 017c 1B       		.byte	27
 410 017d 02       		.byte	2
 411 017e 1F       		.byte	31
 412 017f 01       		.byte	1
 413 0180 20       		.byte	32
 414 0181 04       		.byte	4
 415 0182 21       		.byte	33
 416 0183 10       		.byte	16
 417 0184 24       		.byte	36
 418 0185 02       		.byte	2
 419 0186 25       		.byte	37
 420 0187 18       		.byte	24
 421 0188 28       		.byte	40
 422 0189 06       		.byte	6
 423 018a 29       		.byte	41
 424 018b 1F       		.byte	31
 425 018c 2F       		.byte	47
 426 018d 06       		.byte	6
 427 018e 33       		.byte	51
 428 018f 1F       		.byte	31
 429 0190 34       		.byte	52
 430 0191 07       		.byte	7
 431 0192 37       		.byte	55
 432 0193 20       		.byte	32
 433 0194 3A       		.byte	58
 434 0195 20       		.byte	32
 435 0196 3B       		.byte	59
 436 0197 08       		.byte	8
 437 0198 58       		.byte	88
 438 0199 04       		.byte	4
 439 019a 59       		.byte	89
 440 019b 04       		.byte	4
 441 019c 5F       		.byte	95
 442 019d 01       		.byte	1
 443 019e 85       		.byte	-123
 444 019f 04       		.byte	4
 445 01a0 86       		.byte	-122
 446 01a1 01       		.byte	1
 447 01a2 88       		.byte	-120
 448 01a3 04       		.byte	4
 449 01a4 89       		.byte	-119
 450 01a5 0C       		.byte	12
 451 01a6 8C       		.byte	-116
 452 01a7 01       		.byte	1
 453 01a8 8D       		.byte	-115
 454 01a9 11       		.byte	17
 455 01aa 92       		.byte	-110
 456 01ab 02       		.byte	2
ARM GAS  C:\Users\ALBERT~1\AppData\Local\Temp\cc2BqKQ9.s 			page 9


 457 01ac 93       		.byte	-109
 458 01ad 33       		.byte	51
 459 01ae 95       		.byte	-107
 460 01af 0C       		.byte	12
 461 01b0 96       		.byte	-106
 462 01b1 01       		.byte	1
 463 01b2 97       		.byte	-105
 464 01b3 33       		.byte	51
 465 01b4 99       		.byte	-103
 466 01b5 33       		.byte	51
 467 01b6 9A       		.byte	-102
 468 01b7 02       		.byte	2
 469 01b8 9D       		.byte	-99
 470 01b9 33       		.byte	51
 471 01ba 9F       		.byte	-97
 472 01bb 0C       		.byte	12
 473 01bc A1       		.byte	-95
 474 01bd 08       		.byte	8
 475 01be A4       		.byte	-92
 476 01bf 01       		.byte	1
 477 01c0 A5       		.byte	-91
 478 01c1 0F       		.byte	15
 479 01c2 A7       		.byte	-89
 480 01c3 30       		.byte	48
 481 01c4 A9       		.byte	-87
 482 01c5 3F       		.byte	63
 483 01c6 AD       		.byte	-83
 484 01c7 22       		.byte	34
 485 01c8 B0       		.byte	-80
 486 01c9 01       		.byte	1
 487 01ca B1       		.byte	-79
 488 01cb 0F       		.byte	15
 489 01cc B2       		.byte	-78
 490 01cd 02       		.byte	2
 491 01ce B6       		.byte	-74
 492 01cf 04       		.byte	4
 493 01d0 B7       		.byte	-73
 494 01d1 30       		.byte	48
 495 01d2 B8       		.byte	-72
 496 01d3 02       		.byte	2
 497 01d4 BB       		.byte	-69
 498 01d5 02       		.byte	2
 499 01d6 BE       		.byte	-66
 500 01d7 44       		.byte	68
 501 01d8 D4       		.byte	-44
 502 01d9 18       		.byte	24
 503 01da D8       		.byte	-40
 504 01db 04       		.byte	4
 505 01dc D9       		.byte	-39
 506 01dd 04       		.byte	4
 507 01de DB       		.byte	-37
 508 01df 04       		.byte	4
 509 01e0 DF       		.byte	-33
 510 01e1 01       		.byte	1
 511 01e2 00       		.byte	0
 512 01e3 44       		.byte	68
 513 01e4 01       		.byte	1
ARM GAS  C:\Users\ALBERT~1\AppData\Local\Temp\cc2BqKQ9.s 			page 10


 514 01e5 02       		.byte	2
 515 01e6 03       		.byte	3
 516 01e7 04       		.byte	4
 517 01e8 04       		.byte	4
 518 01e9 44       		.byte	68
 519 01ea 05       		.byte	5
 520 01eb 10       		.byte	16
 521 01ec 09       		.byte	9
 522 01ed 08       		.byte	8
 523 01ee 0D       		.byte	13
 524 01ef 08       		.byte	8
 525 01f0 0E       		.byte	14
 526 01f1 40       		.byte	64
 527 01f2 0F       		.byte	15
 528 01f3 08       		.byte	8
 529 01f4 10       		.byte	16
 530 01f5 80       		.byte	-128
 531 01f6 13       		.byte	19
 532 01f7 14       		.byte	20
 533 01f8 16       		.byte	22
 534 01f9 20       		.byte	32
 535 01fa 17       		.byte	23
 536 01fb 04       		.byte	4
 537 01fc 18       		.byte	24
 538 01fd 04       		.byte	4
 539 01fe 1B       		.byte	27
 540 01ff 20       		.byte	32
 541 0200 1E       		.byte	30
 542 0201 40       		.byte	64
 543 0202 1F       		.byte	31
 544 0203 44       		.byte	68
 545 0204 21       		.byte	33
 546 0205 88       		.byte	-120
 547 0206 22       		.byte	34
 548 0207 08       		.byte	8
 549 0208 24       		.byte	36
 550 0209 40       		.byte	64
 551 020a 27       		.byte	39
 552 020b 42       		.byte	66
 553 020c 28       		.byte	40
 554 020d 01       		.byte	1
 555 020e 2A       		.byte	42
 556 020f 22       		.byte	34
 557 0210 2B       		.byte	43
 558 0211 10       		.byte	16
 559 0212 2C       		.byte	44
 560 0213 80       		.byte	-128
 561 0214 2E       		.byte	46
 562 0215 22       		.byte	34
 563 0216 2F       		.byte	47
 564 0217 22       		.byte	34
 565 0218 31       		.byte	49
 566 0219 88       		.byte	-120
 567 021a 33       		.byte	51
 568 021b 21       		.byte	33
 569 021c 34       		.byte	52
 570 021d 01       		.byte	1
ARM GAS  C:\Users\ALBERT~1\AppData\Local\Temp\cc2BqKQ9.s 			page 11


 571 021e 35       		.byte	53
 572 021f 02       		.byte	2
 573 0220 36       		.byte	54
 574 0221 18       		.byte	24
 575 0222 37       		.byte	55
 576 0223 40       		.byte	64
 577 0224 38       		.byte	56
 578 0225 40       		.byte	64
 579 0226 3B       		.byte	59
 580 0227 04       		.byte	4
 581 0228 3E       		.byte	62
 582 0229 80       		.byte	-128
 583 022a 3F       		.byte	63
 584 022b 34       		.byte	52
 585 022c 5F       		.byte	95
 586 022d 02       		.byte	2
 587 022e 66       		.byte	102
 588 022f 40       		.byte	64
 589 0230 67       		.byte	103
 590 0231 08       		.byte	8
 591 0232 86       		.byte	-122
 592 0233 80       		.byte	-128
 593 0234 87       		.byte	-121
 594 0235 41       		.byte	65
 595 0236 93       		.byte	-109
 596 0237 14       		.byte	20
 597 0238 94       		.byte	-108
 598 0239 44       		.byte	68
 599 023a 99       		.byte	-103
 600 023b 12       		.byte	18
 601 023c 9A       		.byte	-102
 602 023d 42       		.byte	66
 603 023e 9B       		.byte	-101
 604 023f 04       		.byte	4
 605 0240 9E       		.byte	-98
 606 0241 80       		.byte	-128
 607 0242 A2       		.byte	-94
 608 0243 10       		.byte	16
 609 0244 A3       		.byte	-93
 610 0245 06       		.byte	6
 611 0246 A5       		.byte	-91
 612 0247 08       		.byte	8
 613 0248 C0       		.byte	-64
 614 0249 EF       		.byte	-17
 615 024a C2       		.byte	-62
 616 024b 74       		.byte	116
 617 024c C4       		.byte	-60
 618 024d 2E       		.byte	46
 619 024e CA       		.byte	-54
 620 024f FF       		.byte	-1
 621 0250 CC       		.byte	-52
 622 0251 FF       		.byte	-1
 623 0252 CE       		.byte	-50
 624 0253 7A       		.byte	122
 625 0254 D6       		.byte	-42
 626 0255 80       		.byte	-128
 627 0256 D8       		.byte	-40
ARM GAS  C:\Users\ALBERT~1\AppData\Local\Temp\cc2BqKQ9.s 			page 12


 628 0257 30       		.byte	48
 629 0258 00       		.byte	0
 630 0259 11       		.byte	17
 631 025a 01       		.byte	1
 632 025b 04       		.byte	4
 633 025c 02       		.byte	2
 634 025d 26       		.byte	38
 635 025e 05       		.byte	5
 636 025f 02       		.byte	2
 637 0260 09       		.byte	9
 638 0261 06       		.byte	6
 639 0262 0F       		.byte	15
 640 0263 08       		.byte	8
 641 0264 11       		.byte	17
 642 0265 01       		.byte	1
 643 0266 13       		.byte	19
 644 0267 06       		.byte	6
 645 0268 14       		.byte	20
 646 0269 20       		.byte	32
 647 026a 15       		.byte	21
 648 026b 07       		.byte	7
 649 026c 16       		.byte	22
 650 026d 58       		.byte	88
 651 026e 18       		.byte	24
 652 026f 42       		.byte	66
 653 0270 1A       		.byte	26
 654 0271 25       		.byte	37
 655 0272 1F       		.byte	31
 656 0273 08       		.byte	8
 657 0274 23       		.byte	35
 658 0275 01       		.byte	1
 659 0276 24       		.byte	36
 660 0277 73       		.byte	115
 661 0278 25       		.byte	37
 662 0279 06       		.byte	6
 663 027a 27       		.byte	39
 664 027b 01       		.byte	1
 665 027c 28       		.byte	40
 666 027d 73       		.byte	115
 667 027e 29       		.byte	41
 668 027f 07       		.byte	7
 669 0280 31       		.byte	49
 670 0281 07       		.byte	7
 671 0282 32       		.byte	50
 672 0283 70       		.byte	112
 673 0284 34       		.byte	52
 674 0285 03       		.byte	3
 675 0286 36       		.byte	54
 676 0287 0C       		.byte	12
 677 0288 37       		.byte	55
 678 0289 08       		.byte	8
 679 028a 3E       		.byte	62
 680 028b 40       		.byte	64
 681 028c 3F       		.byte	63
 682 028d 40       		.byte	64
 683 028e 40       		.byte	64
 684 028f 26       		.byte	38
ARM GAS  C:\Users\ALBERT~1\AppData\Local\Temp\cc2BqKQ9.s 			page 13


 685 0290 41       		.byte	65
 686 0291 03       		.byte	3
 687 0292 42       		.byte	66
 688 0293 05       		.byte	5
 689 0294 44       		.byte	68
 690 0295 01       		.byte	1
 691 0296 45       		.byte	69
 692 0297 0E       		.byte	14
 693 0298 46       		.byte	70
 694 0299 0C       		.byte	12
 695 029a 48       		.byte	72
 696 029b 05       		.byte	5
 697 029c 49       		.byte	73
 698 029d FF       		.byte	-1
 699 029e 4A       		.byte	74
 700 029f FF       		.byte	-1
 701 02a0 4B       		.byte	75
 702 02a1 FF       		.byte	-1
 703 02a2 4C       		.byte	76
 704 02a3 62       		.byte	98
 705 02a4 4D       		.byte	77
 706 02a5 A0       		.byte	-96
 707 02a6 4E       		.byte	78
 708 02a7 F0       		.byte	-16
 709 02a8 4F       		.byte	79
 710 02a9 41       		.byte	65
 711 02aa 50       		.byte	80
 712 02ab 0C       		.byte	12
 713 02ac 58       		.byte	88
 714 02ad 04       		.byte	4
 715 02ae 59       		.byte	89
 716 02af 04       		.byte	4
 717 02b0 5A       		.byte	90
 718 02b1 04       		.byte	4
 719 02b2 5F       		.byte	95
 720 02b3 01       		.byte	1
 721 02b4 66       		.byte	102
 722 02b5 40       		.byte	64
 723 02b6 67       		.byte	103
 724 02b7 02       		.byte	2
 725 02b8 69       		.byte	105
 726 02b9 10       		.byte	16
 727 02ba 6A       		.byte	106
 728 02bb 30       		.byte	48
 729 02bc 6B       		.byte	107
 730 02bd 10       		.byte	16
 731 02be 6D       		.byte	109
 732 02bf 10       		.byte	16
 733 02c0 6E       		.byte	110
 734 02c1 10       		.byte	16
 735 02c2 6F       		.byte	111
 736 02c3 12       		.byte	18
 737 02c4 84       		.byte	-124
 738 02c5 01       		.byte	1
 739 02c6 85       		.byte	-123
 740 02c7 01       		.byte	1
 741 02c8 88       		.byte	-120
ARM GAS  C:\Users\ALBERT~1\AppData\Local\Temp\cc2BqKQ9.s 			page 14


 742 02c9 01       		.byte	1
 743 02ca 89       		.byte	-119
 744 02cb 01       		.byte	1
 745 02cc 8C       		.byte	-116
 746 02cd 01       		.byte	1
 747 02ce 91       		.byte	-111
 748 02cf 01       		.byte	1
 749 02d0 94       		.byte	-108
 750 02d1 01       		.byte	1
 751 02d2 B0       		.byte	-80
 752 02d3 01       		.byte	1
 753 02d4 B3       		.byte	-77
 754 02d5 01       		.byte	1
 755 02d6 BA       		.byte	-70
 756 02d7 08       		.byte	8
 757 02d8 BE       		.byte	-66
 758 02d9 01       		.byte	1
 759 02da D6       		.byte	-42
 760 02db 02       		.byte	2
 761 02dc D7       		.byte	-41
 762 02dd 13       		.byte	19
 763 02de D8       		.byte	-40
 764 02df 04       		.byte	4
 765 02e0 D9       		.byte	-39
 766 02e1 04       		.byte	4
 767 02e2 DB       		.byte	-37
 768 02e3 04       		.byte	4
 769 02e4 DF       		.byte	-33
 770 02e5 01       		.byte	1
 771 02e6 00       		.byte	0
 772 02e7 54       		.byte	84
 773 02e8 03       		.byte	3
 774 02e9 25       		.byte	37
 775 02ea 06       		.byte	6
 776 02eb 80       		.byte	-128
 777 02ec 08       		.byte	8
 778 02ed 04       		.byte	4
 779 02ee 09       		.byte	9
 780 02ef 08       		.byte	8
 781 02f0 0D       		.byte	13
 782 02f1 20       		.byte	32
 783 02f2 0E       		.byte	14
 784 02f3 20       		.byte	32
 785 02f4 12       		.byte	18
 786 02f5 C0       		.byte	-64
 787 02f6 17       		.byte	23
 788 02f7 28       		.byte	40
 789 02f8 18       		.byte	24
 790 02f9 10       		.byte	16
 791 02fa 19       		.byte	25
 792 02fb 01       		.byte	1
 793 02fc 1D       		.byte	29
 794 02fd A0       		.byte	-96
 795 02fe 1E       		.byte	30
 796 02ff 20       		.byte	32
 797 0300 22       		.byte	34
 798 0301 04       		.byte	4
ARM GAS  C:\Users\ALBERT~1\AppData\Local\Temp\cc2BqKQ9.s 			page 15


 799 0302 26       		.byte	38
 800 0303 82       		.byte	-126
 801 0304 27       		.byte	39
 802 0305 40       		.byte	64
 803 0306 2C       		.byte	44
 804 0307 04       		.byte	4
 805 0308 2D       		.byte	45
 806 0309 02       		.byte	2
 807 030a 2F       		.byte	47
 808 030b 20       		.byte	32
 809 030c 30       		.byte	48
 810 030d 02       		.byte	2
 811 030e 37       		.byte	55
 812 030f 45       		.byte	69
 813 0310 39       		.byte	57
 814 0311 14       		.byte	20
 815 0312 3D       		.byte	61
 816 0313 80       		.byte	-128
 817 0314 3E       		.byte	62
 818 0315 02       		.byte	2
 819 0316 3F       		.byte	63
 820 0317 14       		.byte	20
 821 0318 44       		.byte	68
 822 0319 08       		.byte	8
 823 031a 45       		.byte	69
 824 031b 80       		.byte	-128
 825 031c 47       		.byte	71
 826 031d 04       		.byte	4
 827 031e 4E       		.byte	78
 828 031f 06       		.byte	6
 829 0320 4F       		.byte	79
 830 0321 08       		.byte	8
 831 0322 55       		.byte	85
 832 0323 40       		.byte	64
 833 0324 59       		.byte	89
 834 0325 01       		.byte	1
 835 0326 68       		.byte	104
 836 0327 02       		.byte	2
 837 0328 69       		.byte	105
 838 0329 14       		.byte	20
 839 032a 6B       		.byte	107
 840 032b 28       		.byte	40
 841 032c 72       		.byte	114
 842 032d 02       		.byte	2
 843 032e 73       		.byte	115
 844 032f 14       		.byte	20
 845 0330 80       		.byte	-128
 846 0331 48       		.byte	72
 847 0332 81       		.byte	-127
 848 0333 20       		.byte	32
 849 0334 83       		.byte	-125
 850 0335 02       		.byte	2
 851 0336 85       		.byte	-123
 852 0337 02       		.byte	2
 853 0338 86       		.byte	-122
 854 0339 04       		.byte	4
 855 033a 99       		.byte	-103
ARM GAS  C:\Users\ALBERT~1\AppData\Local\Temp\cc2BqKQ9.s 			page 16


 856 033b 10       		.byte	16
 857 033c C0       		.byte	-64
 858 033d 17       		.byte	23
 859 033e C2       		.byte	-62
 860 033f 64       		.byte	100
 861 0340 C4       		.byte	-60
 862 0341 60       		.byte	96
 863 0342 CA       		.byte	-54
 864 0343 E0       		.byte	-32
 865 0344 CC       		.byte	-52
 866 0345 D1       		.byte	-47
 867 0346 CE       		.byte	-50
 868 0347 F6       		.byte	-10
 869 0348 D0       		.byte	-48
 870 0349 70       		.byte	112
 871 034a D2       		.byte	-46
 872 034b 30       		.byte	48
 873 034c D6       		.byte	-42
 874 034d 01       		.byte	1
 875 034e 02       		.byte	2
 876 034f 10       		.byte	16
 877 0350 5F       		.byte	95
 878 0351 10       		.byte	16
 879 0352 86       		.byte	-122
 880 0353 10       		.byte	16
 881 0354 87       		.byte	-121
 882 0355 10       		.byte	16
 883 0356 C0       		.byte	-64
 884 0357 10       		.byte	16
 885 0358 D6       		.byte	-42
 886 0359 20       		.byte	32
 887 035a E0       		.byte	-32
 888 035b 40       		.byte	64
 889 035c E2       		.byte	-30
 890 035d 10       		.byte	16
 891 035e 00       		.byte	0
 892 035f 01       		.byte	1
 893 0360 0A       		.byte	10
 894 0361 01       		.byte	1
 895 0362 10       		.byte	16
 896 0363 01       		.byte	1
 897 0364 1A       		.byte	26
 898 0365 01       		.byte	1
 899 0366 00       		.byte	0
 900 0367 00       		.byte	0
 901 0368 00       		.byte	0
 902 0369 0B       		.byte	11
 903 036a 0B       		.byte	11
 904 036b 00       		.byte	0
 905 036c 00       		.byte	0
 906 036d 00       		.byte	0
 907 036e 00       		.byte	0
 908 036f 00       		.byte	0
 909 0370 02       		.byte	2
 910 0371 00       		.byte	0
 911 0372 01       		.byte	1
 912 0373 02       		.byte	2
ARM GAS  C:\Users\ALBERT~1\AppData\Local\Temp\cc2BqKQ9.s 			page 17


 913 0374 02       		.byte	2
 914 0375 00       		.byte	0
 915 0376 02       		.byte	2
 916 0377 00       		.byte	0
 917 0378 00       		.byte	0
 918 0379 00       		.byte	0
 919 037a 00       		.byte	0
 920 037b 00       		.byte	0
 921              		.section	.cywolatch,"a",%progbits
 922              		.align	2
 923              		.type	cy_meta_wonvl, %object
 924              		.size	cy_meta_wonvl, 4
 925              	cy_meta_wonvl:
 926 0000 BC       		.byte	-68
 927 0001 90       		.byte	-112
 928 0002 AC       		.byte	-84
 929 0003 AF       		.byte	-81
 930              		.section	.cycustnvl,"a",%progbits
 931              		.align	2
 932              		.type	cy_meta_custnvl, %object
 933              		.size	cy_meta_custnvl, 4
 934              	cy_meta_custnvl:
 935 0000 00       		.byte	0
 936 0001 00       		.byte	0
 937 0002 40       		.byte	64
 938 0003 05       		.byte	5
 939              		.section	.cymeta,"a",%progbits
 940              		.align	2
 941              		.type	cy_metadata, %object
 942              		.size	cy_metadata, 12
 943              	cy_metadata:
 944 0000 00       		.byte	0
 945 0001 01       		.byte	1
 946 0002 2E       		.byte	46
 947 0003 16       		.byte	22
 948 0004 10       		.byte	16
 949 0005 69       		.byte	105
 950 0006 00       		.byte	0
 951 0007 01       		.byte	1
 952 0008 00       		.byte	0
 953 0009 00       		.byte	0
 954 000a 00       		.byte	0
 955 000b 00       		.byte	0
 956              		.section	.cyflashprotect,"a",%progbits
 957              		.align	2
 958              		.type	cy_meta_flashprotect, %object
 959              		.size	cy_meta_flashprotect, 256
 960              	cy_meta_flashprotect:
 961 0000 00000000 		.space	256
 961      00000000 
 961      00000000 
 961      00000000 
 961      00000000 
 962              		.text
 963              	.Letext0:
 964              		.file 1 "c:\\program files (x86)\\cypress\\psoc creator\\4.2\\psoc creator\\import\\gnu\\arm\\5.4.
 965              		.file 2 "c:\\program files (x86)\\cypress\\psoc creator\\4.2\\psoc creator\\import\\gnu\\arm\\5.4.
ARM GAS  C:\Users\ALBERT~1\AppData\Local\Temp\cc2BqKQ9.s 			page 18


 966              		.file 3 "Generated_Source\\PSoC5\\cymetadata.c"
 967              		.section	.debug_info,"",%progbits
 968              	.Ldebug_info0:
 969 0000 31010000 		.4byte	0x131
 970 0004 0400     		.2byte	0x4
 971 0006 00000000 		.4byte	.Ldebug_abbrev0
 972 000a 04       		.byte	0x4
 973 000b 01       		.uleb128 0x1
 974 000c 24000000 		.4byte	.LASF17
 975 0010 0C       		.byte	0xc
 976 0011 BE010000 		.4byte	.LASF18
 977 0015 E7000000 		.4byte	.LASF19
 978 0019 00000000 		.4byte	.Ldebug_line0
 979 001d 02       		.uleb128 0x2
 980 001e 01       		.byte	0x1
 981 001f 06       		.byte	0x6
 982 0020 B2010000 		.4byte	.LASF0
 983 0024 03       		.uleb128 0x3
 984 0025 00000000 		.4byte	.LASF9
 985 0029 01       		.byte	0x1
 986 002a 1D       		.byte	0x1d
 987 002b 2F000000 		.4byte	0x2f
 988 002f 02       		.uleb128 0x2
 989 0030 01       		.byte	0x1
 990 0031 08       		.byte	0x8
 991 0032 16000000 		.4byte	.LASF1
 992 0036 02       		.uleb128 0x2
 993 0037 02       		.byte	0x2
 994 0038 05       		.byte	0x5
 995 0039 9F010000 		.4byte	.LASF2
 996 003d 02       		.uleb128 0x2
 997 003e 02       		.byte	0x2
 998 003f 07       		.byte	0x7
 999 0040 C4000000 		.4byte	.LASF3
 1000 0044 02       		.uleb128 0x2
 1001 0045 04       		.byte	0x4
 1002 0046 05       		.byte	0x5
 1003 0047 A9010000 		.4byte	.LASF4
 1004 004b 02       		.uleb128 0x2
 1005 004c 04       		.byte	0x4
 1006 004d 07       		.byte	0x7
 1007 004e B2000000 		.4byte	.LASF5
 1008 0052 02       		.uleb128 0x2
 1009 0053 08       		.byte	0x8
 1010 0054 05       		.byte	0x5
 1011 0055 91010000 		.4byte	.LASF6
 1012 0059 02       		.uleb128 0x2
 1013 005a 08       		.byte	0x8
 1014 005b 07       		.byte	0x7
 1015 005c 46010000 		.4byte	.LASF7
 1016 0060 04       		.uleb128 0x4
 1017 0061 04       		.byte	0x4
 1018 0062 05       		.byte	0x5
 1019 0063 696E7400 		.ascii	"int\000"
 1020 0067 02       		.uleb128 0x2
 1021 0068 04       		.byte	0x4
 1022 0069 07       		.byte	0x7
ARM GAS  C:\Users\ALBERT~1\AppData\Local\Temp\cc2BqKQ9.s 			page 19


 1023 006a 39010000 		.4byte	.LASF8
 1024 006e 03       		.uleb128 0x3
 1025 006f 5D010000 		.4byte	.LASF10
 1026 0073 02       		.byte	0x2
 1027 0074 18       		.byte	0x18
 1028 0075 24000000 		.4byte	0x24
 1029 0079 05       		.uleb128 0x5
 1030 007a 91000000 		.4byte	0x91
 1031 007e 8A000000 		.4byte	0x8a
 1032 0082 06       		.uleb128 0x6
 1033 0083 8A000000 		.4byte	0x8a
 1034 0087 7B03     		.2byte	0x37b
 1035 0089 00       		.byte	0
 1036 008a 02       		.uleb128 0x2
 1037 008b 04       		.byte	0x4
 1038 008c 07       		.byte	0x7
 1039 008d 88010000 		.4byte	.LASF11
 1040 0091 07       		.uleb128 0x7
 1041 0092 6E000000 		.4byte	0x6e
 1042 0096 08       		.uleb128 0x8
 1043 0097 27010000 		.4byte	.LASF12
 1044 009b 03       		.byte	0x3
 1045 009c 1F       		.byte	0x1f
 1046 009d A7000000 		.4byte	0xa7
 1047 00a1 05       		.uleb128 0x5
 1048 00a2 03       		.byte	0x3
 1049 00a3 00000000 		.4byte	cy_meta_configecc
 1050 00a7 07       		.uleb128 0x7
 1051 00a8 79000000 		.4byte	0x79
 1052 00ac 05       		.uleb128 0x5
 1053 00ad 91000000 		.4byte	0x91
 1054 00b1 BC000000 		.4byte	0xbc
 1055 00b5 09       		.uleb128 0x9
 1056 00b6 8A000000 		.4byte	0x8a
 1057 00ba 03       		.byte	0x3
 1058 00bb 00       		.byte	0
 1059 00bc 08       		.uleb128 0x8
 1060 00bd D7000000 		.4byte	.LASF13
 1061 00c1 03       		.byte	0x3
 1062 00c2 9C       		.byte	0x9c
 1063 00c3 CD000000 		.4byte	0xcd
 1064 00c7 05       		.uleb128 0x5
 1065 00c8 03       		.byte	0x3
 1066 00c9 00000000 		.4byte	cy_meta_custnvl
 1067 00cd 07       		.uleb128 0x7
 1068 00ce AC000000 		.4byte	0xac
 1069 00d2 08       		.uleb128 0x8
 1070 00d3 7A010000 		.4byte	.LASF14
 1071 00d7 03       		.byte	0x3
 1072 00d8 AA       		.byte	0xaa
 1073 00d9 E3000000 		.4byte	0xe3
 1074 00dd 05       		.uleb128 0x5
 1075 00de 03       		.byte	0x3
 1076 00df 00000000 		.4byte	cy_meta_wonvl
 1077 00e3 07       		.uleb128 0x7
 1078 00e4 AC000000 		.4byte	0xac
 1079 00e8 05       		.uleb128 0x5
ARM GAS  C:\Users\ALBERT~1\AppData\Local\Temp\cc2BqKQ9.s 			page 20


 1080 00e9 91000000 		.4byte	0x91
 1081 00ed F8000000 		.4byte	0xf8
 1082 00f1 09       		.uleb128 0x9
 1083 00f2 8A000000 		.4byte	0x8a
 1084 00f6 FF       		.byte	0xff
 1085 00f7 00       		.byte	0
 1086 00f8 08       		.uleb128 0x8
 1087 00f9 65010000 		.4byte	.LASF15
 1088 00fd 03       		.byte	0x3
 1089 00fe B8       		.byte	0xb8
 1090 00ff 09010000 		.4byte	0x109
 1091 0103 05       		.uleb128 0x5
 1092 0104 03       		.byte	0x3
 1093 0105 00000000 		.4byte	cy_meta_flashprotect
 1094 0109 07       		.uleb128 0x7
 1095 010a E8000000 		.4byte	0xe8
 1096 010e 05       		.uleb128 0x5
 1097 010f 91000000 		.4byte	0x91
 1098 0113 1E010000 		.4byte	0x11e
 1099 0117 09       		.uleb128 0x9
 1100 0118 8A000000 		.4byte	0x8a
 1101 011c 0B       		.byte	0xb
 1102 011d 00       		.byte	0
 1103 011e 08       		.uleb128 0x8
 1104 011f 0A000000 		.4byte	.LASF16
 1105 0123 03       		.byte	0x3
 1106 0124 E5       		.byte	0xe5
 1107 0125 2F010000 		.4byte	0x12f
 1108 0129 05       		.uleb128 0x5
 1109 012a 03       		.byte	0x3
 1110 012b 00000000 		.4byte	cy_metadata
 1111 012f 07       		.uleb128 0x7
 1112 0130 0E010000 		.4byte	0x10e
 1113 0134 00       		.byte	0
 1114              		.section	.debug_abbrev,"",%progbits
 1115              	.Ldebug_abbrev0:
 1116 0000 01       		.uleb128 0x1
 1117 0001 11       		.uleb128 0x11
 1118 0002 01       		.byte	0x1
 1119 0003 25       		.uleb128 0x25
 1120 0004 0E       		.uleb128 0xe
 1121 0005 13       		.uleb128 0x13
 1122 0006 0B       		.uleb128 0xb
 1123 0007 03       		.uleb128 0x3
 1124 0008 0E       		.uleb128 0xe
 1125 0009 1B       		.uleb128 0x1b
 1126 000a 0E       		.uleb128 0xe
 1127 000b 10       		.uleb128 0x10
 1128 000c 17       		.uleb128 0x17
 1129 000d 00       		.byte	0
 1130 000e 00       		.byte	0
 1131 000f 02       		.uleb128 0x2
 1132 0010 24       		.uleb128 0x24
 1133 0011 00       		.byte	0
 1134 0012 0B       		.uleb128 0xb
 1135 0013 0B       		.uleb128 0xb
 1136 0014 3E       		.uleb128 0x3e
ARM GAS  C:\Users\ALBERT~1\AppData\Local\Temp\cc2BqKQ9.s 			page 21


 1137 0015 0B       		.uleb128 0xb
 1138 0016 03       		.uleb128 0x3
 1139 0017 0E       		.uleb128 0xe
 1140 0018 00       		.byte	0
 1141 0019 00       		.byte	0
 1142 001a 03       		.uleb128 0x3
 1143 001b 16       		.uleb128 0x16
 1144 001c 00       		.byte	0
 1145 001d 03       		.uleb128 0x3
 1146 001e 0E       		.uleb128 0xe
 1147 001f 3A       		.uleb128 0x3a
 1148 0020 0B       		.uleb128 0xb
 1149 0021 3B       		.uleb128 0x3b
 1150 0022 0B       		.uleb128 0xb
 1151 0023 49       		.uleb128 0x49
 1152 0024 13       		.uleb128 0x13
 1153 0025 00       		.byte	0
 1154 0026 00       		.byte	0
 1155 0027 04       		.uleb128 0x4
 1156 0028 24       		.uleb128 0x24
 1157 0029 00       		.byte	0
 1158 002a 0B       		.uleb128 0xb
 1159 002b 0B       		.uleb128 0xb
 1160 002c 3E       		.uleb128 0x3e
 1161 002d 0B       		.uleb128 0xb
 1162 002e 03       		.uleb128 0x3
 1163 002f 08       		.uleb128 0x8
 1164 0030 00       		.byte	0
 1165 0031 00       		.byte	0
 1166 0032 05       		.uleb128 0x5
 1167 0033 01       		.uleb128 0x1
 1168 0034 01       		.byte	0x1
 1169 0035 49       		.uleb128 0x49
 1170 0036 13       		.uleb128 0x13
 1171 0037 01       		.uleb128 0x1
 1172 0038 13       		.uleb128 0x13
 1173 0039 00       		.byte	0
 1174 003a 00       		.byte	0
 1175 003b 06       		.uleb128 0x6
 1176 003c 21       		.uleb128 0x21
 1177 003d 00       		.byte	0
 1178 003e 49       		.uleb128 0x49
 1179 003f 13       		.uleb128 0x13
 1180 0040 2F       		.uleb128 0x2f
 1181 0041 05       		.uleb128 0x5
 1182 0042 00       		.byte	0
 1183 0043 00       		.byte	0
 1184 0044 07       		.uleb128 0x7
 1185 0045 26       		.uleb128 0x26
 1186 0046 00       		.byte	0
 1187 0047 49       		.uleb128 0x49
 1188 0048 13       		.uleb128 0x13
 1189 0049 00       		.byte	0
 1190 004a 00       		.byte	0
 1191 004b 08       		.uleb128 0x8
 1192 004c 34       		.uleb128 0x34
 1193 004d 00       		.byte	0
ARM GAS  C:\Users\ALBERT~1\AppData\Local\Temp\cc2BqKQ9.s 			page 22


 1194 004e 03       		.uleb128 0x3
 1195 004f 0E       		.uleb128 0xe
 1196 0050 3A       		.uleb128 0x3a
 1197 0051 0B       		.uleb128 0xb
 1198 0052 3B       		.uleb128 0x3b
 1199 0053 0B       		.uleb128 0xb
 1200 0054 49       		.uleb128 0x49
 1201 0055 13       		.uleb128 0x13
 1202 0056 3F       		.uleb128 0x3f
 1203 0057 19       		.uleb128 0x19
 1204 0058 02       		.uleb128 0x2
 1205 0059 18       		.uleb128 0x18
 1206 005a 00       		.byte	0
 1207 005b 00       		.byte	0
 1208 005c 09       		.uleb128 0x9
 1209 005d 21       		.uleb128 0x21
 1210 005e 00       		.byte	0
 1211 005f 49       		.uleb128 0x49
 1212 0060 13       		.uleb128 0x13
 1213 0061 2F       		.uleb128 0x2f
 1214 0062 0B       		.uleb128 0xb
 1215 0063 00       		.byte	0
 1216 0064 00       		.byte	0
 1217 0065 00       		.byte	0
 1218              		.section	.debug_aranges,"",%progbits
 1219 0000 14000000 		.4byte	0x14
 1220 0004 0200     		.2byte	0x2
 1221 0006 00000000 		.4byte	.Ldebug_info0
 1222 000a 04       		.byte	0x4
 1223 000b 00       		.byte	0
 1224 000c 0000     		.2byte	0
 1225 000e 0000     		.2byte	0
 1226 0010 00000000 		.4byte	0
 1227 0014 00000000 		.4byte	0
 1228              		.section	.debug_line,"",%progbits
 1229              	.Ldebug_line0:
 1230 0000 3D010000 		.section	.debug_str,"MS",%progbits,1
 1230      02003701 
 1230      00000201 
 1230      FB0E0D00 
 1230      01010101 
 1231              	.LASF9:
 1232 0000 5F5F7569 		.ascii	"__uint8_t\000"
 1232      6E74385F 
 1232      7400
 1233              	.LASF16:
 1234 000a 63795F6D 		.ascii	"cy_metadata\000"
 1234      65746164 
 1234      61746100 
 1235              	.LASF1:
 1236 0016 756E7369 		.ascii	"unsigned char\000"
 1236      676E6564 
 1236      20636861 
 1236      7200
 1237              	.LASF17:
 1238 0024 474E5520 		.ascii	"GNU C11 5.4.1 20160609 (release) [ARM/embedded-5-br"
 1238      43313120 
ARM GAS  C:\Users\ALBERT~1\AppData\Local\Temp\cc2BqKQ9.s 			page 23


 1238      352E342E 
 1238      31203230 
 1238      31363036 
 1239 0057 616E6368 		.ascii	"anch revision 237715] -mcpu=cortex-m3 -mthumb -g -O"
 1239      20726576 
 1239      6973696F 
 1239      6E203233 
 1239      37373135 
 1240 008a 67202D66 		.ascii	"g -ffunction-sections -ffat-lto-objects\000"
 1240      66756E63 
 1240      74696F6E 
 1240      2D736563 
 1240      74696F6E 
 1241              	.LASF5:
 1242 00b2 6C6F6E67 		.ascii	"long unsigned int\000"
 1242      20756E73 
 1242      69676E65 
 1242      6420696E 
 1242      7400
 1243              	.LASF3:
 1244 00c4 73686F72 		.ascii	"short unsigned int\000"
 1244      7420756E 
 1244      7369676E 
 1244      65642069 
 1244      6E7400
 1245              	.LASF13:
 1246 00d7 63795F6D 		.ascii	"cy_meta_custnvl\000"
 1246      6574615F 
 1246      63757374 
 1246      6E766C00 
 1247              	.LASF19:
 1248 00e7 433A5C55 		.ascii	"C:\\Users\\Albert Sandager\\Documents\\PSoC Creator"
 1248      73657273 
 1248      5C416C62 
 1248      65727420 
 1248      53616E64 
 1249 0116 5C756172 		.ascii	"\\uart\\uart.cydsn\000"
 1249      745C7561 
 1249      72742E63 
 1249      7964736E 
 1249      00
 1250              	.LASF12:
 1251 0127 63795F6D 		.ascii	"cy_meta_configecc\000"
 1251      6574615F 
 1251      636F6E66 
 1251      69676563 
 1251      6300
 1252              	.LASF8:
 1253 0139 756E7369 		.ascii	"unsigned int\000"
 1253      676E6564 
 1253      20696E74 
 1253      00
 1254              	.LASF7:
 1255 0146 6C6F6E67 		.ascii	"long long unsigned int\000"
 1255      206C6F6E 
 1255      6720756E 
 1255      7369676E 
ARM GAS  C:\Users\ALBERT~1\AppData\Local\Temp\cc2BqKQ9.s 			page 24


 1255      65642069 
 1256              	.LASF10:
 1257 015d 75696E74 		.ascii	"uint8_t\000"
 1257      385F7400 
 1258              	.LASF15:
 1259 0165 63795F6D 		.ascii	"cy_meta_flashprotect\000"
 1259      6574615F 
 1259      666C6173 
 1259      6870726F 
 1259      74656374 
 1260              	.LASF14:
 1261 017a 63795F6D 		.ascii	"cy_meta_wonvl\000"
 1261      6574615F 
 1261      776F6E76 
 1261      6C00
 1262              	.LASF11:
 1263 0188 73697A65 		.ascii	"sizetype\000"
 1263      74797065 
 1263      00
 1264              	.LASF6:
 1265 0191 6C6F6E67 		.ascii	"long long int\000"
 1265      206C6F6E 
 1265      6720696E 
 1265      7400
 1266              	.LASF2:
 1267 019f 73686F72 		.ascii	"short int\000"
 1267      7420696E 
 1267      7400
 1268              	.LASF4:
 1269 01a9 6C6F6E67 		.ascii	"long int\000"
 1269      20696E74 
 1269      00
 1270              	.LASF0:
 1271 01b2 7369676E 		.ascii	"signed char\000"
 1271      65642063 
 1271      68617200 
 1272              	.LASF18:
 1273 01be 47656E65 		.ascii	"Generated_Source\\PSoC5\\cymetadata.c\000"
 1273      72617465 
 1273      645F536F 
 1273      75726365 
 1273      5C50536F 
 1274              		.ident	"GCC: (GNU Tools for ARM Embedded Processors) 5.4.1 20160609 (release) [ARM/embedded-5-bran
