ARM GAS  C:\Users\ALBERT~1\AppData\Local\Temp\ccZPcFJj.s 			page 1


   1              		.syntax unified
   2              		.cpu cortex-m3
   3              		.fpu softvfp
   4              		.eabi_attribute 20, 1
   5              		.eabi_attribute 21, 1
   6              		.eabi_attribute 23, 3
   7              		.eabi_attribute 24, 1
   8              		.eabi_attribute 25, 1
   9              		.eabi_attribute 26, 1
  10              		.eabi_attribute 30, 1
  11              		.eabi_attribute 34, 1
  12              		.eabi_attribute 18, 4
  13              		.thumb
  14              		.syntax unified
  15              		.file	"main.c"
  16              		.text
  17              	.Ltext0:
  18              		.cfi_sections	.debug_frame
  19              		.section	.text.main,"ax",%progbits
  20              		.align	2
  21              		.global	main
  22              		.thumb
  23              		.thumb_func
  24              		.type	main, %function
  25              	main:
  26              	.LFB63:
  27              		.file 1 "main.c"
   1:main.c        **** /* ========================================
   2:main.c        ****  *
   3:main.c        ****  * Copyright YOUR COMPANY, THE YEAR
   4:main.c        ****  * All Rights Reserved
   5:main.c        ****  * UNPUBLISHED, LICENSED SOFTWARE.
   6:main.c        ****  *
   7:main.c        ****  * CONFIDENTIAL AND PROPRIETARY INFORMATION
   8:main.c        ****  * WHICH IS THE PROPERTY OF your company.
   9:main.c        ****  *
  10:main.c        ****  * ========================================
  11:main.c        **** */
  12:main.c        **** #include "project.h"
  13:main.c        **** 
  14:main.c        **** uint8 receivedData;
  15:main.c        **** 
  16:main.c        **** int main(void)
  17:main.c        **** {
  28              		.loc 1 17 0
  29              		.cfi_startproc
  30              		@ Volatile: function does not return.
  31              		@ args = 0, pretend = 0, frame = 0
  32              		@ frame_needed = 0, uses_anonymous_args = 0
  33 0000 08B5     		push	{r3, lr}
  34              		.cfi_def_cfa_offset 8
  35              		.cfi_offset 3, -8
  36              		.cfi_offset 14, -4
  18:main.c        ****     CyGlobalIntEnable; /* Enable global interrupts. */
  37              		.loc 1 18 0
  38              		.syntax unified
  39              	@ 18 "main.c" 1
ARM GAS  C:\Users\ALBERT~1\AppData\Local\Temp\ccZPcFJj.s 			page 2


  40 0002 62B6     		CPSIE   i
  41              	@ 0 "" 2
  19:main.c        **** 
  20:main.c        ****     UART_Start();
  42              		.loc 1 20 0
  43              		.thumb
  44              		.syntax unified
  45 0004 FFF7FEFF 		bl	UART_Start
  46              	.LVL0:
  21:main.c        ****     //UART_PutString("H");
  22:main.c        ****     UART_WriteTxData(100);
  47              		.loc 1 22 0
  48 0008 6420     		movs	r0, #100
  49 000a FFF7FEFF 		bl	UART_WriteTxData
  50              	.LVL1:
  23:main.c        ****     receivedData = UART_ReadRxData();
  51              		.loc 1 23 0
  52 000e FFF7FEFF 		bl	UART_ReadRxData
  53              	.LVL2:
  54 0012 014B     		ldr	r3, .L4
  55 0014 1870     		strb	r0, [r3]
  56              	.L2:
  57 0016 FEE7     		b	.L2
  58              	.L5:
  59              		.align	2
  60              	.L4:
  61 0018 00000000 		.word	receivedData
  62              		.cfi_endproc
  63              	.LFE63:
  64              		.size	main, .-main
  65              		.comm	receivedData,1,1
  66              		.text
  67              	.Letext0:
  68              		.file 2 "c:\\program files (x86)\\cypress\\psoc creator\\4.2\\psoc creator\\import\\gnu\\arm\\5.4.
  69              		.file 3 "c:\\program files (x86)\\cypress\\psoc creator\\4.2\\psoc creator\\import\\gnu\\arm\\5.4.
  70              		.file 4 "Generated_Source\\PSoC5/cytypes.h"
  71              		.file 5 "Generated_Source\\PSoC5/core_cm3.h"
  72              		.file 6 "Generated_Source\\PSoC5/UART.h"
  73              		.section	.debug_info,"",%progbits
  74              	.Ldebug_info0:
  75 0000 30010000 		.4byte	0x130
  76 0004 0400     		.2byte	0x4
  77 0006 00000000 		.4byte	.Ldebug_abbrev0
  78 000a 04       		.byte	0x4
  79 000b 01       		.uleb128 0x1
  80 000c 8D000000 		.4byte	.LASF22
  81 0010 0C       		.byte	0xc
  82 0011 3B000000 		.4byte	.LASF23
  83 0015 42000000 		.4byte	.LASF24
  84 0019 00000000 		.4byte	.Ldebug_ranges0+0
  85 001d 00000000 		.4byte	0
  86 0021 00000000 		.4byte	.Ldebug_line0
  87 0025 02       		.uleb128 0x2
  88 0026 01       		.byte	0x1
  89 0027 06       		.byte	0x6
  90 0028 A1010000 		.4byte	.LASF0
  91 002c 02       		.uleb128 0x2
ARM GAS  C:\Users\ALBERT~1\AppData\Local\Temp\ccZPcFJj.s 			page 3


  92 002d 01       		.byte	0x1
  93 002e 08       		.byte	0x8
  94 002f 55010000 		.4byte	.LASF1
  95 0033 02       		.uleb128 0x2
  96 0034 02       		.byte	0x2
  97 0035 05       		.byte	0x5
  98 0036 D3010000 		.4byte	.LASF2
  99 003a 02       		.uleb128 0x2
 100 003b 02       		.byte	0x2
 101 003c 07       		.byte	0x7
 102 003d 0E000000 		.4byte	.LASF3
 103 0041 03       		.uleb128 0x3
 104 0042 BE010000 		.4byte	.LASF9
 105 0046 02       		.byte	0x2
 106 0047 3F       		.byte	0x3f
 107 0048 4C000000 		.4byte	0x4c
 108 004c 02       		.uleb128 0x2
 109 004d 04       		.byte	0x4
 110 004e 05       		.byte	0x5
 111 004f 78010000 		.4byte	.LASF4
 112 0053 02       		.uleb128 0x2
 113 0054 04       		.byte	0x4
 114 0055 07       		.byte	0x7
 115 0056 21010000 		.4byte	.LASF5
 116 005a 02       		.uleb128 0x2
 117 005b 08       		.byte	0x8
 118 005c 05       		.byte	0x5
 119 005d 00000000 		.4byte	.LASF6
 120 0061 02       		.uleb128 0x2
 121 0062 08       		.byte	0x8
 122 0063 07       		.byte	0x7
 123 0064 33010000 		.4byte	.LASF7
 124 0068 04       		.uleb128 0x4
 125 0069 04       		.byte	0x4
 126 006a 05       		.byte	0x5
 127 006b 696E7400 		.ascii	"int\000"
 128 006f 02       		.uleb128 0x2
 129 0070 04       		.byte	0x4
 130 0071 07       		.byte	0x7
 131 0072 21000000 		.4byte	.LASF8
 132 0076 03       		.uleb128 0x3
 133 0077 DD010000 		.4byte	.LASF10
 134 007b 03       		.byte	0x3
 135 007c 2C       		.byte	0x2c
 136 007d 41000000 		.4byte	0x41
 137 0081 05       		.uleb128 0x5
 138 0082 1B010000 		.4byte	.LASF11
 139 0086 04       		.byte	0x4
 140 0087 E401     		.2byte	0x1e4
 141 0089 2C000000 		.4byte	0x2c
 142 008d 02       		.uleb128 0x2
 143 008e 04       		.byte	0x4
 144 008f 04       		.byte	0x4
 145 0090 CD010000 		.4byte	.LASF12
 146 0094 02       		.uleb128 0x2
 147 0095 08       		.byte	0x8
 148 0096 04       		.byte	0x4
ARM GAS  C:\Users\ALBERT~1\AppData\Local\Temp\ccZPcFJj.s 			page 4


 149 0097 81010000 		.4byte	.LASF13
 150 009b 02       		.uleb128 0x2
 151 009c 01       		.byte	0x1
 152 009d 08       		.byte	0x8
 153 009e 73010000 		.4byte	.LASF14
 154 00a2 02       		.uleb128 0x2
 155 00a3 08       		.byte	0x8
 156 00a4 04       		.byte	0x4
 157 00a5 88010000 		.4byte	.LASF15
 158 00a9 02       		.uleb128 0x2
 159 00aa 04       		.byte	0x4
 160 00ab 07       		.byte	0x7
 161 00ac E5010000 		.4byte	.LASF16
 162 00b0 06       		.uleb128 0x6
 163 00b1 C8010000 		.4byte	.LASF25
 164 00b5 01       		.byte	0x1
 165 00b6 10       		.byte	0x10
 166 00b7 68000000 		.4byte	0x68
 167 00bb 00000000 		.4byte	.LFB63
 168 00bf 1C000000 		.4byte	.LFE63-.LFB63
 169 00c3 01       		.uleb128 0x1
 170 00c4 9C       		.byte	0x9c
 171 00c5 F0000000 		.4byte	0xf0
 172 00c9 07       		.uleb128 0x7
 173 00ca 08000000 		.4byte	.LVL0
 174 00ce 12010000 		.4byte	0x112
 175 00d2 08       		.uleb128 0x8
 176 00d3 0E000000 		.4byte	.LVL1
 177 00d7 1D010000 		.4byte	0x11d
 178 00db E6000000 		.4byte	0xe6
 179 00df 09       		.uleb128 0x9
 180 00e0 01       		.uleb128 0x1
 181 00e1 50       		.byte	0x50
 182 00e2 02       		.uleb128 0x2
 183 00e3 08       		.byte	0x8
 184 00e4 64       		.byte	0x64
 185 00e5 00       		.byte	0
 186 00e6 07       		.uleb128 0x7
 187 00e7 12000000 		.4byte	.LVL2
 188 00eb 28010000 		.4byte	0x128
 189 00ef 00       		.byte	0
 190 00f0 0A       		.uleb128 0xa
 191 00f1 94010000 		.4byte	.LASF17
 192 00f5 05       		.byte	0x5
 193 00f6 1207     		.2byte	0x712
 194 00f8 FC000000 		.4byte	0xfc
 195 00fc 0B       		.uleb128 0xb
 196 00fd 76000000 		.4byte	0x76
 197 0101 0C       		.uleb128 0xc
 198 0102 2E000000 		.4byte	.LASF18
 199 0106 01       		.byte	0x1
 200 0107 0E       		.byte	0xe
 201 0108 81000000 		.4byte	0x81
 202 010c 05       		.uleb128 0x5
 203 010d 03       		.byte	0x3
 204 010e 00000000 		.4byte	receivedData
 205 0112 0D       		.uleb128 0xd
ARM GAS  C:\Users\ALBERT~1\AppData\Local\Temp\ccZPcFJj.s 			page 5


 206 0113 4A010000 		.4byte	.LASF19
 207 0117 4A010000 		.4byte	.LASF19
 208 011b 06       		.byte	0x6
 209 011c 54       		.byte	0x54
 210 011d 0D       		.uleb128 0xd
 211 011e AD010000 		.4byte	.LASF20
 212 0122 AD010000 		.4byte	.LASF20
 213 0126 06       		.byte	0x6
 214 0127 88       		.byte	0x88
 215 0128 0D       		.uleb128 0xd
 216 0129 63010000 		.4byte	.LASF21
 217 012d 63010000 		.4byte	.LASF21
 218 0131 06       		.byte	0x6
 219 0132 6F       		.byte	0x6f
 220 0133 00       		.byte	0
 221              		.section	.debug_abbrev,"",%progbits
 222              	.Ldebug_abbrev0:
 223 0000 01       		.uleb128 0x1
 224 0001 11       		.uleb128 0x11
 225 0002 01       		.byte	0x1
 226 0003 25       		.uleb128 0x25
 227 0004 0E       		.uleb128 0xe
 228 0005 13       		.uleb128 0x13
 229 0006 0B       		.uleb128 0xb
 230 0007 03       		.uleb128 0x3
 231 0008 0E       		.uleb128 0xe
 232 0009 1B       		.uleb128 0x1b
 233 000a 0E       		.uleb128 0xe
 234 000b 55       		.uleb128 0x55
 235 000c 17       		.uleb128 0x17
 236 000d 11       		.uleb128 0x11
 237 000e 01       		.uleb128 0x1
 238 000f 10       		.uleb128 0x10
 239 0010 17       		.uleb128 0x17
 240 0011 00       		.byte	0
 241 0012 00       		.byte	0
 242 0013 02       		.uleb128 0x2
 243 0014 24       		.uleb128 0x24
 244 0015 00       		.byte	0
 245 0016 0B       		.uleb128 0xb
 246 0017 0B       		.uleb128 0xb
 247 0018 3E       		.uleb128 0x3e
 248 0019 0B       		.uleb128 0xb
 249 001a 03       		.uleb128 0x3
 250 001b 0E       		.uleb128 0xe
 251 001c 00       		.byte	0
 252 001d 00       		.byte	0
 253 001e 03       		.uleb128 0x3
 254 001f 16       		.uleb128 0x16
 255 0020 00       		.byte	0
 256 0021 03       		.uleb128 0x3
 257 0022 0E       		.uleb128 0xe
 258 0023 3A       		.uleb128 0x3a
 259 0024 0B       		.uleb128 0xb
 260 0025 3B       		.uleb128 0x3b
 261 0026 0B       		.uleb128 0xb
 262 0027 49       		.uleb128 0x49
ARM GAS  C:\Users\ALBERT~1\AppData\Local\Temp\ccZPcFJj.s 			page 6


 263 0028 13       		.uleb128 0x13
 264 0029 00       		.byte	0
 265 002a 00       		.byte	0
 266 002b 04       		.uleb128 0x4
 267 002c 24       		.uleb128 0x24
 268 002d 00       		.byte	0
 269 002e 0B       		.uleb128 0xb
 270 002f 0B       		.uleb128 0xb
 271 0030 3E       		.uleb128 0x3e
 272 0031 0B       		.uleb128 0xb
 273 0032 03       		.uleb128 0x3
 274 0033 08       		.uleb128 0x8
 275 0034 00       		.byte	0
 276 0035 00       		.byte	0
 277 0036 05       		.uleb128 0x5
 278 0037 16       		.uleb128 0x16
 279 0038 00       		.byte	0
 280 0039 03       		.uleb128 0x3
 281 003a 0E       		.uleb128 0xe
 282 003b 3A       		.uleb128 0x3a
 283 003c 0B       		.uleb128 0xb
 284 003d 3B       		.uleb128 0x3b
 285 003e 05       		.uleb128 0x5
 286 003f 49       		.uleb128 0x49
 287 0040 13       		.uleb128 0x13
 288 0041 00       		.byte	0
 289 0042 00       		.byte	0
 290 0043 06       		.uleb128 0x6
 291 0044 2E       		.uleb128 0x2e
 292 0045 01       		.byte	0x1
 293 0046 3F       		.uleb128 0x3f
 294 0047 19       		.uleb128 0x19
 295 0048 03       		.uleb128 0x3
 296 0049 0E       		.uleb128 0xe
 297 004a 3A       		.uleb128 0x3a
 298 004b 0B       		.uleb128 0xb
 299 004c 3B       		.uleb128 0x3b
 300 004d 0B       		.uleb128 0xb
 301 004e 27       		.uleb128 0x27
 302 004f 19       		.uleb128 0x19
 303 0050 49       		.uleb128 0x49
 304 0051 13       		.uleb128 0x13
 305 0052 8701     		.uleb128 0x87
 306 0054 19       		.uleb128 0x19
 307 0055 11       		.uleb128 0x11
 308 0056 01       		.uleb128 0x1
 309 0057 12       		.uleb128 0x12
 310 0058 06       		.uleb128 0x6
 311 0059 40       		.uleb128 0x40
 312 005a 18       		.uleb128 0x18
 313 005b 9742     		.uleb128 0x2117
 314 005d 19       		.uleb128 0x19
 315 005e 01       		.uleb128 0x1
 316 005f 13       		.uleb128 0x13
 317 0060 00       		.byte	0
 318 0061 00       		.byte	0
 319 0062 07       		.uleb128 0x7
ARM GAS  C:\Users\ALBERT~1\AppData\Local\Temp\ccZPcFJj.s 			page 7


 320 0063 898201   		.uleb128 0x4109
 321 0066 00       		.byte	0
 322 0067 11       		.uleb128 0x11
 323 0068 01       		.uleb128 0x1
 324 0069 31       		.uleb128 0x31
 325 006a 13       		.uleb128 0x13
 326 006b 00       		.byte	0
 327 006c 00       		.byte	0
 328 006d 08       		.uleb128 0x8
 329 006e 898201   		.uleb128 0x4109
 330 0071 01       		.byte	0x1
 331 0072 11       		.uleb128 0x11
 332 0073 01       		.uleb128 0x1
 333 0074 31       		.uleb128 0x31
 334 0075 13       		.uleb128 0x13
 335 0076 01       		.uleb128 0x1
 336 0077 13       		.uleb128 0x13
 337 0078 00       		.byte	0
 338 0079 00       		.byte	0
 339 007a 09       		.uleb128 0x9
 340 007b 8A8201   		.uleb128 0x410a
 341 007e 00       		.byte	0
 342 007f 02       		.uleb128 0x2
 343 0080 18       		.uleb128 0x18
 344 0081 9142     		.uleb128 0x2111
 345 0083 18       		.uleb128 0x18
 346 0084 00       		.byte	0
 347 0085 00       		.byte	0
 348 0086 0A       		.uleb128 0xa
 349 0087 34       		.uleb128 0x34
 350 0088 00       		.byte	0
 351 0089 03       		.uleb128 0x3
 352 008a 0E       		.uleb128 0xe
 353 008b 3A       		.uleb128 0x3a
 354 008c 0B       		.uleb128 0xb
 355 008d 3B       		.uleb128 0x3b
 356 008e 05       		.uleb128 0x5
 357 008f 49       		.uleb128 0x49
 358 0090 13       		.uleb128 0x13
 359 0091 3F       		.uleb128 0x3f
 360 0092 19       		.uleb128 0x19
 361 0093 3C       		.uleb128 0x3c
 362 0094 19       		.uleb128 0x19
 363 0095 00       		.byte	0
 364 0096 00       		.byte	0
 365 0097 0B       		.uleb128 0xb
 366 0098 35       		.uleb128 0x35
 367 0099 00       		.byte	0
 368 009a 49       		.uleb128 0x49
 369 009b 13       		.uleb128 0x13
 370 009c 00       		.byte	0
 371 009d 00       		.byte	0
 372 009e 0C       		.uleb128 0xc
 373 009f 34       		.uleb128 0x34
 374 00a0 00       		.byte	0
 375 00a1 03       		.uleb128 0x3
 376 00a2 0E       		.uleb128 0xe
ARM GAS  C:\Users\ALBERT~1\AppData\Local\Temp\ccZPcFJj.s 			page 8


 377 00a3 3A       		.uleb128 0x3a
 378 00a4 0B       		.uleb128 0xb
 379 00a5 3B       		.uleb128 0x3b
 380 00a6 0B       		.uleb128 0xb
 381 00a7 49       		.uleb128 0x49
 382 00a8 13       		.uleb128 0x13
 383 00a9 3F       		.uleb128 0x3f
 384 00aa 19       		.uleb128 0x19
 385 00ab 02       		.uleb128 0x2
 386 00ac 18       		.uleb128 0x18
 387 00ad 00       		.byte	0
 388 00ae 00       		.byte	0
 389 00af 0D       		.uleb128 0xd
 390 00b0 2E       		.uleb128 0x2e
 391 00b1 00       		.byte	0
 392 00b2 3F       		.uleb128 0x3f
 393 00b3 19       		.uleb128 0x19
 394 00b4 3C       		.uleb128 0x3c
 395 00b5 19       		.uleb128 0x19
 396 00b6 6E       		.uleb128 0x6e
 397 00b7 0E       		.uleb128 0xe
 398 00b8 03       		.uleb128 0x3
 399 00b9 0E       		.uleb128 0xe
 400 00ba 3A       		.uleb128 0x3a
 401 00bb 0B       		.uleb128 0xb
 402 00bc 3B       		.uleb128 0x3b
 403 00bd 0B       		.uleb128 0xb
 404 00be 00       		.byte	0
 405 00bf 00       		.byte	0
 406 00c0 00       		.byte	0
 407              		.section	.debug_aranges,"",%progbits
 408 0000 1C000000 		.4byte	0x1c
 409 0004 0200     		.2byte	0x2
 410 0006 00000000 		.4byte	.Ldebug_info0
 411 000a 04       		.byte	0x4
 412 000b 00       		.byte	0
 413 000c 0000     		.2byte	0
 414 000e 0000     		.2byte	0
 415 0010 00000000 		.4byte	.LFB63
 416 0014 1C000000 		.4byte	.LFE63-.LFB63
 417 0018 00000000 		.4byte	0
 418 001c 00000000 		.4byte	0
 419              		.section	.debug_ranges,"",%progbits
 420              	.Ldebug_ranges0:
 421 0000 00000000 		.4byte	.LFB63
 422 0004 1C000000 		.4byte	.LFE63
 423 0008 00000000 		.4byte	0
 424 000c 00000000 		.4byte	0
 425              		.section	.debug_line,"",%progbits
 426              	.Ldebug_line0:
 427 0000 6F010000 		.section	.debug_str,"MS",%progbits,1
 427      02005601 
 427      00000201 
 427      FB0E0D00 
 427      01010101 
 428              	.LASF6:
 429 0000 6C6F6E67 		.ascii	"long long int\000"
ARM GAS  C:\Users\ALBERT~1\AppData\Local\Temp\ccZPcFJj.s 			page 9


 429      206C6F6E 
 429      6720696E 
 429      7400
 430              	.LASF3:
 431 000e 73686F72 		.ascii	"short unsigned int\000"
 431      7420756E 
 431      7369676E 
 431      65642069 
 431      6E7400
 432              	.LASF8:
 433 0021 756E7369 		.ascii	"unsigned int\000"
 433      676E6564 
 433      20696E74 
 433      00
 434              	.LASF18:
 435 002e 72656365 		.ascii	"receivedData\000"
 435      69766564 
 435      44617461 
 435      00
 436              	.LASF23:
 437 003b 6D61696E 		.ascii	"main.c\000"
 437      2E6300
 438              	.LASF24:
 439 0042 433A5C55 		.ascii	"C:\\Users\\Albert Sandager\\Documents\\GitHub\\P4-V"
 439      73657273 
 439      5C416C62 
 439      65727420 
 439      53616E64 
 440 0070 69657743 		.ascii	"iewCare\\PSoC\\uart\\uart.cydsn\000"
 440      6172655C 
 440      50536F43 
 440      5C756172 
 440      745C7561 
 441              	.LASF22:
 442 008d 474E5520 		.ascii	"GNU C11 5.4.1 20160609 (release) [ARM/embedded-5-br"
 442      43313120 
 442      352E342E 
 442      31203230 
 442      31363036 
 443 00c0 616E6368 		.ascii	"anch revision 237715] -mcpu=cortex-m3 -mthumb -g -O"
 443      20726576 
 443      6973696F 
 443      6E203233 
 443      37373135 
 444 00f3 67202D66 		.ascii	"g -ffunction-sections -ffat-lto-objects\000"
 444      66756E63 
 444      74696F6E 
 444      2D736563 
 444      74696F6E 
 445              	.LASF11:
 446 011b 75696E74 		.ascii	"uint8\000"
 446      3800
 447              	.LASF5:
 448 0121 6C6F6E67 		.ascii	"long unsigned int\000"
 448      20756E73 
 448      69676E65 
 448      6420696E 
ARM GAS  C:\Users\ALBERT~1\AppData\Local\Temp\ccZPcFJj.s 			page 10


 448      7400
 449              	.LASF7:
 450 0133 6C6F6E67 		.ascii	"long long unsigned int\000"
 450      206C6F6E 
 450      6720756E 
 450      7369676E 
 450      65642069 
 451              	.LASF19:
 452 014a 55415254 		.ascii	"UART_Start\000"
 452      5F537461 
 452      727400
 453              	.LASF1:
 454 0155 756E7369 		.ascii	"unsigned char\000"
 454      676E6564 
 454      20636861 
 454      7200
 455              	.LASF21:
 456 0163 55415254 		.ascii	"UART_ReadRxData\000"
 456      5F526561 
 456      64527844 
 456      61746100 
 457              	.LASF14:
 458 0173 63686172 		.ascii	"char\000"
 458      00
 459              	.LASF4:
 460 0178 6C6F6E67 		.ascii	"long int\000"
 460      20696E74 
 460      00
 461              	.LASF13:
 462 0181 646F7562 		.ascii	"double\000"
 462      6C6500
 463              	.LASF15:
 464 0188 6C6F6E67 		.ascii	"long double\000"
 464      20646F75 
 464      626C6500 
 465              	.LASF17:
 466 0194 49544D5F 		.ascii	"ITM_RxBuffer\000"
 466      52784275 
 466      66666572 
 466      00
 467              	.LASF0:
 468 01a1 7369676E 		.ascii	"signed char\000"
 468      65642063 
 468      68617200 
 469              	.LASF20:
 470 01ad 55415254 		.ascii	"UART_WriteTxData\000"
 470      5F577269 
 470      74655478 
 470      44617461 
 470      00
 471              	.LASF9:
 472 01be 5F5F696E 		.ascii	"__int32_t\000"
 472      7433325F 
 472      7400
 473              	.LASF25:
 474 01c8 6D61696E 		.ascii	"main\000"
 474      00
ARM GAS  C:\Users\ALBERT~1\AppData\Local\Temp\ccZPcFJj.s 			page 11


 475              	.LASF12:
 476 01cd 666C6F61 		.ascii	"float\000"
 476      7400
 477              	.LASF2:
 478 01d3 73686F72 		.ascii	"short int\000"
 478      7420696E 
 478      7400
 479              	.LASF10:
 480 01dd 696E7433 		.ascii	"int32_t\000"
 480      325F7400 
 481              	.LASF16:
 482 01e5 73697A65 		.ascii	"sizetype\000"
 482      74797065 
 482      00
 483              		.ident	"GCC: (GNU Tools for ARM Embedded Processors) 5.4.1 20160609 (release) [ARM/embedded-5-bran
