ARM GAS  C:\Users\ALBERT~1\AppData\Local\Temp\ccwftWsV.s 			page 1


   1              		.syntax unified
   2              		.cpu cortex-m3
   3              		.fpu softvfp
   4              		.eabi_attribute 20, 1
   5              		.eabi_attribute 21, 1
   6              		.eabi_attribute 23, 3
   7              		.eabi_attribute 24, 1
   8              		.eabi_attribute 25, 1
   9              		.eabi_attribute 26, 1
  10              		.eabi_attribute 30, 1
  11              		.eabi_attribute 34, 1
  12              		.eabi_attribute 18, 4
  13              		.thumb
  14              		.syntax unified
  15              		.file	"cymetadata.c"
  16              		.text
  17              	.Ltext0:
  18              		.cfi_sections	.debug_frame
  19              		.global	cy_metadata
  20              		.global	cy_meta_flashprotect
  21              		.global	cy_meta_wonvl
  22              		.global	cy_meta_custnvl
  23              		.global	cy_meta_configecc
  24              		.section	.cyconfigecc,"a",%progbits
  25              		.align	2
  26              		.type	cy_meta_configecc, %object
  27              		.size	cy_meta_configecc, 748
  28              	cy_meta_configecc:
  29 0000 03       		.byte	3
  30 0001 65       		.byte	101
  31 0002 00       		.byte	0
  32 0003 40       		.byte	64
  33 0004 6F       		.byte	111
  34 0005 18       		.byte	24
  35 0006 01       		.byte	1
  36 0007 40       		.byte	64
  37 0008 3F       		.byte	63
  38 0009 19       		.byte	25
  39 000a 01       		.byte	1
  40 000b 40       		.byte	64
  41 000c 53       		.byte	83
  42 000d 1A       		.byte	26
  43 000e 01       		.byte	1
  44 000f 40       		.byte	64
  45 0010 4D       		.byte	77
  46 0011 1B       		.byte	27
  47 0012 01       		.byte	1
  48 0013 40       		.byte	64
  49 0014 07       		.byte	7
  50 0015 4D       		.byte	77
  51 0016 01       		.byte	1
  52 0017 40       		.byte	64
  53 0018 02       		.byte	2
  54 0019 50       		.byte	80
  55 001a 01       		.byte	1
  56 001b 40       		.byte	64
  57 001c 88       		.byte	-120
ARM GAS  C:\Users\ALBERT~1\AppData\Local\Temp\ccwftWsV.s 			page 2


  58 001d 38       		.byte	56
  59 001e 8A       		.byte	-118
  60 001f 0F       		.byte	15
  61 0020 8B       		.byte	-117
  62 0021 72       		.byte	114
  63 0022 06       		.byte	6
  64 0023 0C       		.byte	12
  65 0024 07       		.byte	7
  66 0025 04       		.byte	4
  67 0026 08       		.byte	8
  68 0027 40       		.byte	64
  69 0028 0B       		.byte	11
  70 0029 08       		.byte	8
  71 002a 0C       		.byte	12
  72 002b 40       		.byte	64
  73 002c 13       		.byte	19
  74 002d 02       		.byte	2
  75 002e 14       		.byte	20
  76 002f 31       		.byte	49
  77 0030 16       		.byte	22
  78 0031 06       		.byte	6
  79 0032 18       		.byte	24
  80 0033 2C       		.byte	44
  81 0034 1A       		.byte	26
  82 0035 03       		.byte	3
  83 0036 1B       		.byte	27
  84 0037 04       		.byte	4
  85 0038 20       		.byte	32
  86 0039 40       		.byte	64
  87 003a 23       		.byte	35
  88 003b 08       		.byte	8
  89 003c 26       		.byte	38
  90 003d 13       		.byte	19
  91 003e 27       		.byte	39
  92 003f 01       		.byte	1
  93 0040 2A       		.byte	42
  94 0041 08       		.byte	8
  95 0042 2C       		.byte	44
  96 0043 31       		.byte	49
  97 0044 2E       		.byte	46
  98 0045 0E       		.byte	14
  99 0046 2F       		.byte	47
 100 0047 02       		.byte	2
 101 0048 30       		.byte	48
 102 0049 40       		.byte	64
 103 004a 31       		.byte	49
 104 004b 03       		.byte	3
 105 004c 32       		.byte	50
 106 004d 30       		.byte	48
 107 004e 33       		.byte	51
 108 004f 08       		.byte	8
 109 0050 34       		.byte	52
 110 0051 0F       		.byte	15
 111 0052 37       		.byte	55
 112 0053 04       		.byte	4
 113 0054 38       		.byte	56
 114 0055 08       		.byte	8
ARM GAS  C:\Users\ALBERT~1\AppData\Local\Temp\ccwftWsV.s 			page 3


 115 0056 3A       		.byte	58
 116 0057 20       		.byte	32
 117 0058 3B       		.byte	59
 118 0059 20       		.byte	32
 119 005a 3E       		.byte	62
 120 005b 04       		.byte	4
 121 005c 3F       		.byte	63
 122 005d 45       		.byte	69
 123 005e 40       		.byte	64
 124 005f 24       		.byte	36
 125 0060 41       		.byte	65
 126 0061 03       		.byte	3
 127 0062 42       		.byte	66
 128 0063 06       		.byte	6
 129 0064 44       		.byte	68
 130 0065 01       		.byte	1
 131 0066 45       		.byte	69
 132 0067 0C       		.byte	12
 133 0068 46       		.byte	70
 134 0069 E0       		.byte	-32
 135 006a 48       		.byte	72
 136 006b 09       		.byte	9
 137 006c 49       		.byte	73
 138 006d FF       		.byte	-1
 139 006e 4A       		.byte	74
 140 006f FF       		.byte	-1
 141 0070 4B       		.byte	75
 142 0071 FF       		.byte	-1
 143 0072 4C       		.byte	76
 144 0073 62       		.byte	98
 145 0074 4D       		.byte	77
 146 0075 A0       		.byte	-96
 147 0076 4E       		.byte	78
 148 0077 F0       		.byte	-16
 149 0078 4F       		.byte	79
 150 0079 41       		.byte	65
 151 007a 50       		.byte	80
 152 007b 0C       		.byte	12
 153 007c 54       		.byte	84
 154 007d 18       		.byte	24
 155 007e 58       		.byte	88
 156 007f 04       		.byte	4
 157 0080 59       		.byte	89
 158 0081 04       		.byte	4
 159 0082 5A       		.byte	90
 160 0083 04       		.byte	4
 161 0084 5B       		.byte	91
 162 0085 04       		.byte	4
 163 0086 5F       		.byte	95
 164 0087 01       		.byte	1
 165 0088 66       		.byte	102
 166 0089 40       		.byte	64
 167 008a 67       		.byte	103
 168 008b 02       		.byte	2
 169 008c 69       		.byte	105
 170 008d 10       		.byte	16
 171 008e 6A       		.byte	106
ARM GAS  C:\Users\ALBERT~1\AppData\Local\Temp\ccwftWsV.s 			page 4


 172 008f 30       		.byte	48
 173 0090 6B       		.byte	107
 174 0091 10       		.byte	16
 175 0092 6D       		.byte	109
 176 0093 10       		.byte	16
 177 0094 6E       		.byte	110
 178 0095 10       		.byte	16
 179 0096 6F       		.byte	111
 180 0097 12       		.byte	18
 181 0098 84       		.byte	-124
 182 0099 33       		.byte	51
 183 009a 85       		.byte	-123
 184 009b 10       		.byte	16
 185 009c 86       		.byte	-122
 186 009d 0C       		.byte	12
 187 009e 87       		.byte	-121
 188 009f AC       		.byte	-84
 189 00a0 8A       		.byte	-118
 190 00a1 08       		.byte	8
 191 00a2 8B       		.byte	-117
 192 00a3 20       		.byte	32
 193 00a4 8D       		.byte	-115
 194 00a5 14       		.byte	20
 195 00a6 97       		.byte	-105
 196 00a7 03       		.byte	3
 197 00a8 98       		.byte	-104
 198 00a9 0A       		.byte	10
 199 00aa 99       		.byte	-103
 200 00ab DC       		.byte	-36
 201 00ac 9A       		.byte	-102
 202 00ad 34       		.byte	52
 203 00ae 9B       		.byte	-101
 204 00af 22       		.byte	34
 205 00b0 9D       		.byte	-99
 206 00b1 0C       		.byte	12
 207 00b2 9F       		.byte	-97
 208 00b3 71       		.byte	113
 209 00b4 A0       		.byte	-96
 210 00b5 33       		.byte	51
 211 00b6 A2       		.byte	-94
 212 00b7 04       		.byte	4
 213 00b8 A4       		.byte	-92
 214 00b9 40       		.byte	64
 215 00ba A5       		.byte	-91
 216 00bb 10       		.byte	16
 217 00bc A6       		.byte	-90
 218 00bd 15       		.byte	21
 219 00be A7       		.byte	-89
 220 00bf 40       		.byte	64
 221 00c0 A8       		.byte	-88
 222 00c1 03       		.byte	3
 223 00c2 A9       		.byte	-87
 224 00c3 09       		.byte	9
 225 00c4 AA       		.byte	-86
 226 00c5 14       		.byte	20
 227 00c6 AB       		.byte	-85
 228 00c7 D0       		.byte	-48
ARM GAS  C:\Users\ALBERT~1\AppData\Local\Temp\ccwftWsV.s 			page 5


 229 00c8 B0       		.byte	-80
 230 00c9 10       		.byte	16
 231 00ca B2       		.byte	-78
 232 00cb 60       		.byte	96
 233 00cc B3       		.byte	-77
 234 00cd 1F       		.byte	31
 235 00ce B4       		.byte	-76
 236 00cf 0F       		.byte	15
 237 00d0 B7       		.byte	-73
 238 00d1 E0       		.byte	-32
 239 00d2 B8       		.byte	-72
 240 00d3 08       		.byte	8
 241 00d4 BA       		.byte	-70
 242 00d5 20       		.byte	32
 243 00d6 BB       		.byte	-69
 244 00d7 80       		.byte	-128
 245 00d8 BE       		.byte	-66
 246 00d9 01       		.byte	1
 247 00da C0       		.byte	-64
 248 00db 23       		.byte	35
 249 00dc C1       		.byte	-63
 250 00dd 05       		.byte	5
 251 00de C5       		.byte	-59
 252 00df 0E       		.byte	14
 253 00e0 C6       		.byte	-58
 254 00e1 0B       		.byte	11
 255 00e2 C7       		.byte	-57
 256 00e3 0C       		.byte	12
 257 00e4 C8       		.byte	-56
 258 00e5 15       		.byte	21
 259 00e6 C9       		.byte	-55
 260 00e7 FF       		.byte	-1
 261 00e8 CA       		.byte	-54
 262 00e9 FF       		.byte	-1
 263 00ea CB       		.byte	-53
 264 00eb FF       		.byte	-1
 265 00ec CE       		.byte	-50
 266 00ed F0       		.byte	-16
 267 00ee CF       		.byte	-49
 268 00ef 44       		.byte	68
 269 00f0 D0       		.byte	-48
 270 00f1 0C       		.byte	12
 271 00f2 D8       		.byte	-40
 272 00f3 04       		.byte	4
 273 00f4 D9       		.byte	-39
 274 00f5 04       		.byte	4
 275 00f6 DA       		.byte	-38
 276 00f7 04       		.byte	4
 277 00f8 DF       		.byte	-33
 278 00f9 01       		.byte	1
 279 00fa E6       		.byte	-26
 280 00fb C0       		.byte	-64
 281 00fc EA       		.byte	-22
 282 00fd 40       		.byte	64
 283 00fe EB       		.byte	-21
 284 00ff 02       		.byte	2
 285 0100 00       		.byte	0
ARM GAS  C:\Users\ALBERT~1\AppData\Local\Temp\ccwftWsV.s 			page 6


 286 0101 04       		.byte	4
 287 0102 03       		.byte	3
 288 0103 08       		.byte	8
 289 0104 04       		.byte	4
 290 0105 20       		.byte	32
 291 0106 05       		.byte	5
 292 0107 04       		.byte	4
 293 0108 07       		.byte	7
 294 0109 01       		.byte	1
 295 010a 0A       		.byte	10
 296 010b 04       		.byte	4
 297 010c 0E       		.byte	14
 298 010d 08       		.byte	8
 299 010e 0F       		.byte	15
 300 010f 20       		.byte	32
 301 0110 10       		.byte	16
 302 0111 08       		.byte	8
 303 0112 12       		.byte	18
 304 0113 90       		.byte	-112
 305 0114 13       		.byte	19
 306 0115 20       		.byte	32
 307 0116 14       		.byte	20
 308 0117 A0       		.byte	-96
 309 0118 15       		.byte	21
 310 0119 80       		.byte	-128
 311 011a 16       		.byte	22
 312 011b 14       		.byte	20
 313 011c 18       		.byte	24
 314 011d 04       		.byte	4
 315 011e 19       		.byte	25
 316 011f 04       		.byte	4
 317 0120 1A       		.byte	26
 318 0121 40       		.byte	64
 319 0122 1B       		.byte	27
 320 0123 18       		.byte	24
 321 0124 1D       		.byte	29
 322 0125 1A       		.byte	26
 323 0126 1E       		.byte	30
 324 0127 0C       		.byte	12
 325 0128 20       		.byte	32
 326 0129 02       		.byte	2
 327 012a 21       		.byte	33
 328 012b 40       		.byte	64
 329 012c 22       		.byte	34
 330 012d 84       		.byte	-124
 331 012e 23       		.byte	35
 332 012f 10       		.byte	16
 333 0130 25       		.byte	37
 334 0131 40       		.byte	64
 335 0132 26       		.byte	38
 336 0133 08       		.byte	8
 337 0134 27       		.byte	39
 338 0135 44       		.byte	68
 339 0136 2A       		.byte	42
 340 0137 04       		.byte	4
 341 0138 2B       		.byte	43
 342 0139 08       		.byte	8
ARM GAS  C:\Users\ALBERT~1\AppData\Local\Temp\ccwftWsV.s 			page 7


 343 013a 2C       		.byte	44
 344 013b 02       		.byte	2
 345 013c 2F       		.byte	47
 346 013d 60       		.byte	96
 347 013e 31       		.byte	49
 348 013f 10       		.byte	16
 349 0140 32       		.byte	50
 350 0141 84       		.byte	-124
 351 0142 35       		.byte	53
 352 0143 22       		.byte	34
 353 0144 36       		.byte	54
 354 0145 20       		.byte	32
 355 0146 38       		.byte	56
 356 0147 84       		.byte	-124
 357 0148 3A       		.byte	58
 358 0149 10       		.byte	16
 359 014a 3C       		.byte	60
 360 014b 20       		.byte	32
 361 014c 3F       		.byte	63
 362 014d 08       		.byte	8
 363 014e 40       		.byte	64
 364 014f 24       		.byte	36
 365 0150 45       		.byte	69
 366 0151 22       		.byte	34
 367 0152 47       		.byte	71
 368 0153 44       		.byte	68
 369 0154 48       		.byte	72
 370 0155 01       		.byte	1
 371 0156 4B       		.byte	75
 372 0157 08       		.byte	8
 373 0158 4D       		.byte	77
 374 0159 20       		.byte	32
 375 015a 4F       		.byte	79
 376 015b 08       		.byte	8
 377 015c 50       		.byte	80
 378 015d 48       		.byte	72
 379 015e 54       		.byte	84
 380 015f 10       		.byte	16
 381 0160 5C       		.byte	92
 382 0161 01       		.byte	1
 383 0162 64       		.byte	100
 384 0163 04       		.byte	4
 385 0164 67       		.byte	103
 386 0165 02       		.byte	2
 387 0166 7D       		.byte	125
 388 0167 80       		.byte	-128
 389 0168 7F       		.byte	127
 390 0169 01       		.byte	1
 391 016a C0       		.byte	-64
 392 016b E6       		.byte	-26
 393 016c C2       		.byte	-62
 394 016d 62       		.byte	98
 395 016e C4       		.byte	-60
 396 016f FE       		.byte	-2
 397 0170 CA       		.byte	-54
 398 0171 D6       		.byte	-42
 399 0172 CC       		.byte	-52
ARM GAS  C:\Users\ALBERT~1\AppData\Local\Temp\ccwftWsV.s 			page 8


 400 0173 AE       		.byte	-82
 401 0174 CE       		.byte	-50
 402 0175 6E       		.byte	110
 403 0176 D0       		.byte	-48
 404 0177 F6       		.byte	-10
 405 0178 D2       		.byte	-46
 406 0179 28       		.byte	40
 407 017a D6       		.byte	-42
 408 017b 80       		.byte	-128
 409 017c D8       		.byte	-40
 410 017d 30       		.byte	48
 411 017e 00       		.byte	0
 412 017f 24       		.byte	36
 413 0180 02       		.byte	2
 414 0181 0A       		.byte	10
 415 0182 04       		.byte	4
 416 0183 08       		.byte	8
 417 0184 05       		.byte	5
 418 0185 01       		.byte	1
 419 0186 06       		.byte	6
 420 0187 30       		.byte	48
 421 0188 14       		.byte	20
 422 0189 40       		.byte	64
 423 018a 1C       		.byte	28
 424 018b 3E       		.byte	62
 425 018c 24       		.byte	36
 426 018d 3E       		.byte	62
 427 018e 2C       		.byte	44
 428 018f 12       		.byte	18
 429 0190 2E       		.byte	46
 430 0191 0D       		.byte	13
 431 0192 30       		.byte	48
 432 0193 06       		.byte	6
 433 0194 32       		.byte	50
 434 0195 01       		.byte	1
 435 0196 33       		.byte	51
 436 0197 01       		.byte	1
 437 0198 34       		.byte	52
 438 0199 38       		.byte	56
 439 019a 36       		.byte	54
 440 019b 40       		.byte	64
 441 019c 3E       		.byte	62
 442 019d 40       		.byte	64
 443 019e 3F       		.byte	63
 444 019f 04       		.byte	4
 445 01a0 54       		.byte	84
 446 01a1 01       		.byte	1
 447 01a2 58       		.byte	88
 448 01a3 04       		.byte	4
 449 01a4 59       		.byte	89
 450 01a5 04       		.byte	4
 451 01a6 5B       		.byte	91
 452 01a7 04       		.byte	4
 453 01a8 5F       		.byte	95
 454 01a9 01       		.byte	1
 455 01aa 80       		.byte	-128
 456 01ab 1F       		.byte	31
ARM GAS  C:\Users\ALBERT~1\AppData\Local\Temp\ccwftWsV.s 			page 9


 457 01ac 81       		.byte	-127
 458 01ad 10       		.byte	16
 459 01ae 82       		.byte	-126
 460 01af 60       		.byte	96
 461 01b0 84       		.byte	-124
 462 01b1 0C       		.byte	12
 463 01b2 85       		.byte	-123
 464 01b3 08       		.byte	8
 465 01b4 88       		.byte	-120
 466 01b5 04       		.byte	4
 467 01b6 8B       		.byte	-117
 468 01b7 04       		.byte	4
 469 01b8 8C       		.byte	-116
 470 01b9 01       		.byte	1
 471 01ba 8D       		.byte	-115
 472 01bb 44       		.byte	68
 473 01bc 91       		.byte	-111
 474 01bd 1C       		.byte	28
 475 01be 92       		.byte	-110
 476 01bf 23       		.byte	35
 477 01c0 93       		.byte	-109
 478 01c1 E1       		.byte	-31
 479 01c2 94       		.byte	-108
 480 01c3 03       		.byte	3
 481 01c4 95       		.byte	-107
 482 01c5 E7       		.byte	-25
 483 01c6 97       		.byte	-105
 484 01c7 18       		.byte	24
 485 01c8 98       		.byte	-104
 486 01c9 73       		.byte	115
 487 01ca 99       		.byte	-103
 488 01cb 3C       		.byte	60
 489 01cc 9A       		.byte	-102
 490 01cd 0C       		.byte	12
 491 01ce 9B       		.byte	-101
 492 01cf C2       		.byte	-62
 493 01d0 9C       		.byte	-100
 494 01d1 08       		.byte	8
 495 01d2 9F       		.byte	-97
 496 01d3 E3       		.byte	-29
 497 01d4 A0       		.byte	-96
 498 01d5 02       		.byte	2
 499 01d6 A1       		.byte	-95
 500 01d7 80       		.byte	-128
 501 01d8 A4       		.byte	-92
 502 01d9 7F       		.byte	127
 503 01da A5       		.byte	-91
 504 01db C0       		.byte	-64
 505 01dc A8       		.byte	-88
 506 01dd 1C       		.byte	28
 507 01de A9       		.byte	-87
 508 01df 18       		.byte	24
 509 01e0 AA       		.byte	-86
 510 01e1 63       		.byte	99
 511 01e2 AD       		.byte	-83
 512 01e3 FF       		.byte	-1
 513 01e4 B0       		.byte	-80
ARM GAS  C:\Users\ALBERT~1\AppData\Local\Temp\ccwftWsV.s 			page 10


 514 01e5 2C       		.byte	44
 515 01e6 B2       		.byte	-78
 516 01e7 10       		.byte	16
 517 01e8 B3       		.byte	-77
 518 01e9 1F       		.byte	31
 519 01ea B4       		.byte	-76
 520 01eb 0F       		.byte	15
 521 01ec B5       		.byte	-75
 522 01ed 38       		.byte	56
 523 01ee B6       		.byte	-74
 524 01ef 40       		.byte	64
 525 01f0 B7       		.byte	-73
 526 01f1 C0       		.byte	-64
 527 01f2 B8       		.byte	-72
 528 01f3 80       		.byte	-128
 529 01f4 BA       		.byte	-70
 530 01f5 22       		.byte	34
 531 01f6 BB       		.byte	-69
 532 01f7 08       		.byte	8
 533 01f8 BE       		.byte	-66
 534 01f9 04       		.byte	4
 535 01fa C0       		.byte	-64
 536 01fb 03       		.byte	3
 537 01fc C7       		.byte	-57
 538 01fd 04       		.byte	4
 539 01fe C9       		.byte	-55
 540 01ff FF       		.byte	-1
 541 0200 CA       		.byte	-54
 542 0201 07       		.byte	7
 543 0202 CB       		.byte	-53
 544 0203 FF       		.byte	-1
 545 0204 CC       		.byte	-52
 546 0205 40       		.byte	64
 547 0206 CD       		.byte	-51
 548 0207 20       		.byte	32
 549 0208 CE       		.byte	-50
 550 0209 F0       		.byte	-16
 551 020a CF       		.byte	-49
 552 020b 05       		.byte	5
 553 020c D0       		.byte	-48
 554 020d 08       		.byte	8
 555 020e D6       		.byte	-42
 556 020f 02       		.byte	2
 557 0210 D7       		.byte	-41
 558 0211 11       		.byte	17
 559 0212 D8       		.byte	-40
 560 0213 04       		.byte	4
 561 0214 D9       		.byte	-39
 562 0215 04       		.byte	4
 563 0216 DA       		.byte	-38
 564 0217 04       		.byte	4
 565 0218 DB       		.byte	-37
 566 0219 04       		.byte	4
 567 021a DF       		.byte	-33
 568 021b 01       		.byte	1
 569 021c E0       		.byte	-32
 570 021d 40       		.byte	64
ARM GAS  C:\Users\ALBERT~1\AppData\Local\Temp\ccwftWsV.s 			page 11


 571 021e E1       		.byte	-31
 572 021f A8       		.byte	-88
 573 0220 E2       		.byte	-30
 574 0221 40       		.byte	64
 575 0222 E3       		.byte	-29
 576 0223 20       		.byte	32
 577 0224 01       		.byte	1
 578 0225 02       		.byte	2
 579 0226 03       		.byte	3
 580 0227 20       		.byte	32
 581 0228 05       		.byte	5
 582 0229 01       		.byte	1
 583 022a 06       		.byte	6
 584 022b 21       		.byte	33
 585 022c 07       		.byte	7
 586 022d 08       		.byte	8
 587 022e 08       		.byte	8
 588 022f 80       		.byte	-128
 589 0230 0B       		.byte	11
 590 0231 10       		.byte	16
 591 0232 0C       		.byte	12
 592 0233 80       		.byte	-128
 593 0234 0D       		.byte	13
 594 0235 02       		.byte	2
 595 0236 0E       		.byte	14
 596 0237 88       		.byte	-120
 597 0238 0F       		.byte	15
 598 0239 21       		.byte	33
 599 023a 10       		.byte	16
 600 023b 22       		.byte	34
 601 023c 14       		.byte	20
 602 023d 20       		.byte	32
 603 023e 15       		.byte	21
 604 023f 01       		.byte	1
 605 0240 17       		.byte	23
 606 0241 14       		.byte	20
 607 0242 19       		.byte	25
 608 0243 02       		.byte	2
 609 0244 1A       		.byte	26
 610 0245 12       		.byte	18
 611 0246 1B       		.byte	27
 612 0247 30       		.byte	48
 613 0248 1D       		.byte	29
 614 0249 21       		.byte	33
 615 024a 1E       		.byte	30
 616 024b 28       		.byte	40
 617 024c 1F       		.byte	31
 618 024d 40       		.byte	64
 619 024e 22       		.byte	34
 620 024f 04       		.byte	4
 621 0250 24       		.byte	36
 622 0251 01       		.byte	1
 623 0252 26       		.byte	38
 624 0253 20       		.byte	32
 625 0254 27       		.byte	39
 626 0255 10       		.byte	16
 627 0256 2D       		.byte	45
ARM GAS  C:\Users\ALBERT~1\AppData\Local\Temp\ccwftWsV.s 			page 12


 628 0257 43       		.byte	67
 629 0258 2E       		.byte	46
 630 0259 20       		.byte	32
 631 025a 2F       		.byte	47
 632 025b 20       		.byte	32
 633 025c 35       		.byte	53
 634 025d 01       		.byte	1
 635 025e 36       		.byte	54
 636 025f 44       		.byte	68
 637 0260 37       		.byte	55
 638 0261 10       		.byte	16
 639 0262 3B       		.byte	59
 640 0263 0C       		.byte	12
 641 0264 3E       		.byte	62
 642 0265 18       		.byte	24
 643 0266 3F       		.byte	63
 644 0267 81       		.byte	-127
 645 0268 45       		.byte	69
 646 0269 08       		.byte	8
 647 026a 56       		.byte	86
 648 026b 14       		.byte	20
 649 026c 58       		.byte	88
 650 026d 01       		.byte	1
 651 026e 5A       		.byte	90
 652 026f 48       		.byte	72
 653 0270 5B       		.byte	91
 654 0271 20       		.byte	32
 655 0272 5E       		.byte	94
 656 0273 20       		.byte	32
 657 0274 6C       		.byte	108
 658 0275 34       		.byte	52
 659 0276 6F       		.byte	111
 660 0277 01       		.byte	1
 661 0278 74       		.byte	116
 662 0279 80       		.byte	-128
 663 027a 76       		.byte	118
 664 027b 28       		.byte	40
 665 027c 77       		.byte	119
 666 027d 08       		.byte	8
 667 027e 84       		.byte	-124
 668 027f 01       		.byte	1
 669 0280 86       		.byte	-122
 670 0281 01       		.byte	1
 671 0282 87       		.byte	-121
 672 0283 04       		.byte	4
 673 0284 8C       		.byte	-116
 674 0285 A6       		.byte	-90
 675 0286 8D       		.byte	-115
 676 0287 40       		.byte	64
 677 0288 8E       		.byte	-114
 678 0289 01       		.byte	1
 679 028a 8F       		.byte	-113
 680 028b 40       		.byte	64
 681 028c 92       		.byte	-110
 682 028d 40       		.byte	64
 683 028e 93       		.byte	-109
 684 028f 18       		.byte	24
ARM GAS  C:\Users\ALBERT~1\AppData\Local\Temp\ccwftWsV.s 			page 13


 685 0290 94       		.byte	-108
 686 0291 21       		.byte	33
 687 0292 97       		.byte	-105
 688 0293 80       		.byte	-128
 689 0294 9B       		.byte	-101
 690 0295 24       		.byte	36
 691 0296 9C       		.byte	-100
 692 0297 80       		.byte	-128
 693 0298 9D       		.byte	-99
 694 0299 02       		.byte	2
 695 029a 9E       		.byte	-98
 696 029b 14       		.byte	20
 697 029c 9F       		.byte	-97
 698 029d 01       		.byte	1
 699 029e A1       		.byte	-95
 700 029f 0A       		.byte	10
 701 02a0 A4       		.byte	-92
 702 02a1 02       		.byte	2
 703 02a2 A5       		.byte	-91
 704 02a3 20       		.byte	32
 705 02a4 A6       		.byte	-90
 706 02a5 20       		.byte	32
 707 02a6 A7       		.byte	-89
 708 02a7 20       		.byte	32
 709 02a8 AC       		.byte	-84
 710 02a9 04       		.byte	4
 711 02aa AE       		.byte	-82
 712 02ab 08       		.byte	8
 713 02ac C0       		.byte	-64
 714 02ad FC       		.byte	-4
 715 02ae C2       		.byte	-62
 716 02af F5       		.byte	-11
 717 02b0 C4       		.byte	-60
 718 02b1 75       		.byte	117
 719 02b2 CA       		.byte	-54
 720 02b3 F0       		.byte	-16
 721 02b4 CC       		.byte	-52
 722 02b5 F0       		.byte	-16
 723 02b6 CE       		.byte	-50
 724 02b7 F2       		.byte	-14
 725 02b8 D0       		.byte	-48
 726 02b9 40       		.byte	64
 727 02ba D6       		.byte	-42
 728 02bb 2F       		.byte	47
 729 02bc E4       		.byte	-28
 730 02bd 02       		.byte	2
 731 02be 10       		.byte	16
 732 02bf 80       		.byte	-128
 733 02c0 74       		.byte	116
 734 02c1 04       		.byte	4
 735 02c2 84       		.byte	-124
 736 02c3 04       		.byte	4
 737 02c4 8C       		.byte	-116
 738 02c5 80       		.byte	-128
 739 02c6 C4       		.byte	-60
 740 02c7 08       		.byte	8
 741 02c8 DE       		.byte	-34
ARM GAS  C:\Users\ALBERT~1\AppData\Local\Temp\ccwftWsV.s 			page 14


 742 02c9 04       		.byte	4
 743 02ca E6       		.byte	-26
 744 02cb 02       		.byte	2
 745 02cc 10       		.byte	16
 746 02cd 01       		.byte	1
 747 02ce 1C       		.byte	28
 748 02cf 01       		.byte	1
 749 02d0 80       		.byte	-128
 750 02d1 80       		.byte	-128
 751 02d2 00       		.byte	0
 752 02d3 00       		.byte	0
 753 02d4 40       		.byte	64
 754 02d5 00       		.byte	0
 755 02d6 00       		.byte	0
 756 02d7 00       		.byte	0
 757 02d8 80       		.byte	-128
 758 02d9 00       		.byte	0
 759 02da 40       		.byte	64
 760 02db 80       		.byte	-128
 761 02dc 80       		.byte	-128
 762 02dd 00       		.byte	0
 763 02de 80       		.byte	-128
 764 02df 00       		.byte	0
 765 02e0 00       		.byte	0
 766 02e1 00       		.byte	0
 767 02e2 00       		.byte	0
 768 02e3 00       		.byte	0
 769 02e4 00       		.byte	0
 770 02e5 0B       		.byte	11
 771 02e6 0B       		.byte	11
 772 02e7 00       		.byte	0
 773 02e8 00       		.byte	0
 774 02e9 00       		.byte	0
 775 02ea 00       		.byte	0
 776 02eb 00       		.byte	0
 777              		.section	.cywolatch,"a",%progbits
 778              		.align	2
 779              		.type	cy_meta_wonvl, %object
 780              		.size	cy_meta_wonvl, 4
 781              	cy_meta_wonvl:
 782 0000 BC       		.byte	-68
 783 0001 90       		.byte	-112
 784 0002 AC       		.byte	-84
 785 0003 AF       		.byte	-81
 786              		.section	.cycustnvl,"a",%progbits
 787              		.align	2
 788              		.type	cy_meta_custnvl, %object
 789              		.size	cy_meta_custnvl, 4
 790              	cy_meta_custnvl:
 791 0000 00       		.byte	0
 792 0001 00       		.byte	0
 793 0002 40       		.byte	64
 794 0003 05       		.byte	5
 795              		.section	.cymeta,"a",%progbits
 796              		.align	2
 797              		.type	cy_metadata, %object
 798              		.size	cy_metadata, 12
ARM GAS  C:\Users\ALBERT~1\AppData\Local\Temp\ccwftWsV.s 			page 15


 799              	cy_metadata:
 800 0000 00       		.byte	0
 801 0001 01       		.byte	1
 802 0002 2E       		.byte	46
 803 0003 16       		.byte	22
 804 0004 10       		.byte	16
 805 0005 69       		.byte	105
 806 0006 00       		.byte	0
 807 0007 01       		.byte	1
 808 0008 00       		.byte	0
 809 0009 00       		.byte	0
 810 000a 00       		.byte	0
 811 000b 00       		.byte	0
 812              		.section	.cyflashprotect,"a",%progbits
 813              		.align	2
 814              		.type	cy_meta_flashprotect, %object
 815              		.size	cy_meta_flashprotect, 256
 816              	cy_meta_flashprotect:
 817 0000 00000000 		.space	256
 817      00000000 
 817      00000000 
 817      00000000 
 817      00000000 
 818              		.text
 819              	.Letext0:
 820              		.file 1 "c:\\program files (x86)\\cypress\\psoc creator\\4.2\\psoc creator\\import\\gnu\\arm\\5.4.
 821              		.file 2 "c:\\program files (x86)\\cypress\\psoc creator\\4.2\\psoc creator\\import\\gnu\\arm\\5.4.
 822              		.file 3 "Generated_Source\\PSoC5\\cymetadata.c"
 823              		.section	.debug_info,"",%progbits
 824              	.Ldebug_info0:
 825 0000 31010000 		.4byte	0x131
 826 0004 0400     		.2byte	0x4
 827 0006 00000000 		.4byte	.Ldebug_abbrev0
 828 000a 04       		.byte	0x4
 829 000b 01       		.uleb128 0x1
 830 000c 7E000000 		.4byte	.LASF17
 831 0010 0C       		.byte	0xc
 832 0011 D8010000 		.4byte	.LASF18
 833 0015 16000000 		.4byte	.LASF19
 834 0019 00000000 		.4byte	.Ldebug_line0
 835 001d 02       		.uleb128 0x2
 836 001e 01       		.byte	0x1
 837 001f 06       		.byte	0x6
 838 0020 CC010000 		.4byte	.LASF0
 839 0024 03       		.uleb128 0x3
 840 0025 00000000 		.4byte	.LASF9
 841 0029 01       		.byte	0x1
 842 002a 1D       		.byte	0x1d
 843 002b 2F000000 		.4byte	0x2f
 844 002f 02       		.uleb128 0x2
 845 0030 01       		.byte	0x1
 846 0031 08       		.byte	0x8
 847 0032 70000000 		.4byte	.LASF1
 848 0036 02       		.uleb128 0x2
 849 0037 02       		.byte	0x2
 850 0038 05       		.byte	0x5
 851 0039 B9010000 		.4byte	.LASF2
ARM GAS  C:\Users\ALBERT~1\AppData\Local\Temp\ccwftWsV.s 			page 16


 852 003d 02       		.uleb128 0x2
 853 003e 02       		.byte	0x2
 854 003f 07       		.byte	0x7
 855 0040 1E010000 		.4byte	.LASF3
 856 0044 02       		.uleb128 0x2
 857 0045 04       		.byte	0x4
 858 0046 05       		.byte	0x5
 859 0047 C3010000 		.4byte	.LASF4
 860 004b 02       		.uleb128 0x2
 861 004c 04       		.byte	0x4
 862 004d 07       		.byte	0x7
 863 004e 0C010000 		.4byte	.LASF5
 864 0052 02       		.uleb128 0x2
 865 0053 08       		.byte	0x8
 866 0054 05       		.byte	0x5
 867 0055 AB010000 		.4byte	.LASF6
 868 0059 02       		.uleb128 0x2
 869 005a 08       		.byte	0x8
 870 005b 07       		.byte	0x7
 871 005c 60010000 		.4byte	.LASF7
 872 0060 04       		.uleb128 0x4
 873 0061 04       		.byte	0x4
 874 0062 05       		.byte	0x5
 875 0063 696E7400 		.ascii	"int\000"
 876 0067 02       		.uleb128 0x2
 877 0068 04       		.byte	0x4
 878 0069 07       		.byte	0x7
 879 006a 53010000 		.4byte	.LASF8
 880 006e 03       		.uleb128 0x3
 881 006f 77010000 		.4byte	.LASF10
 882 0073 02       		.byte	0x2
 883 0074 18       		.byte	0x18
 884 0075 24000000 		.4byte	0x24
 885 0079 05       		.uleb128 0x5
 886 007a 91000000 		.4byte	0x91
 887 007e 8A000000 		.4byte	0x8a
 888 0082 06       		.uleb128 0x6
 889 0083 8A000000 		.4byte	0x8a
 890 0087 EB02     		.2byte	0x2eb
 891 0089 00       		.byte	0
 892 008a 02       		.uleb128 0x2
 893 008b 04       		.byte	0x4
 894 008c 07       		.byte	0x7
 895 008d A2010000 		.4byte	.LASF11
 896 0091 07       		.uleb128 0x7
 897 0092 6E000000 		.4byte	0x6e
 898 0096 08       		.uleb128 0x8
 899 0097 41010000 		.4byte	.LASF12
 900 009b 03       		.byte	0x3
 901 009c 1F       		.byte	0x1f
 902 009d A7000000 		.4byte	0xa7
 903 00a1 05       		.uleb128 0x5
 904 00a2 03       		.byte	0x3
 905 00a3 00000000 		.4byte	cy_meta_configecc
 906 00a7 07       		.uleb128 0x7
 907 00a8 79000000 		.4byte	0x79
 908 00ac 05       		.uleb128 0x5
ARM GAS  C:\Users\ALBERT~1\AppData\Local\Temp\ccwftWsV.s 			page 17


 909 00ad 91000000 		.4byte	0x91
 910 00b1 BC000000 		.4byte	0xbc
 911 00b5 09       		.uleb128 0x9
 912 00b6 8A000000 		.4byte	0x8a
 913 00ba 03       		.byte	0x3
 914 00bb 00       		.byte	0
 915 00bc 08       		.uleb128 0x8
 916 00bd 31010000 		.4byte	.LASF13
 917 00c1 03       		.byte	0x3
 918 00c2 8A       		.byte	0x8a
 919 00c3 CD000000 		.4byte	0xcd
 920 00c7 05       		.uleb128 0x5
 921 00c8 03       		.byte	0x3
 922 00c9 00000000 		.4byte	cy_meta_custnvl
 923 00cd 07       		.uleb128 0x7
 924 00ce AC000000 		.4byte	0xac
 925 00d2 08       		.uleb128 0x8
 926 00d3 94010000 		.4byte	.LASF14
 927 00d7 03       		.byte	0x3
 928 00d8 98       		.byte	0x98
 929 00d9 E3000000 		.4byte	0xe3
 930 00dd 05       		.uleb128 0x5
 931 00de 03       		.byte	0x3
 932 00df 00000000 		.4byte	cy_meta_wonvl
 933 00e3 07       		.uleb128 0x7
 934 00e4 AC000000 		.4byte	0xac
 935 00e8 05       		.uleb128 0x5
 936 00e9 91000000 		.4byte	0x91
 937 00ed F8000000 		.4byte	0xf8
 938 00f1 09       		.uleb128 0x9
 939 00f2 8A000000 		.4byte	0x8a
 940 00f6 FF       		.byte	0xff
 941 00f7 00       		.byte	0
 942 00f8 08       		.uleb128 0x8
 943 00f9 7F010000 		.4byte	.LASF15
 944 00fd 03       		.byte	0x3
 945 00fe A6       		.byte	0xa6
 946 00ff 09010000 		.4byte	0x109
 947 0103 05       		.uleb128 0x5
 948 0104 03       		.byte	0x3
 949 0105 00000000 		.4byte	cy_meta_flashprotect
 950 0109 07       		.uleb128 0x7
 951 010a E8000000 		.4byte	0xe8
 952 010e 05       		.uleb128 0x5
 953 010f 91000000 		.4byte	0x91
 954 0113 1E010000 		.4byte	0x11e
 955 0117 09       		.uleb128 0x9
 956 0118 8A000000 		.4byte	0x8a
 957 011c 0B       		.byte	0xb
 958 011d 00       		.byte	0
 959 011e 08       		.uleb128 0x8
 960 011f 0A000000 		.4byte	.LASF16
 961 0123 03       		.byte	0x3
 962 0124 D3       		.byte	0xd3
 963 0125 2F010000 		.4byte	0x12f
 964 0129 05       		.uleb128 0x5
 965 012a 03       		.byte	0x3
ARM GAS  C:\Users\ALBERT~1\AppData\Local\Temp\ccwftWsV.s 			page 18


 966 012b 00000000 		.4byte	cy_metadata
 967 012f 07       		.uleb128 0x7
 968 0130 0E010000 		.4byte	0x10e
 969 0134 00       		.byte	0
 970              		.section	.debug_abbrev,"",%progbits
 971              	.Ldebug_abbrev0:
 972 0000 01       		.uleb128 0x1
 973 0001 11       		.uleb128 0x11
 974 0002 01       		.byte	0x1
 975 0003 25       		.uleb128 0x25
 976 0004 0E       		.uleb128 0xe
 977 0005 13       		.uleb128 0x13
 978 0006 0B       		.uleb128 0xb
 979 0007 03       		.uleb128 0x3
 980 0008 0E       		.uleb128 0xe
 981 0009 1B       		.uleb128 0x1b
 982 000a 0E       		.uleb128 0xe
 983 000b 10       		.uleb128 0x10
 984 000c 17       		.uleb128 0x17
 985 000d 00       		.byte	0
 986 000e 00       		.byte	0
 987 000f 02       		.uleb128 0x2
 988 0010 24       		.uleb128 0x24
 989 0011 00       		.byte	0
 990 0012 0B       		.uleb128 0xb
 991 0013 0B       		.uleb128 0xb
 992 0014 3E       		.uleb128 0x3e
 993 0015 0B       		.uleb128 0xb
 994 0016 03       		.uleb128 0x3
 995 0017 0E       		.uleb128 0xe
 996 0018 00       		.byte	0
 997 0019 00       		.byte	0
 998 001a 03       		.uleb128 0x3
 999 001b 16       		.uleb128 0x16
 1000 001c 00       		.byte	0
 1001 001d 03       		.uleb128 0x3
 1002 001e 0E       		.uleb128 0xe
 1003 001f 3A       		.uleb128 0x3a
 1004 0020 0B       		.uleb128 0xb
 1005 0021 3B       		.uleb128 0x3b
 1006 0022 0B       		.uleb128 0xb
 1007 0023 49       		.uleb128 0x49
 1008 0024 13       		.uleb128 0x13
 1009 0025 00       		.byte	0
 1010 0026 00       		.byte	0
 1011 0027 04       		.uleb128 0x4
 1012 0028 24       		.uleb128 0x24
 1013 0029 00       		.byte	0
 1014 002a 0B       		.uleb128 0xb
 1015 002b 0B       		.uleb128 0xb
 1016 002c 3E       		.uleb128 0x3e
 1017 002d 0B       		.uleb128 0xb
 1018 002e 03       		.uleb128 0x3
 1019 002f 08       		.uleb128 0x8
 1020 0030 00       		.byte	0
 1021 0031 00       		.byte	0
 1022 0032 05       		.uleb128 0x5
ARM GAS  C:\Users\ALBERT~1\AppData\Local\Temp\ccwftWsV.s 			page 19


 1023 0033 01       		.uleb128 0x1
 1024 0034 01       		.byte	0x1
 1025 0035 49       		.uleb128 0x49
 1026 0036 13       		.uleb128 0x13
 1027 0037 01       		.uleb128 0x1
 1028 0038 13       		.uleb128 0x13
 1029 0039 00       		.byte	0
 1030 003a 00       		.byte	0
 1031 003b 06       		.uleb128 0x6
 1032 003c 21       		.uleb128 0x21
 1033 003d 00       		.byte	0
 1034 003e 49       		.uleb128 0x49
 1035 003f 13       		.uleb128 0x13
 1036 0040 2F       		.uleb128 0x2f
 1037 0041 05       		.uleb128 0x5
 1038 0042 00       		.byte	0
 1039 0043 00       		.byte	0
 1040 0044 07       		.uleb128 0x7
 1041 0045 26       		.uleb128 0x26
 1042 0046 00       		.byte	0
 1043 0047 49       		.uleb128 0x49
 1044 0048 13       		.uleb128 0x13
 1045 0049 00       		.byte	0
 1046 004a 00       		.byte	0
 1047 004b 08       		.uleb128 0x8
 1048 004c 34       		.uleb128 0x34
 1049 004d 00       		.byte	0
 1050 004e 03       		.uleb128 0x3
 1051 004f 0E       		.uleb128 0xe
 1052 0050 3A       		.uleb128 0x3a
 1053 0051 0B       		.uleb128 0xb
 1054 0052 3B       		.uleb128 0x3b
 1055 0053 0B       		.uleb128 0xb
 1056 0054 49       		.uleb128 0x49
 1057 0055 13       		.uleb128 0x13
 1058 0056 3F       		.uleb128 0x3f
 1059 0057 19       		.uleb128 0x19
 1060 0058 02       		.uleb128 0x2
 1061 0059 18       		.uleb128 0x18
 1062 005a 00       		.byte	0
 1063 005b 00       		.byte	0
 1064 005c 09       		.uleb128 0x9
 1065 005d 21       		.uleb128 0x21
 1066 005e 00       		.byte	0
 1067 005f 49       		.uleb128 0x49
 1068 0060 13       		.uleb128 0x13
 1069 0061 2F       		.uleb128 0x2f
 1070 0062 0B       		.uleb128 0xb
 1071 0063 00       		.byte	0
 1072 0064 00       		.byte	0
 1073 0065 00       		.byte	0
 1074              		.section	.debug_aranges,"",%progbits
 1075 0000 14000000 		.4byte	0x14
 1076 0004 0200     		.2byte	0x2
 1077 0006 00000000 		.4byte	.Ldebug_info0
 1078 000a 04       		.byte	0x4
 1079 000b 00       		.byte	0
ARM GAS  C:\Users\ALBERT~1\AppData\Local\Temp\ccwftWsV.s 			page 20


 1080 000c 0000     		.2byte	0
 1081 000e 0000     		.2byte	0
 1082 0010 00000000 		.4byte	0
 1083 0014 00000000 		.4byte	0
 1084              		.section	.debug_line,"",%progbits
 1085              	.Ldebug_line0:
 1086 0000 3D010000 		.section	.debug_str,"MS",%progbits,1
 1086      02003701 
 1086      00000201 
 1086      FB0E0D00 
 1086      01010101 
 1087              	.LASF9:
 1088 0000 5F5F7569 		.ascii	"__uint8_t\000"
 1088      6E74385F 
 1088      7400
 1089              	.LASF16:
 1090 000a 63795F6D 		.ascii	"cy_metadata\000"
 1090      65746164 
 1090      61746100 
 1091              	.LASF19:
 1092 0016 433A5C55 		.ascii	"C:\\Users\\Albert Sandager\\Documents\\GitHub\\P4-V"
 1092      73657273 
 1092      5C416C62 
 1092      65727420 
 1092      53616E64 
 1093 0044 69657743 		.ascii	"iewCare\\PSoC\\Outputpinseks\\UARTalbert.cydsn\000"
 1093      6172655C 
 1093      50536F43 
 1093      5C4F7574 
 1093      70757470 
 1094              	.LASF1:
 1095 0070 756E7369 		.ascii	"unsigned char\000"
 1095      676E6564 
 1095      20636861 
 1095      7200
 1096              	.LASF17:
 1097 007e 474E5520 		.ascii	"GNU C11 5.4.1 20160609 (release) [ARM/embedded-5-br"
 1097      43313120 
 1097      352E342E 
 1097      31203230 
 1097      31363036 
 1098 00b1 616E6368 		.ascii	"anch revision 237715] -mcpu=cortex-m3 -mthumb -g -O"
 1098      20726576 
 1098      6973696F 
 1098      6E203233 
 1098      37373135 
 1099 00e4 67202D66 		.ascii	"g -ffunction-sections -ffat-lto-objects\000"
 1099      66756E63 
 1099      74696F6E 
 1099      2D736563 
 1099      74696F6E 
 1100              	.LASF5:
 1101 010c 6C6F6E67 		.ascii	"long unsigned int\000"
 1101      20756E73 
 1101      69676E65 
 1101      6420696E 
 1101      7400
ARM GAS  C:\Users\ALBERT~1\AppData\Local\Temp\ccwftWsV.s 			page 21


 1102              	.LASF3:
 1103 011e 73686F72 		.ascii	"short unsigned int\000"
 1103      7420756E 
 1103      7369676E 
 1103      65642069 
 1103      6E7400
 1104              	.LASF13:
 1105 0131 63795F6D 		.ascii	"cy_meta_custnvl\000"
 1105      6574615F 
 1105      63757374 
 1105      6E766C00 
 1106              	.LASF12:
 1107 0141 63795F6D 		.ascii	"cy_meta_configecc\000"
 1107      6574615F 
 1107      636F6E66 
 1107      69676563 
 1107      6300
 1108              	.LASF8:
 1109 0153 756E7369 		.ascii	"unsigned int\000"
 1109      676E6564 
 1109      20696E74 
 1109      00
 1110              	.LASF7:
 1111 0160 6C6F6E67 		.ascii	"long long unsigned int\000"
 1111      206C6F6E 
 1111      6720756E 
 1111      7369676E 
 1111      65642069 
 1112              	.LASF10:
 1113 0177 75696E74 		.ascii	"uint8_t\000"
 1113      385F7400 
 1114              	.LASF15:
 1115 017f 63795F6D 		.ascii	"cy_meta_flashprotect\000"
 1115      6574615F 
 1115      666C6173 
 1115      6870726F 
 1115      74656374 
 1116              	.LASF14:
 1117 0194 63795F6D 		.ascii	"cy_meta_wonvl\000"
 1117      6574615F 
 1117      776F6E76 
 1117      6C00
 1118              	.LASF11:
 1119 01a2 73697A65 		.ascii	"sizetype\000"
 1119      74797065 
 1119      00
 1120              	.LASF6:
 1121 01ab 6C6F6E67 		.ascii	"long long int\000"
 1121      206C6F6E 
 1121      6720696E 
 1121      7400
 1122              	.LASF2:
 1123 01b9 73686F72 		.ascii	"short int\000"
 1123      7420696E 
 1123      7400
 1124              	.LASF4:
 1125 01c3 6C6F6E67 		.ascii	"long int\000"
ARM GAS  C:\Users\ALBERT~1\AppData\Local\Temp\ccwftWsV.s 			page 22


 1125      20696E74 
 1125      00
 1126              	.LASF0:
 1127 01cc 7369676E 		.ascii	"signed char\000"
 1127      65642063 
 1127      68617200 
 1128              	.LASF18:
 1129 01d8 47656E65 		.ascii	"Generated_Source\\PSoC5\\cymetadata.c\000"
 1129      72617465 
 1129      645F536F 
 1129      75726365 
 1129      5C50536F 
 1130              		.ident	"GCC: (GNU Tools for ARM Embedded Processors) 5.4.1 20160609 (release) [ARM/embedded-5-bran
