--------------- Build Started: 04/01/2019 09:00:58 Project: SDCard, Configuration: ARM GCC 5.4-2016-q2-update Debug ---------------
cydsfit.exe -.appdatapath "C:\Users\Albert Sandager\AppData\Local\Cypress Semiconductor\PSoC Creator\4.2" -.fdsnotice -.fdswarpdepfile=warp_dependencies.txt -.fdselabdepfile=elab_dependencies.txt -.fdsbldfile=generated_files.txt -.fdsreffile=referenced_files.txt -p "C:\Users\Albert Sandager\Documents\GitHub\P4-ViewCare\PSoC\SDCard\SDCard.cydsn\SDCard.cyprj" -d CY8C5888LTI-LP097 -s "C:\Users\Albert Sandager\Documents\GitHub\P4-ViewCare\PSoC\SDCard\SDCard.cydsn\Generated_Source\PSoC5" -- -yv2 -q10 -ygs -o2 -v3 -.fftcfgtype=LE
Elaborating Design...
HDL Generation...
Synthesis...
Tech Mapping...
Analog Placement...
Analog Routing...
Analog Code Generation...
Digital Placement...
Digital Routing...
Bitstream Generation...
Bitstream Verification...
Static timing analysis...
API Generation...
Dependency Generation...
Cleanup...
arm-none-eabi-gcc.exe -mcpu=cortex-m3 -mthumb -I..\emFile_V322c\emFile_V322c\Code\Include\PSoC5 -I..\emFile_V322c\emFile_V322c\Code\Include\PSoC5\emf32nOS -I. -IGenerated_Source\PSoC5 -Wa,-alh=.\CortexM3\ARM_GCC_541\Debug/main.lst -g -Wall -ffunction-sections -ffat-lto-objects -O0 -c main.c -o .\CortexM3\ARM_GCC_541\Debug\main.o
arm-none-eabi-gcc.exe -mcpu=cortex-m3 -mthumb -I..\emFile_V322c\emFile_V322c\Code\Include\PSoC5 -I..\emFile_V322c\emFile_V322c\Code\Include\PSoC5\emf32nOS -I. -IGenerated_Source\PSoC5 -Wa,-alh=.\CortexM3\ARM_GCC_541\Debug/cyfitter_cfg.lst -g -Wall -ffunction-sections -ffat-lto-objects -O0 -c Generated_Source\PSoC5\cyfitter_cfg.c -o .\CortexM3\ARM_GCC_541\Debug\cyfitter_cfg.o
arm-none-eabi-gcc.exe -mcpu=cortex-m3 -mthumb -I..\emFile_V322c\emFile_V322c\Code\Include\PSoC5 -I..\emFile_V322c\emFile_V322c\Code\Include\PSoC5\emf32nOS -I. -IGenerated_Source\PSoC5 -Wa,-alh=.\CortexM3\ARM_GCC_541\Debug/cymetadata.lst -g -Wall -ffunction-sections -ffat-lto-objects -O0 -c Generated_Source\PSoC5\cymetadata.c -o .\CortexM3\ARM_GCC_541\Debug\cymetadata.o
arm-none-eabi-ar.exe -rs .\CortexM3\ARM_GCC_541\Debug\SDCard.a .\CortexM3\ARM_GCC_541\Debug\emFile_ConfigMMC_SPI.o .\CortexM3\ARM_GCC_541\Debug\emFile_MMC_HW_SPI.o .\CortexM3\ARM_GCC_541\Debug\emFile_PM.o .\CortexM3\ARM_GCC_541\Debug\LCD.o .\CortexM3\ARM_GCC_541\Debug\LCD_PM.o .\CortexM3\ARM_GCC_541\Debug\emFile_SPI0.o .\CortexM3\ARM_GCC_541\Debug\emFile_SPI0_PM.o .\CortexM3\ARM_GCC_541\Debug\emFile_SPI0_INT.o .\CortexM3\ARM_GCC_541\Debug\emFile_mosi0.o .\CortexM3\ARM_GCC_541\Debug\emFile_Clock_1.o .\CortexM3\ARM_GCC_541\Debug\emFile_miso0.o .\CortexM3\ARM_GCC_541\Debug\emFile_sclk0.o .\CortexM3\ARM_GCC_541\Debug\emFile_SPI0_CS.o .\CortexM3\ARM_GCC_541\Debug\LCD_LCDPort.o .\CortexM3\ARM_GCC_541\Debug\CyDmac.o .\CortexM3\ARM_GCC_541\Debug\CyFlash.o .\CortexM3\ARM_GCC_541\Debug\CyLib.o .\CortexM3\ARM_GCC_541\Debug\cyPm.o .\CortexM3\ARM_GCC_541\Debug\CySpc.o .\CortexM3\ARM_GCC_541\Debug\cyutils.o .\CortexM3\ARM_GCC_541\Debug\cy_em_eeprom.o .\CortexM3\ARM_GCC_541\Debug\CyBootAsmGnu.o
arm-none-eabi-ar.exe: creating .\CortexM3\ARM_GCC_541\Debug\SDCard.a
arm-none-eabi-gcc.exe -Wl,--start-group -o "C:\Users\Albert Sandager\Documents\GitHub\P4-ViewCare\PSoC\SDCard\SDCard.cydsn\CortexM3\ARM_GCC_541\Debug\SDCard.elf" .\CortexM3\ARM_GCC_541\Debug\main.o .\CortexM3\ARM_GCC_541\Debug\cyfitter_cfg.o .\CortexM3\ARM_GCC_541\Debug\cymetadata.o .\CortexM3\ARM_GCC_541\Debug\Cm3Start.o .\CortexM3\ARM_GCC_541\Debug\SDCard.a "C:\Program Files (x86)\Cypress\PSoC Creator\4.2\PSoC Creator\psoc\content\cycomponentlibrary\CyComponentLibrary.cylib\CortexM3\ARM_GCC_541\Debug\CyComponentLibrary.a" -mcpu=cortex-m3 -mthumb -l emf32nosnlfn -L Generated_Source\PSoC5 -L ..\emFile_V322c\emFile_V322c\LinkLibrary\PSoC5\GCC -Wl,-Map,.\CortexM3\ARM_GCC_541\Debug/SDCard.map -T Generated_Source\PSoC5\cm3gcc.ld -specs=nano.specs -Wl,--gc-sections -g -ffunction-sections -O0 -ffat-lto-objects -Wl,--end-group
cyelftool.exe -C "C:\Users\Albert Sandager\Documents\GitHub\P4-ViewCare\PSoC\SDCard\SDCard.cydsn\CortexM3\ARM_GCC_541\Debug\SDCard.elf" --flash_row_size 256 --flash_size 262144 --flash_offset 0x00000000
No ELF section .cychecksum found, creating one
Application checksum calculated and stored in ELF section .cychecksum
Checksum calculated and stored in ELF section .cymeta
cyelftool.exe -S "C:\Users\Albert Sandager\Documents\GitHub\P4-ViewCare\PSoC\SDCard\SDCard.cydsn\CortexM3\ARM_GCC_541\Debug\SDCard.elf"
Flash used: 21926 of 262144 bytes (8,4 %).
SRAM used: 6829 of 65536 bytes (10,4 %). Stack: 2048 bytes. Heap: 128 bytes.
--------------- Build Succeeded: 04/01/2019 09:01:13 ---------------
